{
"contracts\\BitGold.sol":{"l":{"18":21,"19":21,"24":8,"25":8},"path":"D:\\Blockchain\\wildlands\\code\\contracts\\BitGold.sol","s":{"1":21,"2":21,"3":8,"4":8},"b":{"1":[8,1]},"f":{"1":21,"2":8},"fnMap":{"1":{"name":"constructor","line":17,"loc":{"start":{"line":17,"column":4},"end":{"line":20,"column":4}}},"2":{"name":"mint","line":23,"loc":{"start":{"line":23,"column":4},"end":{"line":26,"column":4}}}},"statementMap":{"1":{"start":{"line":18,"column":8},"end":{"line":18,"column":46}},"2":{"start":{"line":19,"column":8},"end":{"line":19,"column":49}},"3":{"start":{"line":24,"column":8},"end":{"line":24,"column":26}},"4":{"start":{"line":25,"column":8},"end":{"line":25,"column":35}}},"branchMap":{"1":{"line":23,"type":"if","locations":[{"start":{"line":23,"column":56},"end":{"line":23,"column":56}},{"start":{"line":23,"column":56},"end":{"line":23,"column":56}}]}}},
"contracts\\BITMaster.sol":{"l":{"107":3,"108":3,"109":3,"110":3,"113":3,"125":3,"126":3,"135":71,"136":67,"140":2,"147":18,"148":17,"156":15,"157":14,"170":17,"171":16,"172":15,"173":14,"174":13,"175":12,"176":11,"179":12,"181":12,"182":12,"184":12,"196":12,"197":12,"198":12,"208":10,"209":9,"210":8,"211":7,"212":6,"213":5,"214":1,"215":5,"217":5,"218":5,"219":5,"220":5,"221":5,"222":5,"223":5,"224":5,"225":1,"226":1,"228":5,"235":2,"242":14,"243":14,"244":14,"252":13,"253":13,"254":13,"255":13,"258":13,"259":13,"260":13,"261":13,"269":16,"270":1,"271":15,"281":19,"282":3,"284":16,"286":16,"287":16,"294":4,"302":8,"309":36,"310":36,"311":1,"313":35,"314":35,"315":28,"316":28,"318":7,"320":7,"321":7,"322":7,"324":7,"326":7,"328":7,"330":7,"332":7,"340":11,"342":11,"343":11,"344":11,"345":11,"346":2,"348":2,"349":2,"351":11,"358":18,"359":18,"360":18,"361":18,"362":16,"364":2,"377":22,"389":7,"391":7,"392":1,"395":3,"399":1,"403":1,"406":1,"416":8,"417":7,"418":6,"419":6,"429":13,"430":13,"432":13,"433":12,"435":13,"437":12,"438":12,"439":12,"440":12,"441":12,"443":1,"444":1,"446":1,"449":12,"461":14,"462":14,"463":14,"464":14,"466":2,"467":2,"468":2,"471":14,"472":14,"473":13,"474":13,"476":13,"477":13,"478":13,"480":13,"481":13,"483":12,"484":12,"485":12,"488":13,"490":13,"492":13,"494":13,"497":14,"498":14,"508":4,"509":4,"510":4,"512":2,"513":1,"514":1,"515":1,"516":1,"518":1,"520":1,"521":1,"522":1,"523":1,"524":1,"525":1,"528":1,"531":1,"532":1,"543":2,"544":2,"545":2,"546":2,"547":2,"548":2,"549":2,"550":2,"551":1,"552":1,"556":1,"559":1,"562":2,"571":10,"579":3,"580":2,"581":1,"582":1,"593":26,"597":25,"601":24,"602":24,"603":24,"605":24,"606":24,"616":2,"618":1,"620":2,"621":2,"631":1,"632":1,"642":1,"643":1},"path":"D:\\Blockchain\\wildlands\\code\\contracts\\BITMaster.sol","s":{"1":3,"2":71,"3":2,"4":18,"5":15,"6":17,"7":16,"8":15,"9":14,"10":13,"11":12,"12":11,"13":12,"14":12,"15":12,"16":12,"17":12,"18":10,"19":9,"20":8,"21":7,"22":6,"23":5,"24":1,"25":5,"26":5,"27":1,"28":5,"29":2,"30":14,"31":14,"32":14,"33":13,"34":13,"35":13,"36":13,"37":16,"38":1,"39":15,"40":19,"41":3,"42":16,"43":16,"44":16,"45":4,"46":8,"47":36,"48":36,"49":1,"50":35,"51":35,"52":28,"53":7,"54":7,"55":7,"56":7,"57":7,"58":7,"59":11,"60":11,"61":11,"62":11,"63":11,"64":2,"65":2,"66":11,"67":18,"68":18,"69":18,"70":18,"71":16,"72":2,"73":22,"74":7,"75":7,"76":1,"77":6,"78":3,"79":3,"80":1,"81":2,"82":1,"83":1,"84":8,"85":7,"86":6,"87":13,"88":13,"89":13,"90":12,"91":13,"92":12,"93":12,"94":12,"95":12,"96":12,"97":1,"98":1,"99":12,"100":14,"101":14,"102":14,"103":14,"104":2,"105":2,"106":2,"107":14,"108":14,"109":13,"110":13,"111":13,"112":13,"113":13,"114":13,"115":12,"116":12,"117":14,"118":4,"119":4,"120":4,"121":2,"122":1,"123":1,"124":1,"125":1,"126":1,"127":1,"128":1,"129":1,"130":1,"131":1,"132":1,"133":2,"134":2,"135":2,"136":2,"137":2,"138":2,"139":1,"140":1,"141":1,"142":2,"143":10,"144":3,"145":2,"146":1,"147":26,"148":25,"149":24,"150":24,"151":24,"152":2,"153":1,"154":2,"155":1,"156":1},"b":{"1":[67,4],"2":[17,1],"3":[14,1],"4":[3,11],"5":[18,0],"6":[17,1],"7":[16,1],"8":[15,1],"9":[14,1],"10":[13,1],"11":[12,1],"12":[11,1],"13":[12,0],"14":[11,0],"15":[10,1],"16":[9,1],"17":[8,1],"18":[7,1],"19":[6,1],"20":[5,1],"21":[1,4],"22":[1,4],"23":[2,0],"24":[13,0],"25":[1,15],"26":[3,16],"27":[2,1],"28":[8,0],"29":[36,2],"30":[1,35],"31":[28,7],"32":[28,0],"33":[7,0],"34":[2,9],"35":[16,2],"36":[3,12],"37":[12,1],"38":[1,6],"39":[3,3],"40":[1,2],"41":[1,1],"42":[8,0],"43":[7,1],"44":[6,1],"45":[12,1],"46":[12,1],"47":[1,11],"48":[15,1],"49":[15,0],"50":[14,1],"51":[2,12],"52":[2,0],"53":[13,1],"54":[12,1],"55":[4,0],"56":[4,0],"57":[2,2],"58":[1,1],"59":[1,0],"60":[1,0],"61":[1,0],"62":[2,0],"63":[2,0],"64":[2,0],"65":[1,1],"66":[1,0],"67":[2,1],"68":[1,1],"69":[26,1],"70":[25,1],"71":[24,1],"72":[2,1],"73":[1,1],"74":[1,1],"75":[1,1]},"f":{"1":3,"2":71,"3":2,"4":18,"5":15,"6":17,"7":10,"8":2,"9":14,"10":13,"11":16,"12":19,"13":4,"14":8,"15":36,"16":11,"17":18,"18":22,"19":7,"20":8,"21":13,"22":14,"23":4,"24":2,"25":10,"26":3,"27":26,"28":2,"29":1,"30":1},"fnMap":{"1":{"name":"constructor","line":101,"loc":{"start":{"line":101,"column":4},"end":{"line":127,"column":4}}},"2":{"name":"validatePool","line":134,"loc":{"start":{"line":134,"column":4},"end":{"line":137,"column":4}}},"3":{"name":"poolLength","line":139,"loc":{"start":{"line":139,"column":4},"end":{"line":141,"column":4}}},"4":{"name":"nonDuplicated","line":146,"loc":{"start":{"line":146,"column":4},"end":{"line":149,"column":4}}},"5":{"name":"requireMembership","line":154,"loc":{"start":{"line":154,"column":4},"end":{"line":158,"column":4}}},"6":{"name":"add","line":169,"loc":{"start":{"line":169,"column":4},"end":{"line":199,"column":4}}},"7":{"name":"set","line":207,"loc":{"start":{"line":207,"column":4},"end":{"line":229,"column":4}}},"8":{"name":"massUpdatePools","line":234,"loc":{"start":{"line":234,"column":4},"end":{"line":236,"column":4}}},"9":{"name":"_massUpdatePools","line":241,"loc":{"start":{"line":241,"column":4},"end":{"line":246,"column":4}}},"10":{"name":"updateStakingPool","line":251,"loc":{"start":{"line":251,"column":4},"end":{"line":263,"column":4}}},"11":{"name":"getMultiplier","line":268,"loc":{"start":{"line":268,"column":4},"end":{"line":272,"column":4}}},"12":{"name":"applyHalfing","line":278,"loc":{"start":{"line":278,"column":4},"end":{"line":288,"column":4}}},"13":{"name":"mintingInfo","line":293,"loc":{"start":{"line":293,"column":4},"end":{"line":295,"column":4}}},"14":{"name":"updatePool","line":301,"loc":{"start":{"line":301,"column":4},"end":{"line":303,"column":4}}},"15":{"name":"_updatePool","line":308,"loc":{"start":{"line":308,"column":4},"end":{"line":333,"column":4}}},"16":{"name":"pendingBit","line":338,"loc":{"start":{"line":338,"column":4},"end":{"line":352,"column":4}}},"17":{"name":"timeToUnlock","line":357,"loc":{"start":{"line":357,"column":4},"end":{"line":365,"column":4}}},"18":{"name":"isMember","line":374,"loc":{"start":{"line":374,"column":4},"end":{"line":378,"column":4}}},"19":{"name":"getAffiliateBasePoints","line":387,"loc":{"start":{"line":387,"column":4},"end":{"line":407,"column":4}}},"20":{"name":"setCode","line":415,"loc":{"start":{"line":415,"column":4},"end":{"line":420,"column":4}}},"21":{"name":"handleFee","line":428,"loc":{"start":{"line":428,"column":4},"end":{"line":451,"column":4}}},"22":{"name":"deposit","line":460,"loc":{"start":{"line":460,"column":4},"end":{"line":499,"column":4}}},"23":{"name":"withdraw","line":507,"loc":{"start":{"line":507,"column":4},"end":{"line":533,"column":4}}},"24":{"name":"emergencyWithdraw","line":542,"loc":{"start":{"line":542,"column":4},"end":{"line":563,"column":4}}},"25":{"name":"safeBitTransfer","line":570,"loc":{"start":{"line":570,"column":4},"end":{"line":572,"column":4}}},"26":{"name":"tres","line":578,"loc":{"start":{"line":578,"column":4},"end":{"line":583,"column":4}}},"27":{"name":"setStartblock","line":592,"loc":{"start":{"line":592,"column":4},"end":{"line":607,"column":4}}},"28":{"name":"setPaused","line":614,"loc":{"start":{"line":614,"column":4},"end":{"line":622,"column":4}}},"29":{"name":"whiteListAddress","line":628,"loc":{"start":{"line":628,"column":4},"end":{"line":633,"column":4}}},"30":{"name":"excludeFromFees","line":639,"loc":{"start":{"line":639,"column":4},"end":{"line":644,"column":4}}}},"statementMap":{"1":{"start":{"line":113,"column":8},"end":{"line":113,"column":5028}},"2":{"start":{"line":135,"column":8},"end":{"line":135,"column":68}},"3":{"start":{"line":140,"column":8},"end":{"line":140,"column":30}},"4":{"start":{"line":147,"column":8},"end":{"line":147,"column":70}},"5":{"start":{"line":156,"column":8},"end":{"line":156,"column":113}},"6":{"start":{"line":170,"column":8},"end":{"line":170,"column":93}},"7":{"start":{"line":171,"column":8},"end":{"line":171,"column":96}},"8":{"start":{"line":172,"column":8},"end":{"line":172,"column":95}},"9":{"start":{"line":173,"column":8},"end":{"line":173,"column":99}},"10":{"start":{"line":174,"column":8},"end":{"line":174,"column":100}},"11":{"start":{"line":175,"column":8},"end":{"line":175,"column":7585}},"12":{"start":{"line":176,"column":12},"end":{"line":176,"column":29}},"13":{"start":{"line":179,"column":8},"end":{"line":179,"column":38}},"14":{"start":{"line":181,"column":8},"end":{"line":181,"column":87}},"15":{"start":{"line":184,"column":8},"end":{"line":184,"column":7993}},"16":{"start":{"line":197,"column":8},"end":{"line":197,"column":26}},"17":{"start":{"line":198,"column":8},"end":{"line":198,"column":152}},"18":{"start":{"line":208,"column":8},"end":{"line":208,"column":93}},"19":{"start":{"line":209,"column":8},"end":{"line":209,"column":96}},"20":{"start":{"line":210,"column":8},"end":{"line":210,"column":95}},"21":{"start":{"line":211,"column":8},"end":{"line":211,"column":99}},"22":{"start":{"line":212,"column":8},"end":{"line":212,"column":100}},"23":{"start":{"line":213,"column":8},"end":{"line":213,"column":9892}},"24":{"start":{"line":214,"column":12},"end":{"line":214,"column":28}},"25":{"start":{"line":215,"column":8},"end":{"line":215,"column":58}},"26":{"start":{"line":224,"column":8},"end":{"line":224,"column":10414}},"27":{"start":{"line":226,"column":12},"end":{"line":226,"column":30}},"28":{"start":{"line":228,"column":8},"end":{"line":228,"column":141}},"29":{"start":{"line":235,"column":8},"end":{"line":235,"column":25}},"30":{"start":{"line":242,"column":8},"end":{"line":242,"column":40}},"31":{"start":{"line":243,"column":8},"end":{"line":243,"column":11167}},"32":{"start":{"line":244,"column":12},"end":{"line":244,"column":27}},"33":{"start":{"line":252,"column":8},"end":{"line":252,"column":40}},"34":{"start":{"line":253,"column":8},"end":{"line":253,"column":26}},"35":{"start":{"line":254,"column":8},"end":{"line":254,"column":11467}},"36":{"start":{"line":258,"column":8},"end":{"line":258,"column":11655}},"37":{"start":{"line":269,"column":8},"end":{"line":269,"column":12101}},"38":{"start":{"line":270,"column":12},"end":{"line":270,"column":20}},"39":{"start":{"line":271,"column":8},"end":{"line":271,"column":29}},"40":{"start":{"line":281,"column":8},"end":{"line":281,"column":12558}},"41":{"start":{"line":282,"column":12},"end":{"line":282,"column":20}},"42":{"start":{"line":284,"column":8},"end":{"line":284,"column":70}},"43":{"start":{"line":286,"column":8},"end":{"line":286,"column":54}},"44":{"start":{"line":287,"column":8},"end":{"line":287,"column":32}},"45":{"start":{"line":294,"column":2},"end":{"line":294,"column":61}},"46":{"start":{"line":302,"column":8},"end":{"line":302,"column":24}},"47":{"start":{"line":309,"column":8},"end":{"line":309,"column":46}},"48":{"start":{"line":310,"column":8},"end":{"line":310,"column":13565}},"49":{"start":{"line":311,"column":12},"end":{"line":311,"column":18}},"50":{"start":{"line":313,"column":8},"end":{"line":313,"column":67}},"51":{"start":{"line":314,"column":8},"end":{"line":314,"column":13720}},"52":{"start":{"line":316,"column":12},"end":{"line":316,"column":18}},"53":{"start":{"line":318,"column":8},"end":{"line":318,"column":78}},"54":{"start":{"line":320,"column":8},"end":{"line":320,"column":114}},"55":{"start":{"line":321,"column":8},"end":{"line":321,"column":14077}},"56":{"start":{"line":322,"column":12},"end":{"line":322,"column":48}},"57":{"start":{"line":324,"column":12},"end":{"line":324,"column":44}},"58":{"start":{"line":326,"column":12},"end":{"line":326,"column":50}},"59":{"start":{"line":340,"column":8},"end":{"line":340,"column":46}},"60":{"start":{"line":342,"column":8},"end":{"line":342,"column":53}},"61":{"start":{"line":343,"column":8},"end":{"line":343,"column":54}},"62":{"start":{"line":344,"column":8},"end":{"line":344,"column":67}},"63":{"start":{"line":345,"column":8},"end":{"line":345,"column":15139}},"64":{"start":{"line":346,"column":12},"end":{"line":346,"column":82}},"65":{"start":{"line":348,"column":12},"end":{"line":348,"column":118}},"66":{"start":{"line":351,"column":8},"end":{"line":351,"column":95}},"67":{"start":{"line":358,"column":8},"end":{"line":358,"column":53}},"68":{"start":{"line":359,"column":8},"end":{"line":359,"column":46}},"69":{"start":{"line":360,"column":8},"end":{"line":360,"column":66}},"70":{"start":{"line":361,"column":8},"end":{"line":361,"column":16118}},"71":{"start":{"line":362,"column":12},"end":{"line":362,"column":20}},"72":{"start":{"line":364,"column":12},"end":{"line":364,"column":54}},"73":{"start":{"line":377,"column":8},"end":{"line":377,"column":110}},"74":{"start":{"line":389,"column":8},"end":{"line":389,"column":74}},"75":{"start":{"line":391,"column":8},"end":{"line":391,"column":17453}},"76":{"start":{"line":392,"column":12},"end":{"line":392,"column":20}},"77":{"start":{"line":393,"column":13},"end":{"line":393,"column":17508}},"78":{"start":{"line":395,"column":12},"end":{"line":395,"column":21}},"79":{"start":{"line":397,"column":13},"end":{"line":397,"column":17619}},"80":{"start":{"line":399,"column":12},"end":{"line":399,"column":21}},"81":{"start":{"line":401,"column":13},"end":{"line":401,"column":17731}},"82":{"start":{"line":403,"column":12},"end":{"line":403,"column":21}},"83":{"start":{"line":406,"column":8},"end":{"line":406,"column":16}},"84":{"start":{"line":416,"column":8},"end":{"line":416,"column":84}},"85":{"start":{"line":417,"column":8},"end":{"line":417,"column":103}},"86":{"start":{"line":419,"column":8},"end":{"line":419,"column":39}},"87":{"start":{"line":429,"column":8},"end":{"line":429,"column":46}},"88":{"start":{"line":430,"column":8},"end":{"line":430,"column":38}},"89":{"start":{"line":432,"column":8},"end":{"line":432,"column":19086}},"90":{"start":{"line":433,"column":12},"end":{"line":433,"column":54}},"91":{"start":{"line":435,"column":8},"end":{"line":435,"column":19202}},"92":{"start":{"line":437,"column":12},"end":{"line":437,"column":64}},"93":{"start":{"line":438,"column":12},"end":{"line":438,"column":48}},"94":{"start":{"line":439,"column":12},"end":{"line":439,"column":65}},"95":{"start":{"line":440,"column":12},"end":{"line":440,"column":36}},"96":{"start":{"line":441,"column":12},"end":{"line":441,"column":19513}},"97":{"start":{"line":443,"column":16},"end":{"line":443,"column":80}},"98":{"start":{"line":446,"column":16},"end":{"line":446,"column":78}},"99":{"start":{"line":449,"column":12},"end":{"line":449,"column":78}},"100":{"start":{"line":461,"column":8},"end":{"line":461,"column":46}},"101":{"start":{"line":462,"column":8},"end":{"line":462,"column":58}},"102":{"start":{"line":463,"column":8},"end":{"line":463,"column":24}},"103":{"start":{"line":464,"column":8},"end":{"line":464,"column":20565}},"104":{"start":{"line":466,"column":12},"end":{"line":466,"column":115}},"105":{"start":{"line":467,"column":12},"end":{"line":467,"column":20806}},"106":{"start":{"line":468,"column":16},"end":{"line":468,"column":51}},"107":{"start":{"line":471,"column":8},"end":{"line":471,"column":29}},"108":{"start":{"line":472,"column":8},"end":{"line":472,"column":20942}},"109":{"start":{"line":473,"column":12},"end":{"line":473,"column":34}},"110":{"start":{"line":474,"column":12},"end":{"line":474,"column":44}},"111":{"start":{"line":476,"column":12},"end":{"line":476,"column":78}},"112":{"start":{"line":477,"column":12},"end":{"line":477,"column":88}},"113":{"start":{"line":478,"column":12},"end":{"line":478,"column":79}},"114":{"start":{"line":481,"column":12},"end":{"line":481,"column":21551}},"115":{"start":{"line":484,"column":16},"end":{"line":484,"column":95}},"116":{"start":{"line":485,"column":16},"end":{"line":485,"column":52}},"117":{"start":{"line":498,"column":8},"end":{"line":498,"column":62}},"118":{"start":{"line":508,"column":8},"end":{"line":508,"column":46}},"119":{"start":{"line":509,"column":8},"end":{"line":509,"column":58}},"120":{"start":{"line":510,"column":8},"end":{"line":510,"column":102}},"121":{"start":{"line":512,"column":8},"end":{"line":512,"column":89}},"122":{"start":{"line":513,"column":8},"end":{"line":513,"column":24}},"123":{"start":{"line":514,"column":8},"end":{"line":514,"column":111}},"124":{"start":{"line":515,"column":8},"end":{"line":515,"column":23618}},"125":{"start":{"line":516,"column":12},"end":{"line":516,"column":47}},"126":{"start":{"line":518,"column":8},"end":{"line":518,"column":23707}},"127":{"start":{"line":521,"column":12},"end":{"line":521,"column":34}},"128":{"start":{"line":522,"column":12},"end":{"line":522,"column":23882}},"129":{"start":{"line":524,"column":16},"end":{"line":524,"column":97}},"130":{"start":{"line":525,"column":16},"end":{"line":525,"column":52}},"131":{"start":{"line":528,"column":12},"end":{"line":528,"column":85}},"132":{"start":{"line":532,"column":8},"end":{"line":532,"column":52}},"133":{"start":{"line":543,"column":8},"end":{"line":543,"column":89}},"134":{"start":{"line":544,"column":8},"end":{"line":544,"column":46}},"135":{"start":{"line":545,"column":8},"end":{"line":545,"column":58}},"136":{"start":{"line":546,"column":8},"end":{"line":546,"column":37}},"137":{"start":{"line":549,"column":8},"end":{"line":549,"column":30}},"138":{"start":{"line":550,"column":8},"end":{"line":550,"column":25267}},"139":{"start":{"line":551,"column":12},"end":{"line":551,"column":25304}},"140":{"start":{"line":556,"column":16},"end":{"line":556,"column":69}},"141":{"start":{"line":559,"column":12},"end":{"line":559,"column":85}},"142":{"start":{"line":562,"column":8},"end":{"line":562,"column":61}},"143":{"start":{"line":571,"column":8},"end":{"line":571,"column":40}},"144":{"start":{"line":579,"column":8},"end":{"line":579,"column":60}},"145":{"start":{"line":580,"column":8},"end":{"line":580,"column":94}},"146":{"start":{"line":582,"column":8},"end":{"line":582,"column":47}},"147":{"start":{"line":593,"column":8},"end":{"line":593,"column":27046}},"148":{"start":{"line":597,"column":8},"end":{"line":597,"column":27166}},"149":{"start":{"line":601,"column":8},"end":{"line":601,"column":27281}},"150":{"start":{"line":602,"column":12},"end":{"line":602,"column":49}},"151":{"start":{"line":606,"column":8},"end":{"line":606,"column":34}},"152":{"start":{"line":616,"column":8},"end":{"line":616,"column":27794}},"153":{"start":{"line":618,"column":12},"end":{"line":618,"column":29}},"154":{"start":{"line":621,"column":8},"end":{"line":621,"column":31}},"155":{"start":{"line":632,"column":8},"end":{"line":632,"column":34}},"156":{"start":{"line":643,"column":8},"end":{"line":643,"column":39}}},"branchMap":{"1":{"line":135,"type":"if","locations":[{"start":{"line":135,"column":8},"end":{"line":135,"column":8}},{"start":{"line":135,"column":8},"end":{"line":135,"column":8}}]},"2":{"line":147,"type":"if","locations":[{"start":{"line":147,"column":8},"end":{"line":147,"column":8}},{"start":{"line":147,"column":8},"end":{"line":147,"column":8}}]},"3":{"line":156,"type":"if","locations":[{"start":{"line":156,"column":8},"end":{"line":156,"column":8}},{"start":{"line":156,"column":8},"end":{"line":156,"column":8}}]},"4":{"line":156,"type":"cond-expr","locations":[{"start":{"line":156,"column":16},"end":{"line":156,"column":48}},{"start":{"line":156,"column":53},"end":{"line":156,"column":72}}]},"5":{"line":169,"type":"if","locations":[{"start":{"line":169,"column":221},"end":{"line":169,"column":221}},{"start":{"line":169,"column":221},"end":{"line":169,"column":221}}]},"6":{"line":169,"type":"if","locations":[{"start":{"line":169,"column":231},"end":{"line":169,"column":231}},{"start":{"line":169,"column":231},"end":{"line":169,"column":231}}]},"7":{"line":170,"type":"if","locations":[{"start":{"line":170,"column":8},"end":{"line":170,"column":8}},{"start":{"line":170,"column":8},"end":{"line":170,"column":8}}]},"8":{"line":171,"type":"if","locations":[{"start":{"line":171,"column":8},"end":{"line":171,"column":8}},{"start":{"line":171,"column":8},"end":{"line":171,"column":8}}]},"9":{"line":172,"type":"if","locations":[{"start":{"line":172,"column":8},"end":{"line":172,"column":8}},{"start":{"line":172,"column":8},"end":{"line":172,"column":8}}]},"10":{"line":173,"type":"if","locations":[{"start":{"line":173,"column":8},"end":{"line":173,"column":8}},{"start":{"line":173,"column":8},"end":{"line":173,"column":8}}]},"11":{"line":174,"type":"if","locations":[{"start":{"line":174,"column":8},"end":{"line":174,"column":8}},{"start":{"line":174,"column":8},"end":{"line":174,"column":8}}]},"12":{"line":175,"type":"if","locations":[{"start":{"line":175,"column":8},"end":{"line":175,"column":8}},{"start":{"line":175,"column":8},"end":{"line":175,"column":8}}]},"13":{"line":181,"type":"if","locations":[{"start":{"line":181,"column":62},"end":{"line":181,"column":73}},{"start":{"line":181,"column":77},"end":{"line":181,"column":86}}]},"14":{"line":207,"type":"if","locations":[{"start":{"line":207,"column":220},"end":{"line":207,"column":220}},{"start":{"line":207,"column":220},"end":{"line":207,"column":220}}]},"15":{"line":207,"type":"if","locations":[{"start":{"line":207,"column":230},"end":{"line":207,"column":230}},{"start":{"line":207,"column":230},"end":{"line":207,"column":230}}]},"16":{"line":208,"type":"if","locations":[{"start":{"line":208,"column":8},"end":{"line":208,"column":8}},{"start":{"line":208,"column":8},"end":{"line":208,"column":8}}]},"17":{"line":209,"type":"if","locations":[{"start":{"line":209,"column":8},"end":{"line":209,"column":8}},{"start":{"line":209,"column":8},"end":{"line":209,"column":8}}]},"18":{"line":210,"type":"if","locations":[{"start":{"line":210,"column":8},"end":{"line":210,"column":8}},{"start":{"line":210,"column":8},"end":{"line":210,"column":8}}]},"19":{"line":211,"type":"if","locations":[{"start":{"line":211,"column":8},"end":{"line":211,"column":8}},{"start":{"line":211,"column":8},"end":{"line":211,"column":8}}]},"20":{"line":212,"type":"if","locations":[{"start":{"line":212,"column":8},"end":{"line":212,"column":8}},{"start":{"line":212,"column":8},"end":{"line":212,"column":8}}]},"21":{"line":213,"type":"if","locations":[{"start":{"line":213,"column":8},"end":{"line":213,"column":8}},{"start":{"line":213,"column":8},"end":{"line":213,"column":8}}]},"22":{"line":224,"type":"if","locations":[{"start":{"line":224,"column":8},"end":{"line":224,"column":8}},{"start":{"line":224,"column":8},"end":{"line":224,"column":8}}]},"23":{"line":234,"type":"if","locations":[{"start":{"line":234,"column":40},"end":{"line":234,"column":40}},{"start":{"line":234,"column":40},"end":{"line":234,"column":40}}]},"24":{"line":258,"type":"if","locations":[{"start":{"line":258,"column":8},"end":{"line":258,"column":8}},{"start":{"line":258,"column":8},"end":{"line":258,"column":8}}]},"25":{"line":269,"type":"if","locations":[{"start":{"line":269,"column":8},"end":{"line":269,"column":8}},{"start":{"line":269,"column":8},"end":{"line":269,"column":8}}]},"26":{"line":281,"type":"if","locations":[{"start":{"line":281,"column":8},"end":{"line":281,"column":8}},{"start":{"line":281,"column":8},"end":{"line":281,"column":8}}]},"27":{"line":281,"type":"cond-expr","locations":[{"start":{"line":281,"column":12},"end":{"line":281,"column":36}},{"start":{"line":281,"column":41},"end":{"line":281,"column":55}}]},"28":{"line":301,"type":"if","locations":[{"start":{"line":301,"column":47},"end":{"line":301,"column":47}},{"start":{"line":301,"column":47},"end":{"line":301,"column":47}}]},"29":{"line":308,"type":"if","locations":[{"start":{"line":308,"column":48},"end":{"line":308,"column":48}},{"start":{"line":308,"column":48},"end":{"line":308,"column":48}}]},"30":{"line":310,"type":"if","locations":[{"start":{"line":310,"column":8},"end":{"line":310,"column":8}},{"start":{"line":310,"column":8},"end":{"line":310,"column":8}}]},"31":{"line":314,"type":"if","locations":[{"start":{"line":314,"column":8},"end":{"line":314,"column":8}},{"start":{"line":314,"column":8},"end":{"line":314,"column":8}}]},"32":{"line":314,"type":"cond-expr","locations":[{"start":{"line":314,"column":12},"end":{"line":314,"column":24}},{"start":{"line":314,"column":29},"end":{"line":314,"column":48}}]},"33":{"line":321,"type":"if","locations":[{"start":{"line":321,"column":8},"end":{"line":321,"column":8}},{"start":{"line":321,"column":8},"end":{"line":321,"column":8}}]},"34":{"line":345,"type":"if","locations":[{"start":{"line":345,"column":8},"end":{"line":345,"column":8}},{"start":{"line":345,"column":8},"end":{"line":345,"column":8}}]},"35":{"line":361,"type":"if","locations":[{"start":{"line":361,"column":8},"end":{"line":361,"column":8}},{"start":{"line":361,"column":8},"end":{"line":361,"column":8}}]},"36":{"line":377,"type":"cond-expr","locations":[{"start":{"line":377,"column":15},"end":{"line":377,"column":38}},{"start":{"line":377,"column":43},"end":{"line":377,"column":85}}]},"37":{"line":377,"type":"cond-expr","locations":[{"start":{"line":377,"column":15},"end":{"line":377,"column":85}},{"start":{"line":377,"column":90},"end":{"line":377,"column":109}}]},"38":{"line":391,"type":"if","locations":[{"start":{"line":391,"column":8},"end":{"line":391,"column":8}},{"start":{"line":391,"column":8},"end":{"line":391,"column":8}}]},"39":{"line":393,"type":"if","locations":[{"start":{"line":393,"column":13},"end":{"line":393,"column":13}},{"start":{"line":393,"column":13},"end":{"line":393,"column":13}}]},"40":{"line":397,"type":"if","locations":[{"start":{"line":397,"column":13},"end":{"line":397,"column":13}},{"start":{"line":397,"column":13},"end":{"line":397,"column":13}}]},"41":{"line":401,"type":"if","locations":[{"start":{"line":401,"column":13},"end":{"line":401,"column":13}},{"start":{"line":401,"column":13},"end":{"line":401,"column":13}}]},"42":{"line":415,"type":"if","locations":[{"start":{"line":415,"column":42},"end":{"line":415,"column":42}},{"start":{"line":415,"column":42},"end":{"line":415,"column":42}}]},"43":{"line":416,"type":"if","locations":[{"start":{"line":416,"column":8},"end":{"line":416,"column":8}},{"start":{"line":416,"column":8},"end":{"line":416,"column":8}}]},"44":{"line":417,"type":"if","locations":[{"start":{"line":417,"column":8},"end":{"line":417,"column":8}},{"start":{"line":417,"column":8},"end":{"line":417,"column":8}}]},"45":{"line":432,"type":"if","locations":[{"start":{"line":432,"column":8},"end":{"line":432,"column":8}},{"start":{"line":432,"column":8},"end":{"line":432,"column":8}}]},"46":{"line":435,"type":"if","locations":[{"start":{"line":435,"column":8},"end":{"line":435,"column":8}},{"start":{"line":435,"column":8},"end":{"line":435,"column":8}}]},"47":{"line":441,"type":"if","locations":[{"start":{"line":441,"column":12},"end":{"line":441,"column":12}},{"start":{"line":441,"column":12},"end":{"line":441,"column":12}}]},"48":{"line":460,"type":"if","locations":[{"start":{"line":460,"column":61},"end":{"line":460,"column":61}},{"start":{"line":460,"column":61},"end":{"line":460,"column":61}}]},"49":{"line":460,"type":"if","locations":[{"start":{"line":460,"column":80},"end":{"line":460,"column":80}},{"start":{"line":460,"column":80},"end":{"line":460,"column":80}}]},"50":{"line":460,"type":"if","locations":[{"start":{"line":460,"column":93},"end":{"line":460,"column":93}},{"start":{"line":460,"column":93},"end":{"line":460,"column":93}}]},"51":{"line":464,"type":"if","locations":[{"start":{"line":464,"column":8},"end":{"line":464,"column":8}},{"start":{"line":464,"column":8},"end":{"line":464,"column":8}}]},"52":{"line":467,"type":"if","locations":[{"start":{"line":467,"column":12},"end":{"line":467,"column":12}},{"start":{"line":467,"column":12},"end":{"line":467,"column":12}}]},"53":{"line":472,"type":"if","locations":[{"start":{"line":472,"column":8},"end":{"line":472,"column":8}},{"start":{"line":472,"column":8},"end":{"line":472,"column":8}}]},"54":{"line":481,"type":"if","locations":[{"start":{"line":481,"column":12},"end":{"line":481,"column":12}},{"start":{"line":481,"column":12},"end":{"line":481,"column":12}}]},"55":{"line":507,"type":"if","locations":[{"start":{"line":507,"column":62},"end":{"line":507,"column":62}},{"start":{"line":507,"column":62},"end":{"line":507,"column":62}}]},"56":{"line":507,"type":"if","locations":[{"start":{"line":507,"column":81},"end":{"line":507,"column":81}},{"start":{"line":507,"column":81},"end":{"line":507,"column":81}}]},"57":{"line":510,"type":"if","locations":[{"start":{"line":510,"column":8},"end":{"line":510,"column":8}},{"start":{"line":510,"column":8},"end":{"line":510,"column":8}}]},"58":{"line":512,"type":"if","locations":[{"start":{"line":512,"column":8},"end":{"line":512,"column":8}},{"start":{"line":512,"column":8},"end":{"line":512,"column":8}}]},"59":{"line":515,"type":"if","locations":[{"start":{"line":515,"column":8},"end":{"line":515,"column":8}},{"start":{"line":515,"column":8},"end":{"line":515,"column":8}}]},"60":{"line":518,"type":"if","locations":[{"start":{"line":518,"column":8},"end":{"line":518,"column":8}},{"start":{"line":518,"column":8},"end":{"line":518,"column":8}}]},"61":{"line":522,"type":"if","locations":[{"start":{"line":522,"column":12},"end":{"line":522,"column":12}},{"start":{"line":522,"column":12},"end":{"line":522,"column":12}}]},"62":{"line":542,"type":"if","locations":[{"start":{"line":542,"column":52},"end":{"line":542,"column":52}},{"start":{"line":542,"column":52},"end":{"line":542,"column":52}}]},"63":{"line":542,"type":"if","locations":[{"start":{"line":542,"column":71},"end":{"line":542,"column":71}},{"start":{"line":542,"column":71},"end":{"line":542,"column":71}}]},"64":{"line":543,"type":"if","locations":[{"start":{"line":543,"column":8},"end":{"line":543,"column":8}},{"start":{"line":543,"column":8},"end":{"line":543,"column":8}}]},"65":{"line":550,"type":"if","locations":[{"start":{"line":550,"column":8},"end":{"line":550,"column":8}},{"start":{"line":550,"column":8},"end":{"line":550,"column":8}}]},"66":{"line":551,"type":"if","locations":[{"start":{"line":551,"column":12},"end":{"line":551,"column":12}},{"start":{"line":551,"column":12},"end":{"line":551,"column":12}}]},"67":{"line":579,"type":"if","locations":[{"start":{"line":579,"column":8},"end":{"line":579,"column":8}},{"start":{"line":579,"column":8},"end":{"line":579,"column":8}}]},"68":{"line":580,"type":"if","locations":[{"start":{"line":580,"column":8},"end":{"line":580,"column":8}},{"start":{"line":580,"column":8},"end":{"line":580,"column":8}}]},"69":{"line":592,"type":"if","locations":[{"start":{"line":592,"column":50},"end":{"line":592,"column":50}},{"start":{"line":592,"column":50},"end":{"line":592,"column":50}}]},"70":{"line":593,"type":"if","locations":[{"start":{"line":593,"column":8},"end":{"line":593,"column":8}},{"start":{"line":593,"column":8},"end":{"line":593,"column":8}}]},"71":{"line":597,"type":"if","locations":[{"start":{"line":597,"column":8},"end":{"line":597,"column":8}},{"start":{"line":597,"column":8},"end":{"line":597,"column":8}}]},"72":{"line":614,"type":"if","locations":[{"start":{"line":614,"column":64},"end":{"line":614,"column":64}},{"start":{"line":614,"column":64},"end":{"line":614,"column":64}}]},"73":{"line":616,"type":"if","locations":[{"start":{"line":616,"column":8},"end":{"line":616,"column":8}},{"start":{"line":616,"column":8},"end":{"line":616,"column":8}}]},"74":{"line":628,"type":"if","locations":[{"start":{"line":628,"column":57},"end":{"line":628,"column":57}},{"start":{"line":628,"column":57},"end":{"line":628,"column":57}}]},"75":{"line":639,"type":"if","locations":[{"start":{"line":639,"column":56},"end":{"line":639,"column":56}},{"start":{"line":639,"column":56},"end":{"line":639,"column":56}}]}}},
"contracts\\BitRAM.sol":{"l":{"23":6,"28":14,"29":14,"30":2,"31":1,"33":12,"34":11},"path":"D:\\Blockchain\\wildlands\\code\\contracts\\BitRAM.sol","s":{"1":14,"2":14,"3":2,"4":1,"5":12,"6":11},"b":{"1":[14,1],"2":[2,12],"3":[1,1],"4":[11,1]},"f":{"1":6,"2":14},"fnMap":{"1":{"name":"constructor","line":20,"loc":{"start":{"line":20,"column":4},"end":{"line":24,"column":4}}},"2":{"name":"safeBitTransfer","line":27,"loc":{"start":{"line":27,"column":4},"end":{"line":36,"column":4}}}},"statementMap":{"1":{"start":{"line":28,"column":8},"end":{"line":28,"column":55}},"2":{"start":{"line":29,"column":8},"end":{"line":29,"column":809}},"3":{"start":{"line":30,"column":12},"end":{"line":30,"column":885}},"4":{"start":{"line":31,"column":16},"end":{"line":31,"column":46}},"5":{"start":{"line":33,"column":12},"end":{"line":33,"column":983}},"6":{"start":{"line":34,"column":16},"end":{"line":34,"column":47}}},"branchMap":{"1":{"line":27,"type":"if","locations":[{"start":{"line":27,"column":68},"end":{"line":27,"column":68}},{"start":{"line":27,"column":68},"end":{"line":27,"column":68}}]},"2":{"line":29,"type":"if","locations":[{"start":{"line":29,"column":8},"end":{"line":29,"column":8}},{"start":{"line":29,"column":8},"end":{"line":29,"column":8}}]},"3":{"line":30,"type":"if","locations":[{"start":{"line":30,"column":12},"end":{"line":30,"column":12}},{"start":{"line":30,"column":12},"end":{"line":30,"column":12}}]},"4":{"line":33,"type":"if","locations":[{"start":{"line":33,"column":12},"end":{"line":33,"column":12}},{"start":{"line":33,"column":12},"end":{"line":33,"column":12}}]}}},
"contracts\\CrowdSale.sol":{"l":{"58":6,"61":4,"65":31,"69":29,"73":29,"76":28,"80":28,"83":27,"93":7,"97":6,"101":5,"105":4,"110":3,"111":3,"112":3,"113":3,"114":3,"116":3,"117":3,"118":3,"127":10,"128":14,"129":13,"138":7,"142":6,"144":6,"146":5,"147":5,"148":5,"155":5,"163":3,"164":2,"165":1,"166":1,"176":27,"181":27,"183":27,"185":27,"186":10,"188":10,"192":9,"198":8,"200":4,"202":4,"205":10,"209":9,"213":8,"214":8,"219":7,"221":3,"223":3,"226":7,"231":6,"232":6,"237":5,"239":1,"241":1,"245":20,"250":20,"252":20,"253":20,"254":20,"255":20,"257":8,"260":20,"261":20,"263":20,"265":20,"266":16,"268":20,"269":8,"282":8,"294":24,"302":6,"303":6,"304":6,"312":2,"320":13,"321":12,"325":11,"326":11,"334":7,"335":6,"339":5,"340":5,"348":6,"349":5,"353":4,"354":4,"358":1,"362":1,"370":6,"378":1,"379":1,"386":1,"389":1},"path":"D:\\Blockchain\\wildlands\\code\\contracts\\CrowdSale.sol","s":{"1":6,"2":31,"3":29,"4":28,"5":7,"6":6,"7":5,"8":4,"9":10,"10":14,"11":7,"12":6,"13":6,"14":5,"15":5,"16":3,"17":2,"18":27,"19":27,"20":27,"21":27,"22":10,"23":9,"24":8,"25":17,"26":10,"27":9,"28":8,"29":7,"30":7,"31":7,"32":6,"33":5,"34":20,"35":20,"36":20,"37":20,"38":20,"39":20,"40":8,"41":20,"42":20,"43":20,"44":20,"45":8,"46":24,"47":6,"48":6,"49":13,"50":12,"51":11,"52":7,"53":6,"54":5,"55":6,"56":5,"57":4,"58":1,"59":1,"60":6,"61":1,"62":1,"63":1,"64":1},"b":{"1":[4,2],"2":[29,2],"3":[28,1],"4":[27,1],"5":[6,1],"6":[5,1],"7":[4,1],"8":[3,1],"9":[10,1],"10":[13,1],"11":[6,1],"12":[6,0],"13":[5,1],"14":[3,1],"15":[2,1],"16":[1,1],"17":[31,0],"18":[29,2],"19":[28,1],"20":[27,1],"21":[27,0],"22":[10,17],"23":[9,1],"24":[8,1],"25":[8,0],"26":[4,4],"27":[10,7],"28":[9,1],"29":[8,1],"30":[7,1],"31":[7,0],"32":[3,4],"33":[7,0],"34":[6,1],"35":[5,1],"36":[5,0],"37":[1,4],"38":[20,0],"39":[8,12],"40":[16,4],"41":[8,12],"42":[6,1],"43":[2,1],"44":[13,1],"45":[12,1],"46":[11,1],"47":[7,1],"48":[6,1],"49":[5,1],"50":[6,1],"51":[5,1],"52":[4,1],"53":[6,1],"54":[2,1],"55":[1,1],"56":[2,1],"57":[1,1],"58":[1,0]},"f":{"1":6,"2":31,"3":29,"4":28,"5":7,"6":10,"7":7,"8":5,"9":3,"10":27,"11":8,"12":24,"13":6,"14":2,"15":13,"16":7,"17":6,"18":1,"19":1,"20":6,"21":1,"22":1},"fnMap":{"1":{"name":"whenIcoCompleted","line":57,"loc":{"start":{"line":57,"column":4},"end":{"line":62,"column":4}}},"2":{"name":"onlyAfterStart","line":64,"loc":{"start":{"line":64,"column":4},"end":{"line":70,"column":4}}},"3":{"name":"onlyWhenNotPaused","line":72,"loc":{"start":{"line":72,"column":4},"end":{"line":77,"column":4}}},"4":{"name":"onlyWhenNotCompleted","line":79,"loc":{"start":{"line":79,"column":4},"end":{"line":84,"column":4}}},"5":{"name":"constructor","line":86,"loc":{"start":{"line":86,"column":4},"end":{"line":119,"column":4}}},"6":{"name":"setWhitelist","line":125,"loc":{"start":{"line":125,"column":4},"end":{"line":131,"column":4}}},"7":{"name":"secureWhitelistSpot","line":137,"loc":{"start":{"line":137,"column":4},"end":{"line":149,"column":4}}},"8":{"name":"getWhitelistSpots","line":154,"loc":{"start":{"line":154,"column":4},"end":{"line":156,"column":4}}},"9":{"name":"setTreasury","line":162,"loc":{"start":{"line":162,"column":4},"end":{"line":167,"column":4}}},"10":{"name":"buyNative","line":175,"loc":{"start":{"line":175,"column":4},"end":{"line":271,"column":4}}},"11":{"name":"_getETHAmount","line":276,"loc":{"start":{"line":276,"column":4},"end":{"line":283,"column":4}}},"12":{"name":"_getTokensAmount","line":288,"loc":{"start":{"line":288,"column":4},"end":{"line":295,"column":4}}},"13":{"name":"closeCrowdsale","line":301,"loc":{"start":{"line":301,"column":4},"end":{"line":305,"column":4}}},"14":{"name":"togglePauseCrowdsale","line":311,"loc":{"start":{"line":311,"column":4},"end":{"line":313,"column":4}}},"15":{"name":"startCrowdSale","line":319,"loc":{"start":{"line":319,"column":4},"end":{"line":327,"column":4}}},"16":{"name":"startSecondRound","line":333,"loc":{"start":{"line":333,"column":4},"end":{"line":341,"column":4}}},"17":{"name":"startThirdRound","line":347,"loc":{"start":{"line":347,"column":4},"end":{"line":355,"column":4}}},"18":{"name":"has2ndRoundStarted","line":357,"loc":{"start":{"line":357,"column":4},"end":{"line":359,"column":4}}},"19":{"name":"has3rdRoundStarted","line":361,"loc":{"start":{"line":361,"column":4},"end":{"line":363,"column":4}}},"20":{"name":"deposit","line":369,"loc":{"start":{"line":369,"column":4},"end":{"line":371,"column":4}}},"21":{"name":"withdraw","line":377,"loc":{"start":{"line":377,"column":4},"end":{"line":380,"column":4}}},"22":{"name":"withdrawETH","line":385,"loc":{"start":{"line":385,"column":4},"end":{"line":390,"column":4}}}},"statementMap":{"1":{"start":{"line":58,"column":8},"end":{"line":58,"column":2126}},"2":{"start":{"line":65,"column":8},"end":{"line":65,"column":2239}},"3":{"start":{"line":73,"column":8},"end":{"line":73,"column":2494}},"4":{"start":{"line":80,"column":8},"end":{"line":80,"column":2653}},"5":{"start":{"line":93,"column":8},"end":{"line":93,"column":2927}},"6":{"start":{"line":97,"column":8},"end":{"line":97,"column":3058}},"7":{"start":{"line":101,"column":8},"end":{"line":101,"column":3198}},"8":{"start":{"line":105,"column":8},"end":{"line":105,"column":3331}},"9":{"start":{"line":127,"column":8},"end":{"line":127,"column":4205}},"10":{"start":{"line":128,"column":12},"end":{"line":128,"column":88}},"11":{"start":{"line":138,"column":8},"end":{"line":138,"column":4609}},"12":{"start":{"line":142,"column":8},"end":{"line":142,"column":4772}},"13":{"start":{"line":144,"column":8},"end":{"line":144,"column":4859}},"14":{"start":{"line":148,"column":8},"end":{"line":148,"column":34}},"15":{"start":{"line":155,"column":8},"end":{"line":155,"column":29}},"16":{"start":{"line":163,"column":8},"end":{"line":163,"column":74}},"17":{"start":{"line":164,"column":8},"end":{"line":164,"column":74}},"18":{"start":{"line":176,"column":8},"end":{"line":176,"column":5943}},"19":{"start":{"line":181,"column":8},"end":{"line":181,"column":35}},"20":{"start":{"line":183,"column":8},"end":{"line":183,"column":31}},"21":{"start":{"line":185,"column":8},"end":{"line":185,"column":6210}},"22":{"start":{"line":188,"column":12},"end":{"line":188,"column":6395}},"23":{"start":{"line":192,"column":12},"end":{"line":192,"column":6532}},"24":{"start":{"line":198,"column":12},"end":{"line":198,"column":6834}},"25":{"start":{"line":204,"column":15},"end":{"line":204,"column":7151}},"26":{"start":{"line":205,"column":12},"end":{"line":205,"column":7265}},"27":{"start":{"line":209,"column":12},"end":{"line":209,"column":7445}},"28":{"start":{"line":214,"column":12},"end":{"line":214,"column":7675}},"29":{"start":{"line":219,"column":12},"end":{"line":219,"column":7892}},"30":{"start":{"line":225,"column":15},"end":{"line":225,"column":8209}},"31":{"start":{"line":226,"column":12},"end":{"line":226,"column":8326}},"32":{"start":{"line":232,"column":12},"end":{"line":232,"column":8610}},"33":{"start":{"line":237,"column":12},"end":{"line":237,"column":8829}},"34":{"start":{"line":245,"column":8},"end":{"line":245,"column":9158}},"35":{"start":{"line":250,"column":8},"end":{"line":250,"column":64}},"36":{"start":{"line":252,"column":8},"end":{"line":252,"column":40}},"37":{"start":{"line":253,"column":8},"end":{"line":253,"column":35}},"38":{"start":{"line":254,"column":8},"end":{"line":254,"column":48}},"39":{"start":{"line":255,"column":8},"end":{"line":255,"column":9526}},"40":{"start":{"line":257,"column":12},"end":{"line":257,"column":65}},"41":{"start":{"line":260,"column":8},"end":{"line":260,"column":61}},"42":{"start":{"line":261,"column":8},"end":{"line":261,"column":57}},"43":{"start":{"line":265,"column":8},"end":{"line":265,"column":9984}},"44":{"start":{"line":268,"column":8},"end":{"line":268,"column":10087}},"45":{"start":{"line":282,"column":8},"end":{"line":282,"column":49}},"46":{"start":{"line":294,"column":8},"end":{"line":294,"column":43}},"47":{"start":{"line":303,"column":8},"end":{"line":303,"column":52}},"48":{"start":{"line":304,"column":8},"end":{"line":304,"column":20}},"49":{"start":{"line":320,"column":8},"end":{"line":320,"column":65}},"50":{"start":{"line":321,"column":8},"end":{"line":321,"column":11567}},"51":{"start":{"line":326,"column":8},"end":{"line":326,"column":34}},"52":{"start":{"line":334,"column":8},"end":{"line":334,"column":67}},"53":{"start":{"line":335,"column":8},"end":{"line":335,"column":11983}},"54":{"start":{"line":340,"column":8},"end":{"line":340,"column":34}},"55":{"start":{"line":348,"column":8},"end":{"line":348,"column":66}},"56":{"start":{"line":349,"column":8},"end":{"line":349,"column":12398}},"57":{"start":{"line":354,"column":8},"end":{"line":354,"column":34}},"58":{"start":{"line":358,"column":8},"end":{"line":358,"column":82}},"59":{"start":{"line":362,"column":8},"end":{"line":362,"column":80}},"60":{"start":{"line":370,"column":8},"end":{"line":370,"column":66}},"61":{"start":{"line":378,"column":8},"end":{"line":378,"column":56}},"62":{"start":{"line":379,"column":8},"end":{"line":379,"column":48}},"63":{"start":{"line":386,"column":8},"end":{"line":386,"column":13625}},"64":{"start":{"line":389,"column":8},"end":{"line":389,"column":23}}},"branchMap":{"1":{"line":58,"type":"if","locations":[{"start":{"line":58,"column":8},"end":{"line":58,"column":8}},{"start":{"line":58,"column":8},"end":{"line":58,"column":8}}]},"2":{"line":65,"type":"if","locations":[{"start":{"line":65,"column":8},"end":{"line":65,"column":8}},{"start":{"line":65,"column":8},"end":{"line":65,"column":8}}]},"3":{"line":73,"type":"if","locations":[{"start":{"line":73,"column":8},"end":{"line":73,"column":8}},{"start":{"line":73,"column":8},"end":{"line":73,"column":8}}]},"4":{"line":80,"type":"if","locations":[{"start":{"line":80,"column":8},"end":{"line":80,"column":8}},{"start":{"line":80,"column":8},"end":{"line":80,"column":8}}]},"5":{"line":93,"type":"if","locations":[{"start":{"line":93,"column":8},"end":{"line":93,"column":8}},{"start":{"line":93,"column":8},"end":{"line":93,"column":8}}]},"6":{"line":97,"type":"if","locations":[{"start":{"line":97,"column":8},"end":{"line":97,"column":8}},{"start":{"line":97,"column":8},"end":{"line":97,"column":8}}]},"7":{"line":101,"type":"if","locations":[{"start":{"line":101,"column":8},"end":{"line":101,"column":8}},{"start":{"line":101,"column":8},"end":{"line":101,"column":8}}]},"8":{"line":105,"type":"if","locations":[{"start":{"line":105,"column":8},"end":{"line":105,"column":8}},{"start":{"line":105,"column":8},"end":{"line":105,"column":8}}]},"9":{"line":125,"type":"if","locations":[{"start":{"line":125,"column":73},"end":{"line":125,"column":73}},{"start":{"line":125,"column":73},"end":{"line":125,"column":73}}]},"10":{"line":128,"type":"if","locations":[{"start":{"line":128,"column":12},"end":{"line":128,"column":12}},{"start":{"line":128,"column":12},"end":{"line":128,"column":12}}]},"11":{"line":138,"type":"if","locations":[{"start":{"line":138,"column":8},"end":{"line":138,"column":8}},{"start":{"line":138,"column":8},"end":{"line":138,"column":8}}]},"12":{"line":142,"type":"if","locations":[{"start":{"line":142,"column":8},"end":{"line":142,"column":8}},{"start":{"line":142,"column":8},"end":{"line":142,"column":8}}]},"13":{"line":144,"type":"if","locations":[{"start":{"line":144,"column":8},"end":{"line":144,"column":8}},{"start":{"line":144,"column":8},"end":{"line":144,"column":8}}]},"14":{"line":162,"type":"if","locations":[{"start":{"line":162,"column":90},"end":{"line":162,"column":90}},{"start":{"line":162,"column":90},"end":{"line":162,"column":90}}]},"15":{"line":163,"type":"if","locations":[{"start":{"line":163,"column":8},"end":{"line":163,"column":8}},{"start":{"line":163,"column":8},"end":{"line":163,"column":8}}]},"16":{"line":164,"type":"if","locations":[{"start":{"line":164,"column":8},"end":{"line":164,"column":8}},{"start":{"line":164,"column":8},"end":{"line":164,"column":8}}]},"17":{"line":175,"type":"if","locations":[{"start":{"line":175,"column":40},"end":{"line":175,"column":40}},{"start":{"line":175,"column":40},"end":{"line":175,"column":40}}]},"18":{"line":175,"type":"if","locations":[{"start":{"line":175,"column":53},"end":{"line":175,"column":53}},{"start":{"line":175,"column":53},"end":{"line":175,"column":53}}]},"19":{"line":175,"type":"if","locations":[{"start":{"line":175,"column":68},"end":{"line":175,"column":68}},{"start":{"line":175,"column":68},"end":{"line":175,"column":68}}]},"20":{"line":175,"type":"if","locations":[{"start":{"line":175,"column":86},"end":{"line":175,"column":86}},{"start":{"line":175,"column":86},"end":{"line":175,"column":86}}]},"21":{"line":176,"type":"if","locations":[{"start":{"line":176,"column":8},"end":{"line":176,"column":8}},{"start":{"line":176,"column":8},"end":{"line":176,"column":8}}]},"22":{"line":185,"type":"if","locations":[{"start":{"line":185,"column":8},"end":{"line":185,"column":8}},{"start":{"line":185,"column":8},"end":{"line":185,"column":8}}]},"23":{"line":188,"type":"if","locations":[{"start":{"line":188,"column":12},"end":{"line":188,"column":12}},{"start":{"line":188,"column":12},"end":{"line":188,"column":12}}]},"24":{"line":192,"type":"if","locations":[{"start":{"line":192,"column":12},"end":{"line":192,"column":12}},{"start":{"line":192,"column":12},"end":{"line":192,"column":12}}]},"25":{"line":193,"type":"cond-expr","locations":[{"start":{"line":193,"column":16},"end":{"line":193,"column":44}},{"start":{"line":195,"column":20},"end":{"line":195,"column":66}}]},"26":{"line":198,"type":"if","locations":[{"start":{"line":198,"column":12},"end":{"line":198,"column":12}},{"start":{"line":198,"column":12},"end":{"line":198,"column":12}}]},"27":{"line":204,"type":"if","locations":[{"start":{"line":204,"column":15},"end":{"line":204,"column":15}},{"start":{"line":204,"column":15},"end":{"line":204,"column":15}}]},"28":{"line":205,"type":"if","locations":[{"start":{"line":205,"column":12},"end":{"line":205,"column":12}},{"start":{"line":205,"column":12},"end":{"line":205,"column":12}}]},"29":{"line":209,"type":"if","locations":[{"start":{"line":209,"column":12},"end":{"line":209,"column":12}},{"start":{"line":209,"column":12},"end":{"line":209,"column":12}}]},"30":{"line":214,"type":"if","locations":[{"start":{"line":214,"column":12},"end":{"line":214,"column":12}},{"start":{"line":214,"column":12},"end":{"line":214,"column":12}}]},"31":{"line":215,"type":"cond-expr","locations":[{"start":{"line":215,"column":16},"end":{"line":215,"column":44}},{"start":{"line":216,"column":20},"end":{"line":216,"column":66}}]},"32":{"line":219,"type":"if","locations":[{"start":{"line":219,"column":12},"end":{"line":219,"column":12}},{"start":{"line":219,"column":12},"end":{"line":219,"column":12}}]},"33":{"line":225,"type":"if","locations":[{"start":{"line":225,"column":15},"end":{"line":225,"column":15}},{"start":{"line":225,"column":15},"end":{"line":225,"column":15}}]},"34":{"line":226,"type":"if","locations":[{"start":{"line":226,"column":12},"end":{"line":226,"column":12}},{"start":{"line":226,"column":12},"end":{"line":226,"column":12}}]},"35":{"line":232,"type":"if","locations":[{"start":{"line":232,"column":12},"end":{"line":232,"column":12}},{"start":{"line":232,"column":12},"end":{"line":232,"column":12}}]},"36":{"line":233,"type":"cond-expr","locations":[{"start":{"line":233,"column":16},"end":{"line":233,"column":44}},{"start":{"line":234,"column":20},"end":{"line":234,"column":68}}]},"37":{"line":237,"type":"if","locations":[{"start":{"line":237,"column":12},"end":{"line":237,"column":12}},{"start":{"line":237,"column":12},"end":{"line":237,"column":12}}]},"38":{"line":245,"type":"if","locations":[{"start":{"line":245,"column":8},"end":{"line":245,"column":8}},{"start":{"line":245,"column":8},"end":{"line":245,"column":8}}]},"39":{"line":255,"type":"if","locations":[{"start":{"line":255,"column":8},"end":{"line":255,"column":8}},{"start":{"line":255,"column":8},"end":{"line":255,"column":8}}]},"40":{"line":265,"type":"if","locations":[{"start":{"line":265,"column":8},"end":{"line":265,"column":8}},{"start":{"line":265,"column":8},"end":{"line":265,"column":8}}]},"41":{"line":268,"type":"if","locations":[{"start":{"line":268,"column":8},"end":{"line":268,"column":8}},{"start":{"line":268,"column":8},"end":{"line":268,"column":8}}]},"42":{"line":301,"type":"if","locations":[{"start":{"line":301,"column":37},"end":{"line":301,"column":37}},{"start":{"line":301,"column":37},"end":{"line":301,"column":37}}]},"43":{"line":311,"type":"if","locations":[{"start":{"line":311,"column":43},"end":{"line":311,"column":43}},{"start":{"line":311,"column":43},"end":{"line":311,"column":43}}]},"44":{"line":319,"type":"if","locations":[{"start":{"line":319,"column":50},"end":{"line":319,"column":50}},{"start":{"line":319,"column":50},"end":{"line":319,"column":50}}]},"45":{"line":320,"type":"if","locations":[{"start":{"line":320,"column":8},"end":{"line":320,"column":8}},{"start":{"line":320,"column":8},"end":{"line":320,"column":8}}]},"46":{"line":321,"type":"if","locations":[{"start":{"line":321,"column":8},"end":{"line":321,"column":8}},{"start":{"line":321,"column":8},"end":{"line":321,"column":8}}]},"47":{"line":333,"type":"if","locations":[{"start":{"line":333,"column":52},"end":{"line":333,"column":52}},{"start":{"line":333,"column":52},"end":{"line":333,"column":52}}]},"48":{"line":334,"type":"if","locations":[{"start":{"line":334,"column":8},"end":{"line":334,"column":8}},{"start":{"line":334,"column":8},"end":{"line":334,"column":8}}]},"49":{"line":335,"type":"if","locations":[{"start":{"line":335,"column":8},"end":{"line":335,"column":8}},{"start":{"line":335,"column":8},"end":{"line":335,"column":8}}]},"50":{"line":347,"type":"if","locations":[{"start":{"line":347,"column":51},"end":{"line":347,"column":51}},{"start":{"line":347,"column":51},"end":{"line":347,"column":51}}]},"51":{"line":348,"type":"if","locations":[{"start":{"line":348,"column":8},"end":{"line":348,"column":8}},{"start":{"line":348,"column":8},"end":{"line":348,"column":8}}]},"52":{"line":349,"type":"if","locations":[{"start":{"line":349,"column":8},"end":{"line":349,"column":8}},{"start":{"line":349,"column":8},"end":{"line":349,"column":8}}]},"53":{"line":369,"type":"if","locations":[{"start":{"line":369,"column":44},"end":{"line":369,"column":44}},{"start":{"line":369,"column":44},"end":{"line":369,"column":44}}]},"54":{"line":377,"type":"if","locations":[{"start":{"line":377,"column":31},"end":{"line":377,"column":31}},{"start":{"line":377,"column":31},"end":{"line":377,"column":31}}]},"55":{"line":377,"type":"if","locations":[{"start":{"line":377,"column":48},"end":{"line":377,"column":48}},{"start":{"line":377,"column":48},"end":{"line":377,"column":48}}]},"56":{"line":385,"type":"if","locations":[{"start":{"line":385,"column":34},"end":{"line":385,"column":34}},{"start":{"line":385,"column":34},"end":{"line":385,"column":34}}]},"57":{"line":385,"type":"if","locations":[{"start":{"line":385,"column":51},"end":{"line":385,"column":51}},{"start":{"line":385,"column":51},"end":{"line":385,"column":51}}]},"58":{"line":389,"type":"if","locations":[{"start":{"line":389,"column":8},"end":{"line":389,"column":8}},{"start":{"line":389,"column":8},"end":{"line":389,"column":8}}]}}},
"contracts\\IWildlandCards.sol":{"l":{},"path":"D:\\Blockchain\\wildlands\\code\\contracts\\IWildlandCards.sol","s":{},"b":{},"f":{},"fnMap":{},"statementMap":{},"branchMap":{}},
"contracts\\TokenVesting.sol":{"l":{"37":44,"38":42,"42":6,"47":6,"49":6,"57":14,"61":13,"73":31,"77":30,"78":29,"82":28,"89":27,"90":18,"91":18,"93":27,"95":27,"97":27,"106":3,"108":3,"109":2,"111":1,"113":1,"114":1,"115":1,"116":1,"118":1,"127":11,"128":10,"129":10,"142":4,"143":1,"146":3,"147":3,"148":1,"150":2,"151":2,"152":2,"153":1,"155":1,"168":7,"169":2,"172":5,"173":0,"175":5,"176":5,"178":5,"180":5,"182":5,"190":3,"191":1,"193":2,"195":2,"196":2,"197":2,"198":1,"201":1,"202":1,"204":1,"213":5,"214":4,"215":4,"216":3,"218":3,"219":3,"220":0,"223":3,"224":3,"225":1,"228":2,"229":2,"230":2,"232":2},"path":"D:\\Blockchain\\wildlands\\code\\contracts\\TokenVesting.sol","s":{"1":44,"2":6,"3":14,"4":31,"5":30,"6":29,"7":28,"8":27,"9":27,"10":3,"11":3,"12":2,"13":1,"14":1,"15":1,"16":11,"17":4,"18":1,"19":3,"20":3,"21":1,"22":2,"23":2,"24":2,"25":1,"26":1,"27":7,"28":2,"29":5,"30":0,"31":5,"32":5,"33":5,"34":5,"35":5,"36":3,"37":1,"38":2,"39":2,"40":2,"41":2,"42":1,"43":1,"44":1,"45":1,"46":5,"47":4,"48":4,"49":3,"50":3,"51":3,"52":0,"53":3,"54":3,"55":1,"56":2,"57":2},"b":{"1":[42,2],"2":[6,0],"3":[14,1],"4":[13,1],"5":[31,1],"6":[30,1],"7":[29,1],"8":[28,1],"9":[27,1],"10":[18,9],"11":[3,1],"12":[2,1],"13":[1,1],"14":[11,1],"15":[10,1],"16":[1,3],"17":[1,2],"18":[1,1],"19":[2,5],"20":[0,5],"21":[1,2],"22":[1,1],"23":[5,0],"24":[4,1],"25":[3,1],"26":[3,0],"27":[0,3],"28":[1,2]},"f":{"1":44,"2":6,"3":14,"4":31,"5":3,"6":11,"7":4,"8":7,"9":3,"10":5},"fnMap":{"1":{"name":"onlyCrowdsale","line":36,"loc":{"start":{"line":36,"column":4},"end":{"line":39,"column":4}}},"2":{"name":"constructor","line":41,"loc":{"start":{"line":41,"column":4},"end":{"line":50,"column":4}}},"3":{"name":"setCrowdsaleAddress","line":56,"loc":{"start":{"line":56,"column":4},"end":{"line":62,"column":4}}},"4":{"name":"vest","line":72,"loc":{"start":{"line":68,"column":4},"end":{"line":98,"column":4}}},"5":{"name":"revoke","line":105,"loc":{"start":{"line":105,"column":4},"end":{"line":119,"column":4}}},"6":{"name":"startVesting","line":126,"loc":{"start":{"line":126,"column":4},"end":{"line":130,"column":4}}},"7":{"name":"vestedTokens","line":137,"loc":{"start":{"line":137,"column":4},"end":{"line":156,"column":4}}},"8":{"name":"calculateVestedTokens","line":163,"loc":{"start":{"line":163,"column":4},"end":{"line":183,"column":4}}},"9":{"name":"countdown","line":189,"loc":{"start":{"line":189,"column":4},"end":{"line":205,"column":4}}},"10":{"name":"unlockVestedTokens","line":212,"loc":{"start":{"line":212,"column":4},"end":{"line":233,"column":4}}}},"statementMap":{"1":{"start":{"line":37,"column":8},"end":{"line":37,"column":104}},"2":{"start":{"line":42,"column":8},"end":{"line":42,"column":1384}},"3":{"start":{"line":57,"column":8},"end":{"line":57,"column":1805}},"4":{"start":{"line":73,"column":8},"end":{"line":73,"column":2230}},"5":{"start":{"line":77,"column":8},"end":{"line":77,"column":75}},"6":{"start":{"line":78,"column":8},"end":{"line":78,"column":2438}},"7":{"start":{"line":82,"column":8},"end":{"line":82,"column":2582}},"8":{"start":{"line":89,"column":8},"end":{"line":89,"column":2732}},"9":{"start":{"line":97,"column":8},"end":{"line":97,"column":47}},"10":{"start":{"line":106,"column":8},"end":{"line":106,"column":44}},"11":{"start":{"line":108,"column":8},"end":{"line":108,"column":77}},"12":{"start":{"line":109,"column":8},"end":{"line":109,"column":72}},"13":{"start":{"line":111,"column":8},"end":{"line":111,"column":61}},"14":{"start":{"line":116,"column":8},"end":{"line":116,"column":47}},"15":{"start":{"line":118,"column":8},"end":{"line":118,"column":40}},"16":{"start":{"line":127,"column":8},"end":{"line":127,"column":61}},"17":{"start":{"line":142,"column":8},"end":{"line":142,"column":4358}},"18":{"start":{"line":143,"column":12},"end":{"line":143,"column":20}},"19":{"start":{"line":146,"column":8},"end":{"line":146,"column":43}},"20":{"start":{"line":147,"column":8},"end":{"line":147,"column":4467}},"21":{"start":{"line":148,"column":12},"end":{"line":148,"column":20}},"22":{"start":{"line":150,"column":8},"end":{"line":150,"column":60}},"23":{"start":{"line":151,"column":8},"end":{"line":151,"column":67}},"24":{"start":{"line":152,"column":8},"end":{"line":152,"column":4691}},"25":{"start":{"line":153,"column":12},"end":{"line":153,"column":31}},"26":{"start":{"line":155,"column":8},"end":{"line":155,"column":27}},"27":{"start":{"line":168,"column":8},"end":{"line":168,"column":5061}},"28":{"start":{"line":169,"column":12},"end":{"line":169,"column":32}},"29":{"start":{"line":172,"column":8},"end":{"line":172,"column":5163}},"30":{"start":{"line":173,"column":12},"end":{"line":173,"column":20}},"31":{"start":{"line":175,"column":8},"end":{"line":175,"column":32}},"32":{"start":{"line":176,"column":8},"end":{"line":176,"column":65}},"33":{"start":{"line":178,"column":8},"end":{"line":178,"column":85}},"34":{"start":{"line":180,"column":8},"end":{"line":180,"column":77}},"35":{"start":{"line":182,"column":8},"end":{"line":182,"column":54}},"36":{"start":{"line":190,"column":8},"end":{"line":190,"column":5944}},"37":{"start":{"line":191,"column":12},"end":{"line":191,"column":20}},"38":{"start":{"line":193,"column":8},"end":{"line":193,"column":44}},"39":{"start":{"line":195,"column":8},"end":{"line":195,"column":60}},"40":{"start":{"line":196,"column":8},"end":{"line":196,"column":67}},"41":{"start":{"line":197,"column":8},"end":{"line":197,"column":6273}},"42":{"start":{"line":198,"column":12},"end":{"line":198,"column":20}},"43":{"start":{"line":201,"column":8},"end":{"line":201,"column":65}},"44":{"start":{"line":202,"column":8},"end":{"line":202,"column":70}},"45":{"start":{"line":204,"column":8},"end":{"line":204,"column":61}},"46":{"start":{"line":213,"column":8},"end":{"line":213,"column":54}},"47":{"start":{"line":214,"column":8},"end":{"line":214,"column":49}},"48":{"start":{"line":215,"column":8},"end":{"line":215,"column":63}},"49":{"start":{"line":216,"column":8},"end":{"line":216,"column":51}},"50":{"start":{"line":218,"column":8},"end":{"line":218,"column":60}},"51":{"start":{"line":219,"column":8},"end":{"line":219,"column":7162}},"52":{"start":{"line":220,"column":12},"end":{"line":220,"column":18}},"53":{"start":{"line":223,"column":8},"end":{"line":223,"column":67}},"54":{"start":{"line":224,"column":8},"end":{"line":224,"column":7300}},"55":{"start":{"line":225,"column":12},"end":{"line":225,"column":18}},"56":{"start":{"line":230,"column":8},"end":{"line":230,"column":53}},"57":{"start":{"line":232,"column":8},"end":{"line":232,"column":51}}},"branchMap":{"1":{"line":37,"type":"if","locations":[{"start":{"line":37,"column":8},"end":{"line":37,"column":8}},{"start":{"line":37,"column":8},"end":{"line":37,"column":8}}]},"2":{"line":42,"type":"if","locations":[{"start":{"line":42,"column":8},"end":{"line":42,"column":8}},{"start":{"line":42,"column":8},"end":{"line":42,"column":8}}]},"3":{"line":56,"type":"if","locations":[{"start":{"line":56,"column":67},"end":{"line":56,"column":67}},{"start":{"line":56,"column":67},"end":{"line":56,"column":67}}]},"4":{"line":57,"type":"if","locations":[{"start":{"line":57,"column":8},"end":{"line":57,"column":8}},{"start":{"line":57,"column":8},"end":{"line":57,"column":8}}]},"5":{"line":72,"type":"if","locations":[{"start":{"line":72,"column":15},"end":{"line":72,"column":15}},{"start":{"line":72,"column":15},"end":{"line":72,"column":15}}]},"6":{"line":73,"type":"if","locations":[{"start":{"line":73,"column":8},"end":{"line":73,"column":8}},{"start":{"line":73,"column":8},"end":{"line":73,"column":8}}]},"7":{"line":77,"type":"if","locations":[{"start":{"line":77,"column":8},"end":{"line":77,"column":8}},{"start":{"line":77,"column":8},"end":{"line":77,"column":8}}]},"8":{"line":78,"type":"if","locations":[{"start":{"line":78,"column":8},"end":{"line":78,"column":8}},{"start":{"line":78,"column":8},"end":{"line":78,"column":8}}]},"9":{"line":82,"type":"if","locations":[{"start":{"line":82,"column":8},"end":{"line":82,"column":8}},{"start":{"line":82,"column":8},"end":{"line":82,"column":8}}]},"10":{"line":89,"type":"if","locations":[{"start":{"line":89,"column":8},"end":{"line":89,"column":8}},{"start":{"line":89,"column":8},"end":{"line":89,"column":8}}]},"11":{"line":105,"type":"if","locations":[{"start":{"line":105,"column":44},"end":{"line":105,"column":44}},{"start":{"line":105,"column":44},"end":{"line":105,"column":44}}]},"12":{"line":108,"type":"if","locations":[{"start":{"line":108,"column":8},"end":{"line":108,"column":8}},{"start":{"line":108,"column":8},"end":{"line":108,"column":8}}]},"13":{"line":109,"type":"if","locations":[{"start":{"line":109,"column":8},"end":{"line":109,"column":8}},{"start":{"line":109,"column":8},"end":{"line":109,"column":8}}]},"14":{"line":126,"type":"if","locations":[{"start":{"line":126,"column":49},"end":{"line":126,"column":49}},{"start":{"line":126,"column":49},"end":{"line":126,"column":49}}]},"15":{"line":127,"type":"if","locations":[{"start":{"line":127,"column":8},"end":{"line":127,"column":8}},{"start":{"line":127,"column":8},"end":{"line":127,"column":8}}]},"16":{"line":142,"type":"if","locations":[{"start":{"line":142,"column":8},"end":{"line":142,"column":8}},{"start":{"line":142,"column":8},"end":{"line":142,"column":8}}]},"17":{"line":147,"type":"if","locations":[{"start":{"line":147,"column":8},"end":{"line":147,"column":8}},{"start":{"line":147,"column":8},"end":{"line":147,"column":8}}]},"18":{"line":152,"type":"if","locations":[{"start":{"line":152,"column":8},"end":{"line":152,"column":8}},{"start":{"line":152,"column":8},"end":{"line":152,"column":8}}]},"19":{"line":168,"type":"if","locations":[{"start":{"line":168,"column":8},"end":{"line":168,"column":8}},{"start":{"line":168,"column":8},"end":{"line":168,"column":8}}]},"20":{"line":172,"type":"if","locations":[{"start":{"line":172,"column":8},"end":{"line":172,"column":8}},{"start":{"line":172,"column":8},"end":{"line":172,"column":8}}]},"21":{"line":190,"type":"if","locations":[{"start":{"line":190,"column":8},"end":{"line":190,"column":8}},{"start":{"line":190,"column":8},"end":{"line":190,"column":8}}]},"22":{"line":197,"type":"if","locations":[{"start":{"line":197,"column":8},"end":{"line":197,"column":8}},{"start":{"line":197,"column":8},"end":{"line":197,"column":8}}]},"23":{"line":212,"type":"if","locations":[{"start":{"line":212,"column":43},"end":{"line":212,"column":43}},{"start":{"line":212,"column":43},"end":{"line":212,"column":43}}]},"24":{"line":213,"type":"if","locations":[{"start":{"line":213,"column":8},"end":{"line":213,"column":8}},{"start":{"line":213,"column":8},"end":{"line":213,"column":8}}]},"25":{"line":215,"type":"if","locations":[{"start":{"line":215,"column":8},"end":{"line":215,"column":8}},{"start":{"line":215,"column":8},"end":{"line":215,"column":8}}]},"26":{"line":216,"type":"if","locations":[{"start":{"line":216,"column":8},"end":{"line":216,"column":8}},{"start":{"line":216,"column":8},"end":{"line":216,"column":8}}]},"27":{"line":219,"type":"if","locations":[{"start":{"line":219,"column":8},"end":{"line":219,"column":8}},{"start":{"line":219,"column":8},"end":{"line":219,"column":8}}]},"28":{"line":224,"type":"if","locations":[{"start":{"line":224,"column":8},"end":{"line":224,"column":8}},{"start":{"line":224,"column":8},"end":{"line":224,"column":8}}]}}},
"contracts\\WildlandCards.sol":{"l":{"49":9,"52":9,"53":9,"55":9,"56":9,"57":9,"58":9,"66":2,"67":1,"68":1,"72":141,"80":1,"84":9,"85":2,"87":2,"89":2,"91":2,"92":1,"97":1,"102":1,"107":27,"112":28,"122":140,"123":139,"124":137,"126":12,"127":12,"128":12,"132":4,"133":4,"134":4,"138":4,"139":4,"140":4,"144":117,"145":117,"146":117,"153":3,"154":2,"155":1,"159":138,"160":138,"163":0,"164":0,"169":138,"170":138,"171":138,"181":3,"183":1,"192":2,"193":2,"195":1,"197":1,"206":10,"207":9,"240":5,"242":4,"243":4,"245":1,"249":1,"253":1,"255":4,"259":1},"path":"D:\\Blockchain\\wildlands\\code\\contracts\\WildlandCards.sol","s":{"1":9,"2":9,"3":9,"4":2,"5":1,"6":141,"7":12,"8":129,"9":4,"10":125,"11":5,"12":120,"13":119,"14":1,"15":9,"16":2,"17":7,"18":2,"19":5,"20":2,"21":3,"22":2,"23":1,"24":1,"25":1,"26":27,"27":28,"28":140,"29":139,"30":137,"31":12,"32":12,"33":12,"34":125,"35":4,"36":4,"37":4,"38":121,"39":4,"40":4,"41":4,"42":117,"43":117,"44":117,"45":117,"46":3,"47":2,"48":1,"49":138,"50":138,"51":0,"52":0,"53":138,"54":3,"55":1,"56":2,"57":2,"58":1,"59":1,"60":10,"61":5,"62":4,"63":4,"64":3,"65":2,"66":4,"67":1},"b":{"1":[2,1],"2":[1,1],"3":[12,129],"4":[4,125],"5":[5,120],"6":[119,1],"7":[2,7],"8":[2,5],"9":[2,3],"10":[2,1],"11":[139,1],"12":[137,2],"13":[12,125],"14":[4,121],"15":[4,117],"16":[117,0],"17":[2,1],"18":[1,1],"19":[0,138],"20":[0,0],"21":[3,1],"22":[2,1],"23":[1,1],"24":[10,1],"25":[9,1],"26":[4,1],"27":[1,3],"28":[1,2],"29":[1,1],"30":[4,0]},"f":{"1":9,"2":2,"3":141,"4":9,"5":1,"6":1,"7":27,"8":28,"9":140,"10":3,"11":138,"12":3,"13":2,"14":10,"15":5,"16":1},"fnMap":{"1":{"name":"constructor","line":47,"loc":{"start":{"line":46,"column":4},"end":{"line":59,"column":4}}},"2":{"name":"lock","line":65,"loc":{"start":{"line":65,"column":4},"end":{"line":69,"column":4}}},"3":{"name":"isCardAvailable","line":71,"loc":{"start":{"line":71,"column":4},"end":{"line":81,"column":4}}},"4":{"name":"cardIndex","line":83,"loc":{"start":{"line":83,"column":4},"end":{"line":93,"column":4}}},"5":{"name":"exists","line":95,"loc":{"start":{"line":95,"column":4},"end":{"line":98,"column":4}}},"6":{"name":"existsCode","line":100,"loc":{"start":{"line":100,"column":4},"end":{"line":103,"column":4}}},"7":{"name":"getTokenIdByCode","line":105,"loc":{"start":{"line":105,"column":4},"end":{"line":108,"column":4}}},"8":{"name":"getCodeByAddress","line":110,"loc":{"start":{"line":110,"column":4},"end":{"line":113,"column":4}}},"9":{"name":"mint","line":121,"loc":{"start":{"line":121,"column":4},"end":{"line":148,"column":4}}},"10":{"name":"generateCode","line":152,"loc":{"start":{"line":152,"column":4},"end":{"line":156,"column":4}}},"11":{"name":"_generateCode","line":158,"loc":{"start":{"line":158,"column":4},"end":{"line":172,"column":4}}},"12":{"name":"recoverNonFungibleToken","line":180,"loc":{"start":{"line":180,"column":4},"end":{"line":184,"column":4}}},"13":{"name":"recoverToken","line":191,"loc":{"start":{"line":191,"column":4},"end":{"line":198,"column":4}}},"14":{"name":"setBaseURI","line":205,"loc":{"start":{"line":205,"column":4},"end":{"line":208,"column":4}}},"15":{"name":"tokenURI","line":239,"loc":{"start":{"line":239,"column":4},"end":{"line":256,"column":4}}},"16":{"name":"supportsInterface","line":258,"loc":{"start":{"line":258,"column":4},"end":{"line":260,"column":4}}}},"statementMap":{"1":{"start":{"line":49,"column":8},"end":{"line":49,"column":55}},"2":{"start":{"line":52,"column":8},"end":{"line":52,"column":45}},"3":{"start":{"line":53,"column":8},"end":{"line":53,"column":52}},"4":{"start":{"line":66,"column":8},"end":{"line":66,"column":59}},"5":{"start":{"line":68,"column":8},"end":{"line":68,"column":19}},"6":{"start":{"line":72,"column":8},"end":{"line":72,"column":2694}},"7":{"start":{"line":73,"column":12},"end":{"line":73,"column":23}},"8":{"start":{"line":74,"column":13},"end":{"line":74,"column":2765}},"9":{"start":{"line":75,"column":12},"end":{"line":75,"column":44}},"10":{"start":{"line":76,"column":13},"end":{"line":76,"column":2857}},"11":{"start":{"line":77,"column":12},"end":{"line":77,"column":42}},"12":{"start":{"line":78,"column":13},"end":{"line":78,"column":2946}},"13":{"start":{"line":79,"column":12},"end":{"line":79,"column":41}},"14":{"start":{"line":80,"column":8},"end":{"line":80,"column":20}},"15":{"start":{"line":84,"column":8},"end":{"line":84,"column":3126}},"16":{"start":{"line":85,"column":12},"end":{"line":85,"column":39}},"17":{"start":{"line":86,"column":13},"end":{"line":86,"column":3202}},"18":{"start":{"line":87,"column":12},"end":{"line":87,"column":36}},"19":{"start":{"line":88,"column":13},"end":{"line":88,"column":3273}},"20":{"start":{"line":89,"column":12},"end":{"line":89,"column":35}},"21":{"start":{"line":90,"column":13},"end":{"line":90,"column":3343}},"22":{"start":{"line":91,"column":12},"end":{"line":91,"column":34}},"23":{"start":{"line":92,"column":8},"end":{"line":92,"column":16}},"24":{"start":{"line":97,"column":8},"end":{"line":97,"column":32}},"25":{"start":{"line":102,"column":8},"end":{"line":102,"column":39}},"26":{"start":{"line":107,"column":8},"end":{"line":107,"column":34}},"27":{"start":{"line":112,"column":8},"end":{"line":112,"column":40}},"28":{"start":{"line":122,"column":8},"end":{"line":122,"column":98}},"29":{"start":{"line":123,"column":8},"end":{"line":123,"column":90}},"30":{"start":{"line":124,"column":8},"end":{"line":124,"column":4565}},"31":{"start":{"line":126,"column":12},"end":{"line":126,"column":43}},"32":{"start":{"line":127,"column":6},"end":{"line":127,"column":45}},"33":{"start":{"line":128,"column":3},"end":{"line":128,"column":24}},"34":{"start":{"line":130,"column":13},"end":{"line":130,"column":4771}},"35":{"start":{"line":132,"column":12},"end":{"line":132,"column":40}},"36":{"start":{"line":133,"column":6},"end":{"line":133,"column":42}},"37":{"start":{"line":134,"column":12},"end":{"line":134,"column":30}},"38":{"start":{"line":136,"column":13},"end":{"line":136,"column":4981}},"39":{"start":{"line":138,"column":12},"end":{"line":138,"column":39}},"40":{"start":{"line":139,"column":6},"end":{"line":139,"column":41}},"41":{"start":{"line":140,"column":12},"end":{"line":140,"column":29}},"42":{"start":{"line":142,"column":13},"end":{"line":142,"column":5187}},"43":{"start":{"line":144,"column":12},"end":{"line":144,"column":38}},"44":{"start":{"line":145,"column":6},"end":{"line":145,"column":40}},"45":{"start":{"line":146,"column":12},"end":{"line":146,"column":28}},"46":{"start":{"line":153,"column":8},"end":{"line":153,"column":88}},"47":{"start":{"line":154,"column":8},"end":{"line":154,"column":102}},"48":{"start":{"line":155,"column":8},"end":{"line":155,"column":42}},"49":{"start":{"line":159,"column":8},"end":{"line":159,"column":84}},"50":{"start":{"line":160,"column":8},"end":{"line":160,"column":5983}},"51":{"start":{"line":163,"column":12},"end":{"line":163,"column":37}},"52":{"start":{"line":164,"column":12},"end":{"line":164,"column":18}},"53":{"start":{"line":171,"column":8},"end":{"line":171,"column":40}},"54":{"start":{"line":181,"column":8},"end":{"line":181,"column":81}},"55":{"start":{"line":183,"column":8},"end":{"line":183,"column":55}},"56":{"start":{"line":192,"column":8},"end":{"line":192,"column":65}},"57":{"start":{"line":193,"column":8},"end":{"line":193,"column":71}},"58":{"start":{"line":195,"column":8},"end":{"line":195,"column":64}},"59":{"start":{"line":197,"column":8},"end":{"line":197,"column":43}},"60":{"start":{"line":206,"column":8},"end":{"line":206,"column":59}},"61":{"start":{"line":240,"column":8},"end":{"line":240,"column":83}},"62":{"start":{"line":242,"column":8},"end":{"line":242,"column":29}},"63":{"start":{"line":243,"column":8},"end":{"line":243,"column":9142}},"64":{"start":{"line":247,"column":13},"end":{"line":247,"column":9250}},"65":{"start":{"line":251,"column":13},"end":{"line":251,"column":9358}},"66":{"start":{"line":255,"column":8},"end":{"line":255,"column":112}},"67":{"start":{"line":259,"column":8},"end":{"line":259,"column":51}}},"branchMap":{"1":{"line":65,"type":"if","locations":[{"start":{"line":65,"column":29},"end":{"line":65,"column":29}},{"start":{"line":65,"column":29},"end":{"line":65,"column":29}}]},"2":{"line":66,"type":"if","locations":[{"start":{"line":66,"column":8},"end":{"line":66,"column":8}},{"start":{"line":66,"column":8},"end":{"line":66,"column":8}}]},"3":{"line":72,"type":"if","locations":[{"start":{"line":72,"column":8},"end":{"line":72,"column":8}},{"start":{"line":72,"column":8},"end":{"line":72,"column":8}}]},"4":{"line":74,"type":"if","locations":[{"start":{"line":74,"column":13},"end":{"line":74,"column":13}},{"start":{"line":74,"column":13},"end":{"line":74,"column":13}}]},"5":{"line":76,"type":"if","locations":[{"start":{"line":76,"column":13},"end":{"line":76,"column":13}},{"start":{"line":76,"column":13},"end":{"line":76,"column":13}}]},"6":{"line":78,"type":"if","locations":[{"start":{"line":78,"column":13},"end":{"line":78,"column":13}},{"start":{"line":78,"column":13},"end":{"line":78,"column":13}}]},"7":{"line":84,"type":"if","locations":[{"start":{"line":84,"column":8},"end":{"line":84,"column":8}},{"start":{"line":84,"column":8},"end":{"line":84,"column":8}}]},"8":{"line":86,"type":"if","locations":[{"start":{"line":86,"column":13},"end":{"line":86,"column":13}},{"start":{"line":86,"column":13},"end":{"line":86,"column":13}}]},"9":{"line":88,"type":"if","locations":[{"start":{"line":88,"column":13},"end":{"line":88,"column":13}},{"start":{"line":88,"column":13},"end":{"line":88,"column":13}}]},"10":{"line":90,"type":"if","locations":[{"start":{"line":90,"column":13},"end":{"line":90,"column":13}},{"start":{"line":90,"column":13},"end":{"line":90,"column":13}}]},"11":{"line":122,"type":"if","locations":[{"start":{"line":122,"column":8},"end":{"line":122,"column":8}},{"start":{"line":122,"column":8},"end":{"line":122,"column":8}}]},"12":{"line":123,"type":"if","locations":[{"start":{"line":123,"column":8},"end":{"line":123,"column":8}},{"start":{"line":123,"column":8},"end":{"line":123,"column":8}}]},"13":{"line":124,"type":"if","locations":[{"start":{"line":124,"column":8},"end":{"line":124,"column":8}},{"start":{"line":124,"column":8},"end":{"line":124,"column":8}}]},"14":{"line":130,"type":"if","locations":[{"start":{"line":130,"column":13},"end":{"line":130,"column":13}},{"start":{"line":130,"column":13},"end":{"line":130,"column":13}}]},"15":{"line":136,"type":"if","locations":[{"start":{"line":136,"column":13},"end":{"line":136,"column":13}},{"start":{"line":136,"column":13},"end":{"line":136,"column":13}}]},"16":{"line":142,"type":"if","locations":[{"start":{"line":142,"column":13},"end":{"line":142,"column":13}},{"start":{"line":142,"column":13},"end":{"line":142,"column":13}}]},"17":{"line":153,"type":"if","locations":[{"start":{"line":153,"column":8},"end":{"line":153,"column":8}},{"start":{"line":153,"column":8},"end":{"line":153,"column":8}}]},"18":{"line":154,"type":"if","locations":[{"start":{"line":154,"column":8},"end":{"line":154,"column":8}},{"start":{"line":154,"column":8},"end":{"line":154,"column":8}}]},"19":{"line":160,"type":"if","locations":[{"start":{"line":160,"column":8},"end":{"line":160,"column":8}},{"start":{"line":160,"column":8},"end":{"line":160,"column":8}}]},"20":{"line":160,"type":"cond-expr","locations":[{"start":{"line":160,"column":12},"end":{"line":160,"column":34}},{"start":{"line":160,"column":39},"end":{"line":160,"column":49}}]},"21":{"line":180,"type":"if","locations":[{"start":{"line":180,"column":80},"end":{"line":180,"column":80}},{"start":{"line":180,"column":80},"end":{"line":180,"column":80}}]},"22":{"line":191,"type":"if","locations":[{"start":{"line":191,"column":51},"end":{"line":191,"column":51}},{"start":{"line":191,"column":51},"end":{"line":191,"column":51}}]},"23":{"line":193,"type":"if","locations":[{"start":{"line":193,"column":8},"end":{"line":193,"column":8}},{"start":{"line":193,"column":8},"end":{"line":193,"column":8}}]},"24":{"line":205,"type":"if","locations":[{"start":{"line":205,"column":51},"end":{"line":205,"column":51}},{"start":{"line":205,"column":51},"end":{"line":205,"column":51}}]},"25":{"line":206,"type":"if","locations":[{"start":{"line":206,"column":8},"end":{"line":206,"column":8}},{"start":{"line":206,"column":8},"end":{"line":206,"column":8}}]},"26":{"line":240,"type":"if","locations":[{"start":{"line":240,"column":8},"end":{"line":240,"column":8}},{"start":{"line":240,"column":8},"end":{"line":240,"column":8}}]},"27":{"line":243,"type":"if","locations":[{"start":{"line":243,"column":8},"end":{"line":243,"column":8}},{"start":{"line":243,"column":8},"end":{"line":243,"column":8}}]},"28":{"line":247,"type":"if","locations":[{"start":{"line":247,"column":13},"end":{"line":247,"column":13}},{"start":{"line":247,"column":13},"end":{"line":247,"column":13}}]},"29":{"line":251,"type":"if","locations":[{"start":{"line":251,"column":13},"end":{"line":251,"column":13}},{"start":{"line":251,"column":13},"end":{"line":251,"column":13}}]},"30":{"line":255,"type":"if","locations":[{"start":{"line":255,"column":43},"end":{"line":255,"column":106}},{"start":{"line":255,"column":110},"end":{"line":255,"column":111}}]}}}}
