{
"contracts\\BitGold.sol":{"l":{"18":21,"19":21,"28":8,"29":8},"path":"D:\\Blockchain\\wildlands\\code\\contracts\\BitGold.sol","s":{"1":21,"2":21,"3":8,"4":8},"b":{"1":[8,1]},"f":{"1":21,"2":8},"fnMap":{"1":{"name":"constructor","line":17,"loc":{"start":{"line":17,"column":4},"end":{"line":20,"column":4}}},"2":{"name":"mint","line":27,"loc":{"start":{"line":27,"column":4},"end":{"line":30,"column":4}}}},"statementMap":{"1":{"start":{"line":18,"column":8},"end":{"line":18,"column":46}},"2":{"start":{"line":19,"column":8},"end":{"line":19,"column":49}},"3":{"start":{"line":28,"column":8},"end":{"line":28,"column":26}},"4":{"start":{"line":29,"column":8},"end":{"line":29,"column":35}}},"branchMap":{"1":{"line":27,"type":"if","locations":[{"start":{"line":27,"column":56},"end":{"line":27,"column":56}},{"start":{"line":27,"column":56},"end":{"line":27,"column":56}}]}}},
"contracts\\BITMaster.sol":{"l":{"109":3,"110":3,"111":3,"112":3,"113":3,"115":3,"128":3,"129":3,"138":68,"139":64,"143":2,"151":14,"152":13,"174":17,"175":16,"176":15,"177":14,"178":13,"179":12,"180":11,"183":12,"185":12,"186":12,"187":12,"189":12,"202":12,"203":12,"204":12,"223":10,"224":9,"225":8,"226":7,"227":6,"228":5,"229":1,"230":5,"232":5,"233":5,"234":5,"235":5,"236":5,"237":5,"238":5,"239":5,"240":1,"242":1,"243":1,"244":1,"246":5,"253":2,"260":15,"261":15,"262":16,"270":13,"271":13,"273":13,"274":13,"275":13,"276":13,"284":12,"285":1,"286":11,"299":16,"300":0,"302":16,"304":16,"305":16,"313":2,"321":8,"329":36,"330":36,"331":36,"332":0,"334":36,"335":36,"336":29,"337":29,"339":7,"341":7,"342":7,"343":7,"345":7,"347":7,"349":7,"351":7,"353":7,"364":12,"366":12,"367":12,"368":12,"369":12,"370":12,"371":2,"373":2,"374":2,"376":12,"386":15,"387":15,"388":15,"389":15,"390":13,"392":2,"407":21,"420":7,"421":1,"424":3,"428":1,"432":1,"435":1,"446":8,"447":7,"448":6,"449":6,"462":12,"463":12,"465":12,"466":11,"468":12,"470":11,"471":11,"472":11,"473":11,"474":11,"476":1,"477":1,"479":1,"482":11,"496":13,"497":13,"498":13,"499":13,"501":2,"502":2,"503":2,"506":13,"507":13,"508":12,"509":12,"511":12,"512":12,"513":12,"515":12,"516":12,"518":11,"519":11,"520":11,"523":12,"525":12,"527":12,"529":12,"531":12,"534":13,"535":13,"547":4,"548":4,"549":4,"551":2,"552":1,"553":1,"554":1,"555":1,"557":1,"560":1,"561":1,"562":1,"563":1,"564":1,"565":1,"566":1,"569":1,"572":1,"573":1,"584":10,"593":3,"594":2,"595":1,"596":1,"608":1,"612":0,"616":0,"617":0,"618":0,"620":0,"621":0,"633":2,"635":1,"637":2,"638":2,"649":1,"650":1,"661":1,"662":1},"path":"D:\\Blockchain\\wildlands\\code\\contracts\\BITMaster.sol","s":{"1":3,"2":68,"3":2,"4":14,"5":17,"6":16,"7":15,"8":14,"9":13,"10":12,"11":11,"12":12,"13":12,"14":12,"15":12,"16":12,"17":10,"18":9,"19":8,"20":7,"21":6,"22":5,"23":1,"24":5,"25":5,"26":1,"27":1,"28":5,"29":2,"30":15,"31":15,"32":16,"33":13,"34":13,"35":13,"36":12,"37":1,"38":11,"39":16,"40":0,"41":16,"42":16,"43":16,"44":2,"45":8,"46":36,"47":36,"48":36,"49":0,"50":36,"51":36,"52":29,"53":7,"54":7,"55":7,"56":7,"57":7,"58":7,"59":12,"60":12,"61":12,"62":12,"63":12,"64":12,"65":2,"66":2,"67":12,"68":15,"69":15,"70":15,"71":15,"72":13,"73":2,"74":21,"75":7,"76":1,"77":6,"78":3,"79":3,"80":1,"81":2,"82":1,"83":1,"84":8,"85":7,"86":6,"87":12,"88":12,"89":12,"90":11,"91":12,"92":11,"93":11,"94":11,"95":11,"96":11,"97":1,"98":1,"99":11,"100":13,"101":13,"102":13,"103":13,"104":2,"105":2,"106":2,"107":13,"108":13,"109":12,"110":12,"111":12,"112":12,"113":12,"114":12,"115":11,"116":11,"117":13,"118":4,"119":4,"120":4,"121":2,"122":1,"123":1,"124":1,"125":1,"126":1,"127":1,"128":1,"129":1,"130":1,"131":1,"132":1,"133":10,"134":3,"135":2,"136":1,"137":1,"138":0,"139":0,"140":0,"141":0,"142":2,"143":1,"144":2,"145":1,"146":1},"b":{"1":[64,4],"2":[13,1],"3":[3,10],"4":[17,0],"5":[16,1],"6":[15,1],"7":[14,1],"8":[13,1],"9":[12,1],"10":[11,1],"11":[12,0],"12":[11,0],"13":[10,1],"14":[9,1],"15":[8,1],"16":[7,1],"17":[6,1],"18":[5,1],"19":[1,4],"20":[1,4],"21":[1,0],"22":[2,0],"23":[13,0],"24":[1,11],"25":[0,16],"26":[0,0],"27":[8,0],"28":[36,2],"29":[0,36],"30":[29,7],"31":[29,0],"32":[7,0],"33":[2,10],"34":[13,2],"35":[3,11],"36":[11,1],"37":[1,6],"38":[3,3],"39":[1,2],"40":[1,1],"41":[8,0],"42":[7,1],"43":[6,1],"44":[11,1],"45":[11,1],"46":[1,10],"47":[14,1],"48":[14,0],"49":[13,1],"50":[2,11],"51":[2,0],"52":[12,1],"53":[11,1],"54":[4,0],"55":[4,0],"56":[2,2],"57":[1,1],"58":[1,0],"59":[1,0],"60":[1,0],"61":[2,1],"62":[1,1],"63":[1,0],"64":[0,1],"65":[0,0],"66":[2,1],"67":[1,1],"68":[1,1],"69":[1,1]},"f":{"1":3,"2":68,"3":2,"4":14,"5":17,"6":10,"7":2,"8":15,"9":13,"10":12,"11":16,"12":2,"13":8,"14":36,"15":12,"16":15,"17":21,"18":7,"19":8,"20":12,"21":13,"22":4,"23":10,"24":3,"25":1,"26":2,"27":1,"28":1},"fnMap":{"1":{"name":"constructor","line":103,"loc":{"start":{"line":103,"column":4},"end":{"line":130,"column":4}}},"2":{"name":"validatePool","line":137,"loc":{"start":{"line":137,"column":4},"end":{"line":140,"column":4}}},"3":{"name":"poolLength","line":142,"loc":{"start":{"line":142,"column":4},"end":{"line":144,"column":4}}},"4":{"name":"requireMembership","line":149,"loc":{"start":{"line":149,"column":4},"end":{"line":153,"column":4}}},"5":{"name":"add","line":173,"loc":{"start":{"line":173,"column":4},"end":{"line":205,"column":4}}},"6":{"name":"set","line":222,"loc":{"start":{"line":222,"column":4},"end":{"line":247,"column":4}}},"7":{"name":"massUpdatePools","line":252,"loc":{"start":{"line":252,"column":4},"end":{"line":254,"column":4}}},"8":{"name":"_massUpdatePools","line":259,"loc":{"start":{"line":259,"column":4},"end":{"line":264,"column":4}}},"9":{"name":"updateStakingPool","line":269,"loc":{"start":{"line":269,"column":4},"end":{"line":278,"column":4}}},"10":{"name":"getMultiplier","line":283,"loc":{"start":{"line":283,"column":4},"end":{"line":287,"column":4}}},"11":{"name":"applyHalving","line":296,"loc":{"start":{"line":296,"column":4},"end":{"line":306,"column":4}}},"12":{"name":"mintingInfo","line":312,"loc":{"start":{"line":312,"column":4},"end":{"line":314,"column":4}}},"13":{"name":"updatePool","line":320,"loc":{"start":{"line":320,"column":4},"end":{"line":322,"column":4}}},"14":{"name":"_updatePool","line":328,"loc":{"start":{"line":328,"column":4},"end":{"line":354,"column":4}}},"15":{"name":"pendingBit","line":362,"loc":{"start":{"line":362,"column":4},"end":{"line":377,"column":4}}},"16":{"name":"timeToUnlock","line":385,"loc":{"start":{"line":385,"column":4},"end":{"line":393,"column":4}}},"17":{"name":"isMember","line":404,"loc":{"start":{"line":404,"column":4},"end":{"line":408,"column":4}}},"18":{"name":"getAffiliateBasePoints","line":418,"loc":{"start":{"line":418,"column":4},"end":{"line":436,"column":4}}},"19":{"name":"setCode","line":445,"loc":{"start":{"line":445,"column":4},"end":{"line":450,"column":4}}},"20":{"name":"handleFee","line":461,"loc":{"start":{"line":461,"column":4},"end":{"line":484,"column":4}}},"21":{"name":"deposit","line":495,"loc":{"start":{"line":495,"column":4},"end":{"line":536,"column":4}}},"22":{"name":"withdraw","line":546,"loc":{"start":{"line":546,"column":4},"end":{"line":574,"column":4}}},"23":{"name":"safeBitTransfer","line":583,"loc":{"start":{"line":583,"column":4},"end":{"line":585,"column":4}}},"24":{"name":"tres","line":592,"loc":{"start":{"line":592,"column":4},"end":{"line":597,"column":4}}},"25":{"name":"setStartTimestamp","line":607,"loc":{"start":{"line":607,"column":4},"end":{"line":622,"column":4}}},"26":{"name":"setPaused","line":631,"loc":{"start":{"line":631,"column":4},"end":{"line":639,"column":4}}},"27":{"name":"whiteListAddress","line":647,"loc":{"start":{"line":647,"column":4},"end":{"line":651,"column":4}}},"28":{"name":"excludeFromFees","line":659,"loc":{"start":{"line":659,"column":4},"end":{"line":663,"column":4}}}},"statementMap":{"1":{"start":{"line":115,"column":8},"end":{"line":115,"column":5307}},"2":{"start":{"line":138,"column":8},"end":{"line":138,"column":68}},"3":{"start":{"line":143,"column":8},"end":{"line":143,"column":30}},"4":{"start":{"line":151,"column":8},"end":{"line":151,"column":113}},"5":{"start":{"line":174,"column":8},"end":{"line":174,"column":93}},"6":{"start":{"line":175,"column":8},"end":{"line":175,"column":81}},"7":{"start":{"line":176,"column":8},"end":{"line":176,"column":95}},"8":{"start":{"line":177,"column":8},"end":{"line":177,"column":84}},"9":{"start":{"line":178,"column":8},"end":{"line":178,"column":100}},"10":{"start":{"line":179,"column":8},"end":{"line":179,"column":8149}},"11":{"start":{"line":180,"column":12},"end":{"line":180,"column":29}},"12":{"start":{"line":183,"column":8},"end":{"line":183,"column":38}},"13":{"start":{"line":185,"column":8},"end":{"line":185,"column":105}},"14":{"start":{"line":189,"column":8},"end":{"line":189,"column":8658}},"15":{"start":{"line":203,"column":8},"end":{"line":203,"column":26}},"16":{"start":{"line":204,"column":8},"end":{"line":204,"column":148}},"17":{"start":{"line":223,"column":8},"end":{"line":223,"column":93}},"18":{"start":{"line":224,"column":8},"end":{"line":224,"column":81}},"19":{"start":{"line":225,"column":8},"end":{"line":225,"column":95}},"20":{"start":{"line":226,"column":8},"end":{"line":226,"column":84}},"21":{"start":{"line":227,"column":8},"end":{"line":227,"column":100}},"22":{"start":{"line":228,"column":8},"end":{"line":228,"column":11046}},"23":{"start":{"line":229,"column":12},"end":{"line":229,"column":29}},"24":{"start":{"line":230,"column":8},"end":{"line":230,"column":58}},"25":{"start":{"line":239,"column":8},"end":{"line":239,"column":11560}},"26":{"start":{"line":242,"column":12},"end":{"line":242,"column":11866}},"27":{"start":{"line":244,"column":12},"end":{"line":244,"column":30}},"28":{"start":{"line":246,"column":8},"end":{"line":246,"column":137}},"29":{"start":{"line":253,"column":8},"end":{"line":253,"column":25}},"30":{"start":{"line":260,"column":8},"end":{"line":260,"column":40}},"31":{"start":{"line":261,"column":8},"end":{"line":261,"column":12513}},"32":{"start":{"line":262,"column":12},"end":{"line":262,"column":27}},"33":{"start":{"line":270,"column":8},"end":{"line":270,"column":51}},"34":{"start":{"line":271,"column":8},"end":{"line":271,"column":56}},"35":{"start":{"line":273,"column":8},"end":{"line":273,"column":12914}},"36":{"start":{"line":284,"column":8},"end":{"line":284,"column":13343}},"37":{"start":{"line":285,"column":12},"end":{"line":285,"column":20}},"38":{"start":{"line":286,"column":8},"end":{"line":286,"column":29}},"39":{"start":{"line":299,"column":8},"end":{"line":299,"column":13933}},"40":{"start":{"line":300,"column":12},"end":{"line":300,"column":20}},"41":{"start":{"line":302,"column":8},"end":{"line":302,"column":73}},"42":{"start":{"line":304,"column":8},"end":{"line":304,"column":52}},"43":{"start":{"line":305,"column":8},"end":{"line":305,"column":31}},"44":{"start":{"line":313,"column":2},"end":{"line":313,"column":38}},"45":{"start":{"line":321,"column":8},"end":{"line":321,"column":24}},"46":{"start":{"line":329,"column":8},"end":{"line":329,"column":46}},"47":{"start":{"line":330,"column":8},"end":{"line":330,"column":56}},"48":{"start":{"line":331,"column":8},"end":{"line":331,"column":15044}},"49":{"start":{"line":332,"column":12},"end":{"line":332,"column":18}},"50":{"start":{"line":334,"column":8},"end":{"line":334,"column":44}},"51":{"start":{"line":335,"column":8},"end":{"line":335,"column":15172}},"52":{"start":{"line":337,"column":12},"end":{"line":337,"column":18}},"53":{"start":{"line":339,"column":8},"end":{"line":339,"column":74}},"54":{"start":{"line":341,"column":8},"end":{"line":341,"column":115}},"55":{"start":{"line":342,"column":8},"end":{"line":342,"column":15522}},"56":{"start":{"line":343,"column":12},"end":{"line":343,"column":48}},"57":{"start":{"line":345,"column":12},"end":{"line":345,"column":44}},"58":{"start":{"line":347,"column":12},"end":{"line":347,"column":50}},"59":{"start":{"line":364,"column":8},"end":{"line":364,"column":46}},"60":{"start":{"line":366,"column":8},"end":{"line":366,"column":53}},"61":{"start":{"line":367,"column":8},"end":{"line":367,"column":54}},"62":{"start":{"line":368,"column":8},"end":{"line":368,"column":44}},"63":{"start":{"line":369,"column":8},"end":{"line":369,"column":56}},"64":{"start":{"line":370,"column":8},"end":{"line":370,"column":16730}},"65":{"start":{"line":371,"column":12},"end":{"line":371,"column":78}},"66":{"start":{"line":373,"column":12},"end":{"line":373,"column":119}},"67":{"start":{"line":376,"column":8},"end":{"line":376,"column":95}},"68":{"start":{"line":386,"column":8},"end":{"line":386,"column":53}},"69":{"start":{"line":387,"column":8},"end":{"line":387,"column":46}},"70":{"start":{"line":388,"column":8},"end":{"line":388,"column":63}},"71":{"start":{"line":389,"column":8},"end":{"line":389,"column":17808}},"72":{"start":{"line":390,"column":12},"end":{"line":390,"column":20}},"73":{"start":{"line":392,"column":12},"end":{"line":392,"column":51}},"74":{"start":{"line":407,"column":8},"end":{"line":407,"column":110}},"75":{"start":{"line":420,"column":8},"end":{"line":420,"column":19158}},"76":{"start":{"line":421,"column":12},"end":{"line":421,"column":20}},"77":{"start":{"line":422,"column":13},"end":{"line":422,"column":19214}},"78":{"start":{"line":424,"column":12},"end":{"line":424,"column":21}},"79":{"start":{"line":426,"column":13},"end":{"line":426,"column":19326}},"80":{"start":{"line":428,"column":12},"end":{"line":428,"column":21}},"81":{"start":{"line":430,"column":13},"end":{"line":430,"column":19439}},"82":{"start":{"line":432,"column":12},"end":{"line":432,"column":21}},"83":{"start":{"line":435,"column":8},"end":{"line":435,"column":16}},"84":{"start":{"line":446,"column":8},"end":{"line":446,"column":84}},"85":{"start":{"line":447,"column":8},"end":{"line":447,"column":103}},"86":{"start":{"line":449,"column":8},"end":{"line":449,"column":39}},"87":{"start":{"line":462,"column":8},"end":{"line":462,"column":46}},"88":{"start":{"line":463,"column":8},"end":{"line":463,"column":38}},"89":{"start":{"line":465,"column":8},"end":{"line":465,"column":20937}},"90":{"start":{"line":466,"column":12},"end":{"line":466,"column":54}},"91":{"start":{"line":468,"column":8},"end":{"line":468,"column":21053}},"92":{"start":{"line":470,"column":12},"end":{"line":470,"column":64}},"93":{"start":{"line":471,"column":12},"end":{"line":471,"column":48}},"94":{"start":{"line":472,"column":12},"end":{"line":472,"column":65}},"95":{"start":{"line":473,"column":12},"end":{"line":473,"column":36}},"96":{"start":{"line":474,"column":12},"end":{"line":474,"column":21364}},"97":{"start":{"line":476,"column":16},"end":{"line":476,"column":77}},"98":{"start":{"line":479,"column":16},"end":{"line":479,"column":78}},"99":{"start":{"line":482,"column":12},"end":{"line":482,"column":78}},"100":{"start":{"line":496,"column":8},"end":{"line":496,"column":46}},"101":{"start":{"line":497,"column":8},"end":{"line":497,"column":58}},"102":{"start":{"line":498,"column":8},"end":{"line":498,"column":24}},"103":{"start":{"line":499,"column":8},"end":{"line":499,"column":22478}},"104":{"start":{"line":501,"column":12},"end":{"line":501,"column":115}},"105":{"start":{"line":502,"column":12},"end":{"line":502,"column":22719}},"106":{"start":{"line":503,"column":16},"end":{"line":503,"column":51}},"107":{"start":{"line":506,"column":8},"end":{"line":506,"column":29}},"108":{"start":{"line":507,"column":8},"end":{"line":507,"column":22855}},"109":{"start":{"line":508,"column":12},"end":{"line":508,"column":34}},"110":{"start":{"line":509,"column":12},"end":{"line":509,"column":44}},"111":{"start":{"line":511,"column":12},"end":{"line":511,"column":78}},"112":{"start":{"line":512,"column":12},"end":{"line":512,"column":88}},"113":{"start":{"line":513,"column":12},"end":{"line":513,"column":79}},"114":{"start":{"line":516,"column":12},"end":{"line":516,"column":23465}},"115":{"start":{"line":519,"column":16},"end":{"line":519,"column":93}},"116":{"start":{"line":520,"column":16},"end":{"line":520,"column":52}},"117":{"start":{"line":535,"column":8},"end":{"line":535,"column":62}},"118":{"start":{"line":547,"column":8},"end":{"line":547,"column":46}},"119":{"start":{"line":548,"column":8},"end":{"line":548,"column":58}},"120":{"start":{"line":549,"column":8},"end":{"line":549,"column":102}},"121":{"start":{"line":551,"column":8},"end":{"line":551,"column":89}},"122":{"start":{"line":552,"column":8},"end":{"line":552,"column":24}},"123":{"start":{"line":553,"column":8},"end":{"line":553,"column":111}},"124":{"start":{"line":554,"column":8},"end":{"line":554,"column":25712}},"125":{"start":{"line":555,"column":12},"end":{"line":555,"column":47}},"126":{"start":{"line":557,"column":8},"end":{"line":557,"column":25801}},"127":{"start":{"line":562,"column":12},"end":{"line":562,"column":34}},"128":{"start":{"line":563,"column":12},"end":{"line":563,"column":26077}},"129":{"start":{"line":565,"column":16},"end":{"line":565,"column":95}},"130":{"start":{"line":566,"column":16},"end":{"line":566,"column":52}},"131":{"start":{"line":569,"column":12},"end":{"line":569,"column":85}},"132":{"start":{"line":573,"column":8},"end":{"line":573,"column":52}},"133":{"start":{"line":584,"column":8},"end":{"line":584,"column":40}},"134":{"start":{"line":593,"column":8},"end":{"line":593,"column":60}},"135":{"start":{"line":594,"column":8},"end":{"line":594,"column":94}},"136":{"start":{"line":596,"column":8},"end":{"line":596,"column":47}},"137":{"start":{"line":608,"column":8},"end":{"line":608,"column":27924}},"138":{"start":{"line":612,"column":8},"end":{"line":612,"column":28055}},"139":{"start":{"line":616,"column":8},"end":{"line":616,"column":28178}},"140":{"start":{"line":617,"column":12},"end":{"line":617,"column":49}},"141":{"start":{"line":621,"column":8},"end":{"line":621,"column":42}},"142":{"start":{"line":633,"column":8},"end":{"line":633,"column":28801}},"143":{"start":{"line":635,"column":12},"end":{"line":635,"column":29}},"144":{"start":{"line":638,"column":8},"end":{"line":638,"column":31}},"145":{"start":{"line":650,"column":8},"end":{"line":650,"column":34}},"146":{"start":{"line":662,"column":8},"end":{"line":662,"column":39}}},"branchMap":{"1":{"line":138,"type":"if","locations":[{"start":{"line":138,"column":8},"end":{"line":138,"column":8}},{"start":{"line":138,"column":8},"end":{"line":138,"column":8}}]},"2":{"line":151,"type":"if","locations":[{"start":{"line":151,"column":8},"end":{"line":151,"column":8}},{"start":{"line":151,"column":8},"end":{"line":151,"column":8}}]},"3":{"line":151,"type":"cond-expr","locations":[{"start":{"line":151,"column":16},"end":{"line":151,"column":48}},{"start":{"line":151,"column":53},"end":{"line":151,"column":72}}]},"4":{"line":173,"type":"if","locations":[{"start":{"line":173,"column":217},"end":{"line":173,"column":217}},{"start":{"line":173,"column":217},"end":{"line":173,"column":217}}]},"5":{"line":174,"type":"if","locations":[{"start":{"line":174,"column":8},"end":{"line":174,"column":8}},{"start":{"line":174,"column":8},"end":{"line":174,"column":8}}]},"6":{"line":175,"type":"if","locations":[{"start":{"line":175,"column":8},"end":{"line":175,"column":8}},{"start":{"line":175,"column":8},"end":{"line":175,"column":8}}]},"7":{"line":176,"type":"if","locations":[{"start":{"line":176,"column":8},"end":{"line":176,"column":8}},{"start":{"line":176,"column":8},"end":{"line":176,"column":8}}]},"8":{"line":177,"type":"if","locations":[{"start":{"line":177,"column":8},"end":{"line":177,"column":8}},{"start":{"line":177,"column":8},"end":{"line":177,"column":8}}]},"9":{"line":178,"type":"if","locations":[{"start":{"line":178,"column":8},"end":{"line":178,"column":8}},{"start":{"line":178,"column":8},"end":{"line":178,"column":8}}]},"10":{"line":179,"type":"if","locations":[{"start":{"line":179,"column":8},"end":{"line":179,"column":8}},{"start":{"line":179,"column":8},"end":{"line":179,"column":8}}]},"11":{"line":185,"type":"if","locations":[{"start":{"line":185,"column":73},"end":{"line":185,"column":87}},{"start":{"line":185,"column":91},"end":{"line":185,"column":104}}]},"12":{"line":222,"type":"if","locations":[{"start":{"line":222,"column":216},"end":{"line":222,"column":216}},{"start":{"line":222,"column":216},"end":{"line":222,"column":216}}]},"13":{"line":222,"type":"if","locations":[{"start":{"line":222,"column":226},"end":{"line":222,"column":226}},{"start":{"line":222,"column":226},"end":{"line":222,"column":226}}]},"14":{"line":223,"type":"if","locations":[{"start":{"line":223,"column":8},"end":{"line":223,"column":8}},{"start":{"line":223,"column":8},"end":{"line":223,"column":8}}]},"15":{"line":224,"type":"if","locations":[{"start":{"line":224,"column":8},"end":{"line":224,"column":8}},{"start":{"line":224,"column":8},"end":{"line":224,"column":8}}]},"16":{"line":225,"type":"if","locations":[{"start":{"line":225,"column":8},"end":{"line":225,"column":8}},{"start":{"line":225,"column":8},"end":{"line":225,"column":8}}]},"17":{"line":226,"type":"if","locations":[{"start":{"line":226,"column":8},"end":{"line":226,"column":8}},{"start":{"line":226,"column":8},"end":{"line":226,"column":8}}]},"18":{"line":227,"type":"if","locations":[{"start":{"line":227,"column":8},"end":{"line":227,"column":8}},{"start":{"line":227,"column":8},"end":{"line":227,"column":8}}]},"19":{"line":228,"type":"if","locations":[{"start":{"line":228,"column":8},"end":{"line":228,"column":8}},{"start":{"line":228,"column":8},"end":{"line":228,"column":8}}]},"20":{"line":239,"type":"if","locations":[{"start":{"line":239,"column":8},"end":{"line":239,"column":8}},{"start":{"line":239,"column":8},"end":{"line":239,"column":8}}]},"21":{"line":242,"type":"if","locations":[{"start":{"line":242,"column":12},"end":{"line":242,"column":12}},{"start":{"line":242,"column":12},"end":{"line":242,"column":12}}]},"22":{"line":252,"type":"if","locations":[{"start":{"line":252,"column":40},"end":{"line":252,"column":40}},{"start":{"line":252,"column":40},"end":{"line":252,"column":40}}]},"23":{"line":273,"type":"if","locations":[{"start":{"line":273,"column":8},"end":{"line":273,"column":8}},{"start":{"line":273,"column":8},"end":{"line":273,"column":8}}]},"24":{"line":284,"type":"if","locations":[{"start":{"line":284,"column":8},"end":{"line":284,"column":8}},{"start":{"line":284,"column":8},"end":{"line":284,"column":8}}]},"25":{"line":299,"type":"if","locations":[{"start":{"line":299,"column":8},"end":{"line":299,"column":8}},{"start":{"line":299,"column":8},"end":{"line":299,"column":8}}]},"26":{"line":299,"type":"cond-expr","locations":[{"start":{"line":299,"column":12},"end":{"line":299,"column":43}},{"start":{"line":299,"column":48},"end":{"line":299,"column":66}}]},"27":{"line":320,"type":"if","locations":[{"start":{"line":320,"column":47},"end":{"line":320,"column":47}},{"start":{"line":320,"column":47},"end":{"line":320,"column":47}}]},"28":{"line":328,"type":"if","locations":[{"start":{"line":328,"column":48},"end":{"line":328,"column":48}},{"start":{"line":328,"column":48},"end":{"line":328,"column":48}}]},"29":{"line":331,"type":"if","locations":[{"start":{"line":331,"column":8},"end":{"line":331,"column":8}},{"start":{"line":331,"column":8},"end":{"line":331,"column":8}}]},"30":{"line":335,"type":"if","locations":[{"start":{"line":335,"column":8},"end":{"line":335,"column":8}},{"start":{"line":335,"column":8},"end":{"line":335,"column":8}}]},"31":{"line":335,"type":"cond-expr","locations":[{"start":{"line":335,"column":12},"end":{"line":335,"column":24}},{"start":{"line":335,"column":29},"end":{"line":335,"column":48}}]},"32":{"line":342,"type":"if","locations":[{"start":{"line":342,"column":8},"end":{"line":342,"column":8}},{"start":{"line":342,"column":8},"end":{"line":342,"column":8}}]},"33":{"line":370,"type":"if","locations":[{"start":{"line":370,"column":8},"end":{"line":370,"column":8}},{"start":{"line":370,"column":8},"end":{"line":370,"column":8}}]},"34":{"line":389,"type":"if","locations":[{"start":{"line":389,"column":8},"end":{"line":389,"column":8}},{"start":{"line":389,"column":8},"end":{"line":389,"column":8}}]},"35":{"line":407,"type":"cond-expr","locations":[{"start":{"line":407,"column":15},"end":{"line":407,"column":38}},{"start":{"line":407,"column":43},"end":{"line":407,"column":85}}]},"36":{"line":407,"type":"cond-expr","locations":[{"start":{"line":407,"column":15},"end":{"line":407,"column":85}},{"start":{"line":407,"column":90},"end":{"line":407,"column":109}}]},"37":{"line":420,"type":"if","locations":[{"start":{"line":420,"column":8},"end":{"line":420,"column":8}},{"start":{"line":420,"column":8},"end":{"line":420,"column":8}}]},"38":{"line":422,"type":"if","locations":[{"start":{"line":422,"column":13},"end":{"line":422,"column":13}},{"start":{"line":422,"column":13},"end":{"line":422,"column":13}}]},"39":{"line":426,"type":"if","locations":[{"start":{"line":426,"column":13},"end":{"line":426,"column":13}},{"start":{"line":426,"column":13},"end":{"line":426,"column":13}}]},"40":{"line":430,"type":"if","locations":[{"start":{"line":430,"column":13},"end":{"line":430,"column":13}},{"start":{"line":430,"column":13},"end":{"line":430,"column":13}}]},"41":{"line":445,"type":"if","locations":[{"start":{"line":445,"column":42},"end":{"line":445,"column":42}},{"start":{"line":445,"column":42},"end":{"line":445,"column":42}}]},"42":{"line":446,"type":"if","locations":[{"start":{"line":446,"column":8},"end":{"line":446,"column":8}},{"start":{"line":446,"column":8},"end":{"line":446,"column":8}}]},"43":{"line":447,"type":"if","locations":[{"start":{"line":447,"column":8},"end":{"line":447,"column":8}},{"start":{"line":447,"column":8},"end":{"line":447,"column":8}}]},"44":{"line":465,"type":"if","locations":[{"start":{"line":465,"column":8},"end":{"line":465,"column":8}},{"start":{"line":465,"column":8},"end":{"line":465,"column":8}}]},"45":{"line":468,"type":"if","locations":[{"start":{"line":468,"column":8},"end":{"line":468,"column":8}},{"start":{"line":468,"column":8},"end":{"line":468,"column":8}}]},"46":{"line":474,"type":"if","locations":[{"start":{"line":474,"column":12},"end":{"line":474,"column":12}},{"start":{"line":474,"column":12},"end":{"line":474,"column":12}}]},"47":{"line":495,"type":"if","locations":[{"start":{"line":495,"column":61},"end":{"line":495,"column":61}},{"start":{"line":495,"column":61},"end":{"line":495,"column":61}}]},"48":{"line":495,"type":"if","locations":[{"start":{"line":495,"column":80},"end":{"line":495,"column":80}},{"start":{"line":495,"column":80},"end":{"line":495,"column":80}}]},"49":{"line":495,"type":"if","locations":[{"start":{"line":495,"column":93},"end":{"line":495,"column":93}},{"start":{"line":495,"column":93},"end":{"line":495,"column":93}}]},"50":{"line":499,"type":"if","locations":[{"start":{"line":499,"column":8},"end":{"line":499,"column":8}},{"start":{"line":499,"column":8},"end":{"line":499,"column":8}}]},"51":{"line":502,"type":"if","locations":[{"start":{"line":502,"column":12},"end":{"line":502,"column":12}},{"start":{"line":502,"column":12},"end":{"line":502,"column":12}}]},"52":{"line":507,"type":"if","locations":[{"start":{"line":507,"column":8},"end":{"line":507,"column":8}},{"start":{"line":507,"column":8},"end":{"line":507,"column":8}}]},"53":{"line":516,"type":"if","locations":[{"start":{"line":516,"column":12},"end":{"line":516,"column":12}},{"start":{"line":516,"column":12},"end":{"line":516,"column":12}}]},"54":{"line":546,"type":"if","locations":[{"start":{"line":546,"column":62},"end":{"line":546,"column":62}},{"start":{"line":546,"column":62},"end":{"line":546,"column":62}}]},"55":{"line":546,"type":"if","locations":[{"start":{"line":546,"column":81},"end":{"line":546,"column":81}},{"start":{"line":546,"column":81},"end":{"line":546,"column":81}}]},"56":{"line":549,"type":"if","locations":[{"start":{"line":549,"column":8},"end":{"line":549,"column":8}},{"start":{"line":549,"column":8},"end":{"line":549,"column":8}}]},"57":{"line":551,"type":"if","locations":[{"start":{"line":551,"column":8},"end":{"line":551,"column":8}},{"start":{"line":551,"column":8},"end":{"line":551,"column":8}}]},"58":{"line":554,"type":"if","locations":[{"start":{"line":554,"column":8},"end":{"line":554,"column":8}},{"start":{"line":554,"column":8},"end":{"line":554,"column":8}}]},"59":{"line":557,"type":"if","locations":[{"start":{"line":557,"column":8},"end":{"line":557,"column":8}},{"start":{"line":557,"column":8},"end":{"line":557,"column":8}}]},"60":{"line":563,"type":"if","locations":[{"start":{"line":563,"column":12},"end":{"line":563,"column":12}},{"start":{"line":563,"column":12},"end":{"line":563,"column":12}}]},"61":{"line":593,"type":"if","locations":[{"start":{"line":593,"column":8},"end":{"line":593,"column":8}},{"start":{"line":593,"column":8},"end":{"line":593,"column":8}}]},"62":{"line":594,"type":"if","locations":[{"start":{"line":594,"column":8},"end":{"line":594,"column":8}},{"start":{"line":594,"column":8},"end":{"line":594,"column":8}}]},"63":{"line":607,"type":"if","locations":[{"start":{"line":607,"column":58},"end":{"line":607,"column":58}},{"start":{"line":607,"column":58},"end":{"line":607,"column":58}}]},"64":{"line":608,"type":"if","locations":[{"start":{"line":608,"column":8},"end":{"line":608,"column":8}},{"start":{"line":608,"column":8},"end":{"line":608,"column":8}}]},"65":{"line":612,"type":"if","locations":[{"start":{"line":612,"column":8},"end":{"line":612,"column":8}},{"start":{"line":612,"column":8},"end":{"line":612,"column":8}}]},"66":{"line":631,"type":"if","locations":[{"start":{"line":631,"column":64},"end":{"line":631,"column":64}},{"start":{"line":631,"column":64},"end":{"line":631,"column":64}}]},"67":{"line":633,"type":"if","locations":[{"start":{"line":633,"column":8},"end":{"line":633,"column":8}},{"start":{"line":633,"column":8},"end":{"line":633,"column":8}}]},"68":{"line":647,"type":"if","locations":[{"start":{"line":647,"column":70},"end":{"line":647,"column":70}},{"start":{"line":647,"column":70},"end":{"line":647,"column":70}}]},"69":{"line":659,"type":"if","locations":[{"start":{"line":659,"column":69},"end":{"line":659,"column":69}},{"start":{"line":659,"column":69},"end":{"line":659,"column":69}}]}}},
"contracts\\BitRAM.sol":{"l":{"26":6,"35":14,"36":14,"37":2,"38":1,"40":12,"41":11},"path":"D:\\Blockchain\\wildlands\\code\\contracts\\BitRAM.sol","s":{"1":14,"2":14,"3":2,"4":1,"5":12,"6":11},"b":{"1":[14,1],"2":[2,12],"3":[1,1],"4":[11,1]},"f":{"1":6,"2":14},"fnMap":{"1":{"name":"constructor","line":23,"loc":{"start":{"line":23,"column":4},"end":{"line":27,"column":4}}},"2":{"name":"safeBitTransfer","line":34,"loc":{"start":{"line":34,"column":4},"end":{"line":43,"column":4}}}},"statementMap":{"1":{"start":{"line":35,"column":8},"end":{"line":35,"column":55}},"2":{"start":{"line":36,"column":8},"end":{"line":36,"column":1000}},"3":{"start":{"line":37,"column":12},"end":{"line":37,"column":1076}},"4":{"start":{"line":38,"column":16},"end":{"line":38,"column":46}},"5":{"start":{"line":40,"column":12},"end":{"line":40,"column":1174}},"6":{"start":{"line":41,"column":16},"end":{"line":41,"column":47}}},"branchMap":{"1":{"line":34,"type":"if","locations":[{"start":{"line":34,"column":68},"end":{"line":34,"column":68}},{"start":{"line":34,"column":68},"end":{"line":34,"column":68}}]},"2":{"line":36,"type":"if","locations":[{"start":{"line":36,"column":8},"end":{"line":36,"column":8}},{"start":{"line":36,"column":8},"end":{"line":36,"column":8}}]},"3":{"line":37,"type":"if","locations":[{"start":{"line":37,"column":12},"end":{"line":37,"column":12}},{"start":{"line":37,"column":12},"end":{"line":37,"column":12}}]},"4":{"line":40,"type":"if","locations":[{"start":{"line":40,"column":12},"end":{"line":40,"column":12}},{"start":{"line":40,"column":12},"end":{"line":40,"column":12}}]}}},
"contracts\\CrowdSale.sol":{"l":{"58":6,"61":4,"65":31,"69":29,"73":29,"76":28,"80":28,"83":27,"100":7,"104":6,"108":5,"112":4,"117":3,"118":3,"119":3,"120":3,"121":3,"123":3,"124":3,"125":3,"136":10,"137":14,"138":13,"147":7,"151":6,"153":6,"155":5,"156":5,"157":5,"165":5,"175":3,"176":2,"177":1,"178":1,"188":27,"193":27,"195":27,"197":27,"198":10,"200":10,"204":9,"210":8,"212":4,"214":4,"217":10,"221":9,"225":8,"226":8,"231":7,"233":3,"235":3,"238":7,"243":6,"244":6,"249":5,"251":1,"253":1,"257":20,"262":20,"264":20,"265":20,"266":20,"267":20,"269":8,"272":20,"273":20,"275":20,"277":20,"278":16,"280":20,"281":8,"297":8,"312":24,"320":6,"321":6,"322":6,"330":2,"339":13,"340":12,"344":11,"345":11,"354":7,"355":6,"359":5,"360":5,"369":6,"370":5,"374":4,"375":4,"383":1,"391":1,"400":6,"408":1,"409":1,"416":1,"419":1},"path":"D:\\Blockchain\\wildlands\\code\\contracts\\CrowdSale.sol","s":{"1":6,"2":31,"3":29,"4":28,"5":7,"6":6,"7":5,"8":4,"9":10,"10":14,"11":7,"12":6,"13":6,"14":5,"15":5,"16":3,"17":2,"18":27,"19":27,"20":27,"21":27,"22":10,"23":9,"24":8,"25":17,"26":10,"27":9,"28":8,"29":7,"30":7,"31":7,"32":6,"33":5,"34":20,"35":20,"36":20,"37":20,"38":20,"39":20,"40":8,"41":20,"42":20,"43":20,"44":20,"45":8,"46":24,"47":6,"48":6,"49":13,"50":12,"51":11,"52":7,"53":6,"54":5,"55":6,"56":5,"57":4,"58":1,"59":1,"60":6,"61":1,"62":1,"63":1,"64":1},"b":{"1":[4,2],"2":[29,2],"3":[28,1],"4":[27,1],"5":[6,1],"6":[5,1],"7":[4,1],"8":[3,1],"9":[10,1],"10":[13,1],"11":[6,1],"12":[6,0],"13":[5,1],"14":[3,1],"15":[2,1],"16":[1,1],"17":[31,0],"18":[29,2],"19":[28,1],"20":[27,1],"21":[27,0],"22":[10,17],"23":[9,1],"24":[8,1],"25":[8,0],"26":[4,4],"27":[10,7],"28":[9,1],"29":[8,1],"30":[7,1],"31":[7,0],"32":[3,4],"33":[7,0],"34":[6,1],"35":[5,1],"36":[5,0],"37":[1,4],"38":[20,0],"39":[8,12],"40":[16,4],"41":[8,12],"42":[6,1],"43":[2,1],"44":[13,1],"45":[12,1],"46":[11,1],"47":[7,1],"48":[6,1],"49":[5,1],"50":[6,1],"51":[5,1],"52":[4,1],"53":[6,1],"54":[2,1],"55":[1,1],"56":[2,1],"57":[1,1],"58":[1,0]},"f":{"1":6,"2":31,"3":29,"4":28,"5":7,"6":10,"7":7,"8":5,"9":3,"10":27,"11":8,"12":24,"13":6,"14":2,"15":13,"16":7,"17":6,"18":1,"19":1,"20":6,"21":1,"22":1},"fnMap":{"1":{"name":"whenIcoCompleted","line":57,"loc":{"start":{"line":57,"column":4},"end":{"line":62,"column":4}}},"2":{"name":"onlyAfterStart","line":64,"loc":{"start":{"line":64,"column":4},"end":{"line":70,"column":4}}},"3":{"name":"onlyWhenNotPaused","line":72,"loc":{"start":{"line":72,"column":4},"end":{"line":77,"column":4}}},"4":{"name":"onlyWhenNotCompleted","line":79,"loc":{"start":{"line":79,"column":4},"end":{"line":84,"column":4}}},"5":{"name":"constructor","line":93,"loc":{"start":{"line":93,"column":4},"end":{"line":126,"column":4}}},"6":{"name":"setWhitelist","line":134,"loc":{"start":{"line":134,"column":4},"end":{"line":140,"column":4}}},"7":{"name":"secureWhitelistSpot","line":146,"loc":{"start":{"line":146,"column":4},"end":{"line":158,"column":4}}},"8":{"name":"getWhitelistSpots","line":164,"loc":{"start":{"line":164,"column":4},"end":{"line":166,"column":4}}},"9":{"name":"setTreasury","line":174,"loc":{"start":{"line":174,"column":4},"end":{"line":179,"column":4}}},"10":{"name":"buyNative","line":187,"loc":{"start":{"line":187,"column":4},"end":{"line":283,"column":4}}},"11":{"name":"_getETHAmount","line":291,"loc":{"start":{"line":291,"column":4},"end":{"line":298,"column":4}}},"12":{"name":"_getTokensAmount","line":306,"loc":{"start":{"line":306,"column":4},"end":{"line":313,"column":4}}},"13":{"name":"closeCrowdsale","line":319,"loc":{"start":{"line":319,"column":4},"end":{"line":323,"column":4}}},"14":{"name":"togglePauseCrowdsale","line":329,"loc":{"start":{"line":329,"column":4},"end":{"line":331,"column":4}}},"15":{"name":"startCrowdSale","line":338,"loc":{"start":{"line":338,"column":4},"end":{"line":346,"column":4}}},"16":{"name":"startSecondRound","line":353,"loc":{"start":{"line":353,"column":4},"end":{"line":361,"column":4}}},"17":{"name":"startThirdRound","line":368,"loc":{"start":{"line":368,"column":4},"end":{"line":376,"column":4}}},"18":{"name":"has2ndRoundStarted","line":382,"loc":{"start":{"line":382,"column":4},"end":{"line":384,"column":4}}},"19":{"name":"has3rdRoundStarted","line":390,"loc":{"start":{"line":390,"column":4},"end":{"line":392,"column":4}}},"20":{"name":"deposit","line":399,"loc":{"start":{"line":399,"column":4},"end":{"line":401,"column":4}}},"21":{"name":"withdraw","line":407,"loc":{"start":{"line":407,"column":4},"end":{"line":410,"column":4}}},"22":{"name":"withdrawETH","line":415,"loc":{"start":{"line":415,"column":4},"end":{"line":420,"column":4}}}},"statementMap":{"1":{"start":{"line":58,"column":8},"end":{"line":58,"column":2126}},"2":{"start":{"line":65,"column":8},"end":{"line":65,"column":2239}},"3":{"start":{"line":73,"column":8},"end":{"line":73,"column":2494}},"4":{"start":{"line":80,"column":8},"end":{"line":80,"column":2653}},"5":{"start":{"line":100,"column":8},"end":{"line":100,"column":3194}},"6":{"start":{"line":104,"column":8},"end":{"line":104,"column":3325}},"7":{"start":{"line":108,"column":8},"end":{"line":108,"column":3465}},"8":{"start":{"line":112,"column":8},"end":{"line":112,"column":3598}},"9":{"start":{"line":136,"column":8},"end":{"line":136,"column":4603}},"10":{"start":{"line":137,"column":12},"end":{"line":137,"column":88}},"11":{"start":{"line":147,"column":8},"end":{"line":147,"column":5004}},"12":{"start":{"line":151,"column":8},"end":{"line":151,"column":5167}},"13":{"start":{"line":153,"column":8},"end":{"line":153,"column":5254}},"14":{"start":{"line":157,"column":8},"end":{"line":157,"column":34}},"15":{"start":{"line":165,"column":8},"end":{"line":165,"column":29}},"16":{"start":{"line":175,"column":8},"end":{"line":175,"column":74}},"17":{"start":{"line":176,"column":8},"end":{"line":176,"column":74}},"18":{"start":{"line":188,"column":8},"end":{"line":188,"column":6483}},"19":{"start":{"line":193,"column":8},"end":{"line":193,"column":35}},"20":{"start":{"line":195,"column":8},"end":{"line":195,"column":31}},"21":{"start":{"line":197,"column":8},"end":{"line":197,"column":6750}},"22":{"start":{"line":200,"column":12},"end":{"line":200,"column":6935}},"23":{"start":{"line":204,"column":12},"end":{"line":204,"column":7072}},"24":{"start":{"line":210,"column":12},"end":{"line":210,"column":7374}},"25":{"start":{"line":216,"column":15},"end":{"line":216,"column":7691}},"26":{"start":{"line":217,"column":12},"end":{"line":217,"column":7805}},"27":{"start":{"line":221,"column":12},"end":{"line":221,"column":7985}},"28":{"start":{"line":226,"column":12},"end":{"line":226,"column":8215}},"29":{"start":{"line":231,"column":12},"end":{"line":231,"column":8432}},"30":{"start":{"line":237,"column":15},"end":{"line":237,"column":8749}},"31":{"start":{"line":238,"column":12},"end":{"line":238,"column":8866}},"32":{"start":{"line":244,"column":12},"end":{"line":244,"column":9150}},"33":{"start":{"line":249,"column":12},"end":{"line":249,"column":9369}},"34":{"start":{"line":257,"column":8},"end":{"line":257,"column":9698}},"35":{"start":{"line":262,"column":8},"end":{"line":262,"column":64}},"36":{"start":{"line":264,"column":8},"end":{"line":264,"column":40}},"37":{"start":{"line":265,"column":8},"end":{"line":265,"column":35}},"38":{"start":{"line":266,"column":8},"end":{"line":266,"column":48}},"39":{"start":{"line":267,"column":8},"end":{"line":267,"column":10066}},"40":{"start":{"line":269,"column":12},"end":{"line":269,"column":65}},"41":{"start":{"line":272,"column":8},"end":{"line":272,"column":61}},"42":{"start":{"line":273,"column":8},"end":{"line":273,"column":57}},"43":{"start":{"line":277,"column":8},"end":{"line":277,"column":10524}},"44":{"start":{"line":280,"column":8},"end":{"line":280,"column":10627}},"45":{"start":{"line":297,"column":8},"end":{"line":297,"column":49}},"46":{"start":{"line":312,"column":8},"end":{"line":312,"column":43}},"47":{"start":{"line":321,"column":8},"end":{"line":321,"column":52}},"48":{"start":{"line":322,"column":8},"end":{"line":322,"column":20}},"49":{"start":{"line":339,"column":8},"end":{"line":339,"column":65}},"50":{"start":{"line":340,"column":8},"end":{"line":340,"column":12429}},"51":{"start":{"line":345,"column":8},"end":{"line":345,"column":34}},"52":{"start":{"line":354,"column":8},"end":{"line":354,"column":67}},"53":{"start":{"line":355,"column":8},"end":{"line":355,"column":12879}},"54":{"start":{"line":360,"column":8},"end":{"line":360,"column":34}},"55":{"start":{"line":369,"column":8},"end":{"line":369,"column":66}},"56":{"start":{"line":370,"column":8},"end":{"line":370,"column":13328}},"57":{"start":{"line":375,"column":8},"end":{"line":375,"column":34}},"58":{"start":{"line":383,"column":8},"end":{"line":383,"column":82}},"59":{"start":{"line":391,"column":8},"end":{"line":391,"column":80}},"60":{"start":{"line":400,"column":8},"end":{"line":400,"column":67}},"61":{"start":{"line":408,"column":8},"end":{"line":408,"column":56}},"62":{"start":{"line":409,"column":8},"end":{"line":409,"column":48}},"63":{"start":{"line":416,"column":8},"end":{"line":416,"column":14850}},"64":{"start":{"line":419,"column":8},"end":{"line":419,"column":23}}},"branchMap":{"1":{"line":58,"type":"if","locations":[{"start":{"line":58,"column":8},"end":{"line":58,"column":8}},{"start":{"line":58,"column":8},"end":{"line":58,"column":8}}]},"2":{"line":65,"type":"if","locations":[{"start":{"line":65,"column":8},"end":{"line":65,"column":8}},{"start":{"line":65,"column":8},"end":{"line":65,"column":8}}]},"3":{"line":73,"type":"if","locations":[{"start":{"line":73,"column":8},"end":{"line":73,"column":8}},{"start":{"line":73,"column":8},"end":{"line":73,"column":8}}]},"4":{"line":80,"type":"if","locations":[{"start":{"line":80,"column":8},"end":{"line":80,"column":8}},{"start":{"line":80,"column":8},"end":{"line":80,"column":8}}]},"5":{"line":100,"type":"if","locations":[{"start":{"line":100,"column":8},"end":{"line":100,"column":8}},{"start":{"line":100,"column":8},"end":{"line":100,"column":8}}]},"6":{"line":104,"type":"if","locations":[{"start":{"line":104,"column":8},"end":{"line":104,"column":8}},{"start":{"line":104,"column":8},"end":{"line":104,"column":8}}]},"7":{"line":108,"type":"if","locations":[{"start":{"line":108,"column":8},"end":{"line":108,"column":8}},{"start":{"line":108,"column":8},"end":{"line":108,"column":8}}]},"8":{"line":112,"type":"if","locations":[{"start":{"line":112,"column":8},"end":{"line":112,"column":8}},{"start":{"line":112,"column":8},"end":{"line":112,"column":8}}]},"9":{"line":134,"type":"if","locations":[{"start":{"line":134,"column":73},"end":{"line":134,"column":73}},{"start":{"line":134,"column":73},"end":{"line":134,"column":73}}]},"10":{"line":137,"type":"if","locations":[{"start":{"line":137,"column":12},"end":{"line":137,"column":12}},{"start":{"line":137,"column":12},"end":{"line":137,"column":12}}]},"11":{"line":147,"type":"if","locations":[{"start":{"line":147,"column":8},"end":{"line":147,"column":8}},{"start":{"line":147,"column":8},"end":{"line":147,"column":8}}]},"12":{"line":151,"type":"if","locations":[{"start":{"line":151,"column":8},"end":{"line":151,"column":8}},{"start":{"line":151,"column":8},"end":{"line":151,"column":8}}]},"13":{"line":153,"type":"if","locations":[{"start":{"line":153,"column":8},"end":{"line":153,"column":8}},{"start":{"line":153,"column":8},"end":{"line":153,"column":8}}]},"14":{"line":174,"type":"if","locations":[{"start":{"line":174,"column":90},"end":{"line":174,"column":90}},{"start":{"line":174,"column":90},"end":{"line":174,"column":90}}]},"15":{"line":175,"type":"if","locations":[{"start":{"line":175,"column":8},"end":{"line":175,"column":8}},{"start":{"line":175,"column":8},"end":{"line":175,"column":8}}]},"16":{"line":176,"type":"if","locations":[{"start":{"line":176,"column":8},"end":{"line":176,"column":8}},{"start":{"line":176,"column":8},"end":{"line":176,"column":8}}]},"17":{"line":187,"type":"if","locations":[{"start":{"line":187,"column":40},"end":{"line":187,"column":40}},{"start":{"line":187,"column":40},"end":{"line":187,"column":40}}]},"18":{"line":187,"type":"if","locations":[{"start":{"line":187,"column":53},"end":{"line":187,"column":53}},{"start":{"line":187,"column":53},"end":{"line":187,"column":53}}]},"19":{"line":187,"type":"if","locations":[{"start":{"line":187,"column":68},"end":{"line":187,"column":68}},{"start":{"line":187,"column":68},"end":{"line":187,"column":68}}]},"20":{"line":187,"type":"if","locations":[{"start":{"line":187,"column":86},"end":{"line":187,"column":86}},{"start":{"line":187,"column":86},"end":{"line":187,"column":86}}]},"21":{"line":188,"type":"if","locations":[{"start":{"line":188,"column":8},"end":{"line":188,"column":8}},{"start":{"line":188,"column":8},"end":{"line":188,"column":8}}]},"22":{"line":197,"type":"if","locations":[{"start":{"line":197,"column":8},"end":{"line":197,"column":8}},{"start":{"line":197,"column":8},"end":{"line":197,"column":8}}]},"23":{"line":200,"type":"if","locations":[{"start":{"line":200,"column":12},"end":{"line":200,"column":12}},{"start":{"line":200,"column":12},"end":{"line":200,"column":12}}]},"24":{"line":204,"type":"if","locations":[{"start":{"line":204,"column":12},"end":{"line":204,"column":12}},{"start":{"line":204,"column":12},"end":{"line":204,"column":12}}]},"25":{"line":205,"type":"cond-expr","locations":[{"start":{"line":205,"column":16},"end":{"line":205,"column":44}},{"start":{"line":207,"column":20},"end":{"line":207,"column":66}}]},"26":{"line":210,"type":"if","locations":[{"start":{"line":210,"column":12},"end":{"line":210,"column":12}},{"start":{"line":210,"column":12},"end":{"line":210,"column":12}}]},"27":{"line":216,"type":"if","locations":[{"start":{"line":216,"column":15},"end":{"line":216,"column":15}},{"start":{"line":216,"column":15},"end":{"line":216,"column":15}}]},"28":{"line":217,"type":"if","locations":[{"start":{"line":217,"column":12},"end":{"line":217,"column":12}},{"start":{"line":217,"column":12},"end":{"line":217,"column":12}}]},"29":{"line":221,"type":"if","locations":[{"start":{"line":221,"column":12},"end":{"line":221,"column":12}},{"start":{"line":221,"column":12},"end":{"line":221,"column":12}}]},"30":{"line":226,"type":"if","locations":[{"start":{"line":226,"column":12},"end":{"line":226,"column":12}},{"start":{"line":226,"column":12},"end":{"line":226,"column":12}}]},"31":{"line":227,"type":"cond-expr","locations":[{"start":{"line":227,"column":16},"end":{"line":227,"column":44}},{"start":{"line":228,"column":20},"end":{"line":228,"column":66}}]},"32":{"line":231,"type":"if","locations":[{"start":{"line":231,"column":12},"end":{"line":231,"column":12}},{"start":{"line":231,"column":12},"end":{"line":231,"column":12}}]},"33":{"line":237,"type":"if","locations":[{"start":{"line":237,"column":15},"end":{"line":237,"column":15}},{"start":{"line":237,"column":15},"end":{"line":237,"column":15}}]},"34":{"line":238,"type":"if","locations":[{"start":{"line":238,"column":12},"end":{"line":238,"column":12}},{"start":{"line":238,"column":12},"end":{"line":238,"column":12}}]},"35":{"line":244,"type":"if","locations":[{"start":{"line":244,"column":12},"end":{"line":244,"column":12}},{"start":{"line":244,"column":12},"end":{"line":244,"column":12}}]},"36":{"line":245,"type":"cond-expr","locations":[{"start":{"line":245,"column":16},"end":{"line":245,"column":44}},{"start":{"line":246,"column":20},"end":{"line":246,"column":68}}]},"37":{"line":249,"type":"if","locations":[{"start":{"line":249,"column":12},"end":{"line":249,"column":12}},{"start":{"line":249,"column":12},"end":{"line":249,"column":12}}]},"38":{"line":257,"type":"if","locations":[{"start":{"line":257,"column":8},"end":{"line":257,"column":8}},{"start":{"line":257,"column":8},"end":{"line":257,"column":8}}]},"39":{"line":267,"type":"if","locations":[{"start":{"line":267,"column":8},"end":{"line":267,"column":8}},{"start":{"line":267,"column":8},"end":{"line":267,"column":8}}]},"40":{"line":277,"type":"if","locations":[{"start":{"line":277,"column":8},"end":{"line":277,"column":8}},{"start":{"line":277,"column":8},"end":{"line":277,"column":8}}]},"41":{"line":280,"type":"if","locations":[{"start":{"line":280,"column":8},"end":{"line":280,"column":8}},{"start":{"line":280,"column":8},"end":{"line":280,"column":8}}]},"42":{"line":319,"type":"if","locations":[{"start":{"line":319,"column":37},"end":{"line":319,"column":37}},{"start":{"line":319,"column":37},"end":{"line":319,"column":37}}]},"43":{"line":329,"type":"if","locations":[{"start":{"line":329,"column":43},"end":{"line":329,"column":43}},{"start":{"line":329,"column":43},"end":{"line":329,"column":43}}]},"44":{"line":338,"type":"if","locations":[{"start":{"line":338,"column":50},"end":{"line":338,"column":50}},{"start":{"line":338,"column":50},"end":{"line":338,"column":50}}]},"45":{"line":339,"type":"if","locations":[{"start":{"line":339,"column":8},"end":{"line":339,"column":8}},{"start":{"line":339,"column":8},"end":{"line":339,"column":8}}]},"46":{"line":340,"type":"if","locations":[{"start":{"line":340,"column":8},"end":{"line":340,"column":8}},{"start":{"line":340,"column":8},"end":{"line":340,"column":8}}]},"47":{"line":353,"type":"if","locations":[{"start":{"line":353,"column":52},"end":{"line":353,"column":52}},{"start":{"line":353,"column":52},"end":{"line":353,"column":52}}]},"48":{"line":354,"type":"if","locations":[{"start":{"line":354,"column":8},"end":{"line":354,"column":8}},{"start":{"line":354,"column":8},"end":{"line":354,"column":8}}]},"49":{"line":355,"type":"if","locations":[{"start":{"line":355,"column":8},"end":{"line":355,"column":8}},{"start":{"line":355,"column":8},"end":{"line":355,"column":8}}]},"50":{"line":368,"type":"if","locations":[{"start":{"line":368,"column":51},"end":{"line":368,"column":51}},{"start":{"line":368,"column":51},"end":{"line":368,"column":51}}]},"51":{"line":369,"type":"if","locations":[{"start":{"line":369,"column":8},"end":{"line":369,"column":8}},{"start":{"line":369,"column":8},"end":{"line":369,"column":8}}]},"52":{"line":370,"type":"if","locations":[{"start":{"line":370,"column":8},"end":{"line":370,"column":8}},{"start":{"line":370,"column":8},"end":{"line":370,"column":8}}]},"53":{"line":399,"type":"if","locations":[{"start":{"line":399,"column":45},"end":{"line":399,"column":45}},{"start":{"line":399,"column":45},"end":{"line":399,"column":45}}]},"54":{"line":407,"type":"if","locations":[{"start":{"line":407,"column":31},"end":{"line":407,"column":31}},{"start":{"line":407,"column":31},"end":{"line":407,"column":31}}]},"55":{"line":407,"type":"if","locations":[{"start":{"line":407,"column":48},"end":{"line":407,"column":48}},{"start":{"line":407,"column":48},"end":{"line":407,"column":48}}]},"56":{"line":415,"type":"if","locations":[{"start":{"line":415,"column":34},"end":{"line":415,"column":34}},{"start":{"line":415,"column":34},"end":{"line":415,"column":34}}]},"57":{"line":415,"type":"if","locations":[{"start":{"line":415,"column":51},"end":{"line":415,"column":51}},{"start":{"line":415,"column":51},"end":{"line":415,"column":51}}]},"58":{"line":419,"type":"if","locations":[{"start":{"line":419,"column":8},"end":{"line":419,"column":8}},{"start":{"line":419,"column":8},"end":{"line":419,"column":8}}]}}},
"contracts\\IWildlandCards.sol":{"l":{},"path":"D:\\Blockchain\\wildlands\\code\\contracts\\IWildlandCards.sol","s":{},"b":{},"f":{},"fnMap":{},"statementMap":{},"branchMap":{}},
"contracts\\TokenVesting.sol":{"l":{"37":44,"38":42,"45":6,"50":6,"52":6,"61":14,"65":13,"80":31,"84":30,"85":29,"89":28,"96":27,"97":18,"98":18,"100":27,"102":27,"104":27,"114":3,"116":3,"117":2,"119":1,"121":1,"122":1,"123":1,"124":1,"126":1,"136":11,"137":10,"138":10,"154":4,"155":1,"158":3,"159":3,"160":1,"162":2,"163":2,"164":2,"165":1,"167":1,"182":7,"183":2,"186":5,"187":0,"189":5,"190":5,"192":5,"194":5,"196":5,"206":3,"207":1,"209":2,"211":2,"212":2,"213":2,"214":1,"217":1,"218":1,"220":1,"229":5,"230":4,"231":4,"232":3,"234":3,"235":3,"236":0,"239":3,"240":3,"241":1,"244":2,"245":2,"246":2,"248":2},"path":"D:\\Blockchain\\wildlands\\code\\contracts\\TokenVesting.sol","s":{"1":44,"2":6,"3":14,"4":31,"5":30,"6":29,"7":28,"8":27,"9":27,"10":3,"11":3,"12":2,"13":1,"14":1,"15":1,"16":11,"17":4,"18":1,"19":3,"20":3,"21":1,"22":2,"23":2,"24":2,"25":1,"26":1,"27":7,"28":2,"29":5,"30":0,"31":5,"32":5,"33":5,"34":5,"35":5,"36":3,"37":1,"38":2,"39":2,"40":2,"41":2,"42":1,"43":1,"44":1,"45":1,"46":5,"47":4,"48":4,"49":3,"50":3,"51":3,"52":0,"53":3,"54":3,"55":1,"56":2,"57":2},"b":{"1":[42,2],"2":[6,0],"3":[14,1],"4":[13,1],"5":[31,1],"6":[30,1],"7":[29,1],"8":[28,1],"9":[27,1],"10":[18,9],"11":[3,1],"12":[2,1],"13":[1,1],"14":[11,1],"15":[10,1],"16":[1,3],"17":[1,2],"18":[1,1],"19":[2,5],"20":[0,5],"21":[1,2],"22":[1,1],"23":[5,0],"24":[4,1],"25":[3,1],"26":[3,0],"27":[0,3],"28":[1,2]},"f":{"1":44,"2":6,"3":14,"4":31,"5":3,"6":11,"7":4,"8":7,"9":3,"10":5},"fnMap":{"1":{"name":"onlyCrowdsale","line":36,"loc":{"start":{"line":36,"column":4},"end":{"line":39,"column":4}}},"2":{"name":"constructor","line":44,"loc":{"start":{"line":44,"column":4},"end":{"line":53,"column":4}}},"3":{"name":"setCrowdsaleAddress","line":60,"loc":{"start":{"line":60,"column":4},"end":{"line":66,"column":4}}},"4":{"name":"vest","line":79,"loc":{"start":{"line":75,"column":4},"end":{"line":105,"column":4}}},"5":{"name":"revoke","line":113,"loc":{"start":{"line":113,"column":4},"end":{"line":127,"column":4}}},"6":{"name":"startVesting","line":135,"loc":{"start":{"line":135,"column":4},"end":{"line":139,"column":4}}},"7":{"name":"vestedTokens","line":149,"loc":{"start":{"line":149,"column":4},"end":{"line":168,"column":4}}},"8":{"name":"calculateVestedTokens","line":177,"loc":{"start":{"line":177,"column":4},"end":{"line":197,"column":4}}},"9":{"name":"countdown","line":205,"loc":{"start":{"line":205,"column":4},"end":{"line":221,"column":4}}},"10":{"name":"unlockVestedTokens","line":228,"loc":{"start":{"line":228,"column":4},"end":{"line":249,"column":4}}}},"statementMap":{"1":{"start":{"line":37,"column":8},"end":{"line":37,"column":104}},"2":{"start":{"line":45,"column":8},"end":{"line":45,"column":1444}},"3":{"start":{"line":61,"column":8},"end":{"line":61,"column":1925}},"4":{"start":{"line":80,"column":8},"end":{"line":80,"column":2508}},"5":{"start":{"line":84,"column":8},"end":{"line":84,"column":75}},"6":{"start":{"line":85,"column":8},"end":{"line":85,"column":2716}},"7":{"start":{"line":89,"column":8},"end":{"line":89,"column":2860}},"8":{"start":{"line":96,"column":8},"end":{"line":96,"column":3010}},"9":{"start":{"line":104,"column":8},"end":{"line":104,"column":47}},"10":{"start":{"line":114,"column":8},"end":{"line":114,"column":44}},"11":{"start":{"line":116,"column":8},"end":{"line":116,"column":77}},"12":{"start":{"line":117,"column":8},"end":{"line":117,"column":72}},"13":{"start":{"line":119,"column":8},"end":{"line":119,"column":61}},"14":{"start":{"line":124,"column":8},"end":{"line":124,"column":47}},"15":{"start":{"line":126,"column":8},"end":{"line":126,"column":40}},"16":{"start":{"line":136,"column":8},"end":{"line":136,"column":61}},"17":{"start":{"line":154,"column":8},"end":{"line":154,"column":4962}},"18":{"start":{"line":155,"column":12},"end":{"line":155,"column":20}},"19":{"start":{"line":158,"column":8},"end":{"line":158,"column":43}},"20":{"start":{"line":159,"column":8},"end":{"line":159,"column":5071}},"21":{"start":{"line":160,"column":12},"end":{"line":160,"column":20}},"22":{"start":{"line":162,"column":8},"end":{"line":162,"column":60}},"23":{"start":{"line":163,"column":8},"end":{"line":163,"column":67}},"24":{"start":{"line":164,"column":8},"end":{"line":164,"column":5295}},"25":{"start":{"line":165,"column":12},"end":{"line":165,"column":31}},"26":{"start":{"line":167,"column":8},"end":{"line":167,"column":27}},"27":{"start":{"line":182,"column":8},"end":{"line":182,"column":5798}},"28":{"start":{"line":183,"column":12},"end":{"line":183,"column":32}},"29":{"start":{"line":186,"column":8},"end":{"line":186,"column":5900}},"30":{"start":{"line":187,"column":12},"end":{"line":187,"column":20}},"31":{"start":{"line":189,"column":8},"end":{"line":189,"column":32}},"32":{"start":{"line":190,"column":8},"end":{"line":190,"column":65}},"33":{"start":{"line":192,"column":8},"end":{"line":192,"column":85}},"34":{"start":{"line":194,"column":8},"end":{"line":194,"column":77}},"35":{"start":{"line":196,"column":8},"end":{"line":196,"column":54}},"36":{"start":{"line":206,"column":8},"end":{"line":206,"column":6774}},"37":{"start":{"line":207,"column":12},"end":{"line":207,"column":20}},"38":{"start":{"line":209,"column":8},"end":{"line":209,"column":44}},"39":{"start":{"line":211,"column":8},"end":{"line":211,"column":60}},"40":{"start":{"line":212,"column":8},"end":{"line":212,"column":67}},"41":{"start":{"line":213,"column":8},"end":{"line":213,"column":7103}},"42":{"start":{"line":214,"column":12},"end":{"line":214,"column":20}},"43":{"start":{"line":217,"column":8},"end":{"line":217,"column":65}},"44":{"start":{"line":218,"column":8},"end":{"line":218,"column":70}},"45":{"start":{"line":220,"column":8},"end":{"line":220,"column":61}},"46":{"start":{"line":229,"column":8},"end":{"line":229,"column":54}},"47":{"start":{"line":230,"column":8},"end":{"line":230,"column":49}},"48":{"start":{"line":231,"column":8},"end":{"line":231,"column":63}},"49":{"start":{"line":232,"column":8},"end":{"line":232,"column":51}},"50":{"start":{"line":234,"column":8},"end":{"line":234,"column":60}},"51":{"start":{"line":235,"column":8},"end":{"line":235,"column":7989}},"52":{"start":{"line":236,"column":12},"end":{"line":236,"column":18}},"53":{"start":{"line":239,"column":8},"end":{"line":239,"column":67}},"54":{"start":{"line":240,"column":8},"end":{"line":240,"column":8127}},"55":{"start":{"line":241,"column":12},"end":{"line":241,"column":18}},"56":{"start":{"line":246,"column":8},"end":{"line":246,"column":53}},"57":{"start":{"line":248,"column":8},"end":{"line":248,"column":51}}},"branchMap":{"1":{"line":37,"type":"if","locations":[{"start":{"line":37,"column":8},"end":{"line":37,"column":8}},{"start":{"line":37,"column":8},"end":{"line":37,"column":8}}]},"2":{"line":45,"type":"if","locations":[{"start":{"line":45,"column":8},"end":{"line":45,"column":8}},{"start":{"line":45,"column":8},"end":{"line":45,"column":8}}]},"3":{"line":60,"type":"if","locations":[{"start":{"line":60,"column":67},"end":{"line":60,"column":67}},{"start":{"line":60,"column":67},"end":{"line":60,"column":67}}]},"4":{"line":61,"type":"if","locations":[{"start":{"line":61,"column":8},"end":{"line":61,"column":8}},{"start":{"line":61,"column":8},"end":{"line":61,"column":8}}]},"5":{"line":79,"type":"if","locations":[{"start":{"line":79,"column":15},"end":{"line":79,"column":15}},{"start":{"line":79,"column":15},"end":{"line":79,"column":15}}]},"6":{"line":80,"type":"if","locations":[{"start":{"line":80,"column":8},"end":{"line":80,"column":8}},{"start":{"line":80,"column":8},"end":{"line":80,"column":8}}]},"7":{"line":84,"type":"if","locations":[{"start":{"line":84,"column":8},"end":{"line":84,"column":8}},{"start":{"line":84,"column":8},"end":{"line":84,"column":8}}]},"8":{"line":85,"type":"if","locations":[{"start":{"line":85,"column":8},"end":{"line":85,"column":8}},{"start":{"line":85,"column":8},"end":{"line":85,"column":8}}]},"9":{"line":89,"type":"if","locations":[{"start":{"line":89,"column":8},"end":{"line":89,"column":8}},{"start":{"line":89,"column":8},"end":{"line":89,"column":8}}]},"10":{"line":96,"type":"if","locations":[{"start":{"line":96,"column":8},"end":{"line":96,"column":8}},{"start":{"line":96,"column":8},"end":{"line":96,"column":8}}]},"11":{"line":113,"type":"if","locations":[{"start":{"line":113,"column":44},"end":{"line":113,"column":44}},{"start":{"line":113,"column":44},"end":{"line":113,"column":44}}]},"12":{"line":116,"type":"if","locations":[{"start":{"line":116,"column":8},"end":{"line":116,"column":8}},{"start":{"line":116,"column":8},"end":{"line":116,"column":8}}]},"13":{"line":117,"type":"if","locations":[{"start":{"line":117,"column":8},"end":{"line":117,"column":8}},{"start":{"line":117,"column":8},"end":{"line":117,"column":8}}]},"14":{"line":135,"type":"if","locations":[{"start":{"line":135,"column":49},"end":{"line":135,"column":49}},{"start":{"line":135,"column":49},"end":{"line":135,"column":49}}]},"15":{"line":136,"type":"if","locations":[{"start":{"line":136,"column":8},"end":{"line":136,"column":8}},{"start":{"line":136,"column":8},"end":{"line":136,"column":8}}]},"16":{"line":154,"type":"if","locations":[{"start":{"line":154,"column":8},"end":{"line":154,"column":8}},{"start":{"line":154,"column":8},"end":{"line":154,"column":8}}]},"17":{"line":159,"type":"if","locations":[{"start":{"line":159,"column":8},"end":{"line":159,"column":8}},{"start":{"line":159,"column":8},"end":{"line":159,"column":8}}]},"18":{"line":164,"type":"if","locations":[{"start":{"line":164,"column":8},"end":{"line":164,"column":8}},{"start":{"line":164,"column":8},"end":{"line":164,"column":8}}]},"19":{"line":182,"type":"if","locations":[{"start":{"line":182,"column":8},"end":{"line":182,"column":8}},{"start":{"line":182,"column":8},"end":{"line":182,"column":8}}]},"20":{"line":186,"type":"if","locations":[{"start":{"line":186,"column":8},"end":{"line":186,"column":8}},{"start":{"line":186,"column":8},"end":{"line":186,"column":8}}]},"21":{"line":206,"type":"if","locations":[{"start":{"line":206,"column":8},"end":{"line":206,"column":8}},{"start":{"line":206,"column":8},"end":{"line":206,"column":8}}]},"22":{"line":213,"type":"if","locations":[{"start":{"line":213,"column":8},"end":{"line":213,"column":8}},{"start":{"line":213,"column":8},"end":{"line":213,"column":8}}]},"23":{"line":228,"type":"if","locations":[{"start":{"line":228,"column":43},"end":{"line":228,"column":43}},{"start":{"line":228,"column":43},"end":{"line":228,"column":43}}]},"24":{"line":229,"type":"if","locations":[{"start":{"line":229,"column":8},"end":{"line":229,"column":8}},{"start":{"line":229,"column":8},"end":{"line":229,"column":8}}]},"25":{"line":231,"type":"if","locations":[{"start":{"line":231,"column":8},"end":{"line":231,"column":8}},{"start":{"line":231,"column":8},"end":{"line":231,"column":8}}]},"26":{"line":232,"type":"if","locations":[{"start":{"line":232,"column":8},"end":{"line":232,"column":8}},{"start":{"line":232,"column":8},"end":{"line":232,"column":8}}]},"27":{"line":235,"type":"if","locations":[{"start":{"line":235,"column":8},"end":{"line":235,"column":8}},{"start":{"line":235,"column":8},"end":{"line":235,"column":8}}]},"28":{"line":240,"type":"if","locations":[{"start":{"line":240,"column":8},"end":{"line":240,"column":8}},{"start":{"line":240,"column":8},"end":{"line":240,"column":8}}]}}},
"contracts\\WildlandCards.sol":{"l":{"49":9,"52":9,"53":9,"55":9,"56":9,"57":9,"58":9,"66":2,"67":1,"68":1,"77":140,"85":1,"94":9,"95":2,"97":2,"99":2,"101":2,"102":1,"112":1,"122":1,"132":25,"142":27,"152":139,"153":138,"154":136,"156":12,"157":12,"158":12,"162":4,"163":4,"164":4,"168":4,"169":4,"170":4,"174":116,"175":116,"176":116,"185":3,"186":2,"187":1,"196":137,"197":137,"200":0,"201":0,"206":137,"207":137,"208":137,"218":3,"220":1,"229":2,"230":2,"232":1,"234":1,"243":10,"244":9,"277":5,"279":4,"280":4,"282":1,"286":1,"290":1,"292":4,"296":1},"path":"D:\\Blockchain\\wildlands\\code\\contracts\\WildlandCards.sol","s":{"1":9,"2":9,"3":9,"4":2,"5":1,"6":140,"7":12,"8":128,"9":4,"10":124,"11":5,"12":119,"13":118,"14":1,"15":9,"16":2,"17":7,"18":2,"19":5,"20":2,"21":3,"22":2,"23":1,"24":1,"25":1,"26":25,"27":27,"28":139,"29":138,"30":136,"31":12,"32":12,"33":12,"34":124,"35":4,"36":4,"37":4,"38":120,"39":4,"40":4,"41":4,"42":116,"43":116,"44":116,"45":116,"46":3,"47":2,"48":1,"49":137,"50":137,"51":0,"52":0,"53":137,"54":3,"55":1,"56":2,"57":2,"58":1,"59":1,"60":10,"61":5,"62":4,"63":4,"64":3,"65":2,"66":4,"67":1},"b":{"1":[2,1],"2":[1,1],"3":[12,128],"4":[4,124],"5":[5,119],"6":[118,1],"7":[2,7],"8":[2,5],"9":[2,3],"10":[2,1],"11":[138,1],"12":[136,2],"13":[12,124],"14":[4,120],"15":[4,116],"16":[116,0],"17":[2,1],"18":[1,1],"19":[0,137],"20":[0,0],"21":[3,1],"22":[2,1],"23":[1,1],"24":[10,1],"25":[9,1],"26":[4,1],"27":[1,3],"28":[1,2],"29":[1,1],"30":[4,0]},"f":{"1":9,"2":2,"3":140,"4":9,"5":1,"6":1,"7":25,"8":27,"9":139,"10":3,"11":137,"12":3,"13":2,"14":10,"15":5,"16":1},"fnMap":{"1":{"name":"constructor","line":47,"loc":{"start":{"line":46,"column":4},"end":{"line":59,"column":4}}},"2":{"name":"lock","line":65,"loc":{"start":{"line":65,"column":4},"end":{"line":69,"column":4}}},"3":{"name":"isCardAvailable","line":76,"loc":{"start":{"line":76,"column":4},"end":{"line":86,"column":4}}},"4":{"name":"cardIndex","line":93,"loc":{"start":{"line":93,"column":4},"end":{"line":103,"column":4}}},"5":{"name":"exists","line":110,"loc":{"start":{"line":110,"column":4},"end":{"line":113,"column":4}}},"6":{"name":"existsCode","line":120,"loc":{"start":{"line":120,"column":4},"end":{"line":123,"column":4}}},"7":{"name":"getTokenIdByCode","line":130,"loc":{"start":{"line":130,"column":4},"end":{"line":133,"column":4}}},"8":{"name":"getCodeByAddress","line":140,"loc":{"start":{"line":140,"column":4},"end":{"line":143,"column":4}}},"9":{"name":"mint","line":151,"loc":{"start":{"line":151,"column":4},"end":{"line":178,"column":4}}},"10":{"name":"generateCode","line":184,"loc":{"start":{"line":184,"column":4},"end":{"line":188,"column":4}}},"11":{"name":"_generateCode","line":195,"loc":{"start":{"line":195,"column":4},"end":{"line":209,"column":4}}},"12":{"name":"recoverNonFungibleToken","line":217,"loc":{"start":{"line":217,"column":4},"end":{"line":221,"column":4}}},"13":{"name":"recoverToken","line":228,"loc":{"start":{"line":228,"column":4},"end":{"line":235,"column":4}}},"14":{"name":"setBaseURI","line":242,"loc":{"start":{"line":242,"column":4},"end":{"line":245,"column":4}}},"15":{"name":"tokenURI","line":276,"loc":{"start":{"line":276,"column":4},"end":{"line":293,"column":4}}},"16":{"name":"supportsInterface","line":295,"loc":{"start":{"line":295,"column":4},"end":{"line":297,"column":4}}}},"statementMap":{"1":{"start":{"line":49,"column":8},"end":{"line":49,"column":55}},"2":{"start":{"line":52,"column":8},"end":{"line":52,"column":45}},"3":{"start":{"line":53,"column":8},"end":{"line":53,"column":52}},"4":{"start":{"line":66,"column":8},"end":{"line":66,"column":59}},"5":{"start":{"line":68,"column":8},"end":{"line":68,"column":19}},"6":{"start":{"line":77,"column":8},"end":{"line":77,"column":2898}},"7":{"start":{"line":78,"column":12},"end":{"line":78,"column":23}},"8":{"start":{"line":79,"column":13},"end":{"line":79,"column":2969}},"9":{"start":{"line":80,"column":12},"end":{"line":80,"column":44}},"10":{"start":{"line":81,"column":13},"end":{"line":81,"column":3061}},"11":{"start":{"line":82,"column":12},"end":{"line":82,"column":42}},"12":{"start":{"line":83,"column":13},"end":{"line":83,"column":3150}},"13":{"start":{"line":84,"column":12},"end":{"line":84,"column":41}},"14":{"start":{"line":85,"column":8},"end":{"line":85,"column":20}},"15":{"start":{"line":94,"column":8},"end":{"line":94,"column":3490}},"16":{"start":{"line":95,"column":12},"end":{"line":95,"column":39}},"17":{"start":{"line":96,"column":13},"end":{"line":96,"column":3566}},"18":{"start":{"line":97,"column":12},"end":{"line":97,"column":36}},"19":{"start":{"line":98,"column":13},"end":{"line":98,"column":3637}},"20":{"start":{"line":99,"column":12},"end":{"line":99,"column":35}},"21":{"start":{"line":100,"column":13},"end":{"line":100,"column":3707}},"22":{"start":{"line":101,"column":12},"end":{"line":101,"column":34}},"23":{"start":{"line":102,"column":8},"end":{"line":102,"column":16}},"24":{"start":{"line":112,"column":8},"end":{"line":112,"column":32}},"25":{"start":{"line":122,"column":8},"end":{"line":122,"column":39}},"26":{"start":{"line":132,"column":8},"end":{"line":132,"column":34}},"27":{"start":{"line":142,"column":8},"end":{"line":142,"column":40}},"28":{"start":{"line":152,"column":8},"end":{"line":152,"column":98}},"29":{"start":{"line":153,"column":8},"end":{"line":153,"column":90}},"30":{"start":{"line":154,"column":8},"end":{"line":154,"column":5570}},"31":{"start":{"line":156,"column":12},"end":{"line":156,"column":43}},"32":{"start":{"line":157,"column":6},"end":{"line":157,"column":45}},"33":{"start":{"line":158,"column":3},"end":{"line":158,"column":24}},"34":{"start":{"line":160,"column":13},"end":{"line":160,"column":5776}},"35":{"start":{"line":162,"column":12},"end":{"line":162,"column":40}},"36":{"start":{"line":163,"column":6},"end":{"line":163,"column":42}},"37":{"start":{"line":164,"column":12},"end":{"line":164,"column":30}},"38":{"start":{"line":166,"column":13},"end":{"line":166,"column":5986}},"39":{"start":{"line":168,"column":12},"end":{"line":168,"column":39}},"40":{"start":{"line":169,"column":6},"end":{"line":169,"column":41}},"41":{"start":{"line":170,"column":12},"end":{"line":170,"column":29}},"42":{"start":{"line":172,"column":13},"end":{"line":172,"column":6192}},"43":{"start":{"line":174,"column":12},"end":{"line":174,"column":38}},"44":{"start":{"line":175,"column":6},"end":{"line":175,"column":40}},"45":{"start":{"line":176,"column":12},"end":{"line":176,"column":28}},"46":{"start":{"line":185,"column":8},"end":{"line":185,"column":88}},"47":{"start":{"line":186,"column":8},"end":{"line":186,"column":102}},"48":{"start":{"line":187,"column":8},"end":{"line":187,"column":42}},"49":{"start":{"line":196,"column":8},"end":{"line":196,"column":84}},"50":{"start":{"line":197,"column":8},"end":{"line":197,"column":7241}},"51":{"start":{"line":200,"column":12},"end":{"line":200,"column":37}},"52":{"start":{"line":201,"column":12},"end":{"line":201,"column":18}},"53":{"start":{"line":208,"column":8},"end":{"line":208,"column":40}},"54":{"start":{"line":218,"column":8},"end":{"line":218,"column":81}},"55":{"start":{"line":220,"column":8},"end":{"line":220,"column":55}},"56":{"start":{"line":229,"column":8},"end":{"line":229,"column":65}},"57":{"start":{"line":230,"column":8},"end":{"line":230,"column":71}},"58":{"start":{"line":232,"column":8},"end":{"line":232,"column":64}},"59":{"start":{"line":234,"column":8},"end":{"line":234,"column":43}},"60":{"start":{"line":243,"column":8},"end":{"line":243,"column":59}},"61":{"start":{"line":277,"column":8},"end":{"line":277,"column":83}},"62":{"start":{"line":279,"column":8},"end":{"line":279,"column":29}},"63":{"start":{"line":280,"column":8},"end":{"line":280,"column":10377}},"64":{"start":{"line":284,"column":13},"end":{"line":284,"column":10485}},"65":{"start":{"line":288,"column":13},"end":{"line":288,"column":10593}},"66":{"start":{"line":292,"column":8},"end":{"line":292,"column":112}},"67":{"start":{"line":296,"column":8},"end":{"line":296,"column":51}}},"branchMap":{"1":{"line":65,"type":"if","locations":[{"start":{"line":65,"column":29},"end":{"line":65,"column":29}},{"start":{"line":65,"column":29},"end":{"line":65,"column":29}}]},"2":{"line":66,"type":"if","locations":[{"start":{"line":66,"column":8},"end":{"line":66,"column":8}},{"start":{"line":66,"column":8},"end":{"line":66,"column":8}}]},"3":{"line":77,"type":"if","locations":[{"start":{"line":77,"column":8},"end":{"line":77,"column":8}},{"start":{"line":77,"column":8},"end":{"line":77,"column":8}}]},"4":{"line":79,"type":"if","locations":[{"start":{"line":79,"column":13},"end":{"line":79,"column":13}},{"start":{"line":79,"column":13},"end":{"line":79,"column":13}}]},"5":{"line":81,"type":"if","locations":[{"start":{"line":81,"column":13},"end":{"line":81,"column":13}},{"start":{"line":81,"column":13},"end":{"line":81,"column":13}}]},"6":{"line":83,"type":"if","locations":[{"start":{"line":83,"column":13},"end":{"line":83,"column":13}},{"start":{"line":83,"column":13},"end":{"line":83,"column":13}}]},"7":{"line":94,"type":"if","locations":[{"start":{"line":94,"column":8},"end":{"line":94,"column":8}},{"start":{"line":94,"column":8},"end":{"line":94,"column":8}}]},"8":{"line":96,"type":"if","locations":[{"start":{"line":96,"column":13},"end":{"line":96,"column":13}},{"start":{"line":96,"column":13},"end":{"line":96,"column":13}}]},"9":{"line":98,"type":"if","locations":[{"start":{"line":98,"column":13},"end":{"line":98,"column":13}},{"start":{"line":98,"column":13},"end":{"line":98,"column":13}}]},"10":{"line":100,"type":"if","locations":[{"start":{"line":100,"column":13},"end":{"line":100,"column":13}},{"start":{"line":100,"column":13},"end":{"line":100,"column":13}}]},"11":{"line":152,"type":"if","locations":[{"start":{"line":152,"column":8},"end":{"line":152,"column":8}},{"start":{"line":152,"column":8},"end":{"line":152,"column":8}}]},"12":{"line":153,"type":"if","locations":[{"start":{"line":153,"column":8},"end":{"line":153,"column":8}},{"start":{"line":153,"column":8},"end":{"line":153,"column":8}}]},"13":{"line":154,"type":"if","locations":[{"start":{"line":154,"column":8},"end":{"line":154,"column":8}},{"start":{"line":154,"column":8},"end":{"line":154,"column":8}}]},"14":{"line":160,"type":"if","locations":[{"start":{"line":160,"column":13},"end":{"line":160,"column":13}},{"start":{"line":160,"column":13},"end":{"line":160,"column":13}}]},"15":{"line":166,"type":"if","locations":[{"start":{"line":166,"column":13},"end":{"line":166,"column":13}},{"start":{"line":166,"column":13},"end":{"line":166,"column":13}}]},"16":{"line":172,"type":"if","locations":[{"start":{"line":172,"column":13},"end":{"line":172,"column":13}},{"start":{"line":172,"column":13},"end":{"line":172,"column":13}}]},"17":{"line":185,"type":"if","locations":[{"start":{"line":185,"column":8},"end":{"line":185,"column":8}},{"start":{"line":185,"column":8},"end":{"line":185,"column":8}}]},"18":{"line":186,"type":"if","locations":[{"start":{"line":186,"column":8},"end":{"line":186,"column":8}},{"start":{"line":186,"column":8},"end":{"line":186,"column":8}}]},"19":{"line":197,"type":"if","locations":[{"start":{"line":197,"column":8},"end":{"line":197,"column":8}},{"start":{"line":197,"column":8},"end":{"line":197,"column":8}}]},"20":{"line":197,"type":"cond-expr","locations":[{"start":{"line":197,"column":12},"end":{"line":197,"column":34}},{"start":{"line":197,"column":39},"end":{"line":197,"column":49}}]},"21":{"line":217,"type":"if","locations":[{"start":{"line":217,"column":80},"end":{"line":217,"column":80}},{"start":{"line":217,"column":80},"end":{"line":217,"column":80}}]},"22":{"line":228,"type":"if","locations":[{"start":{"line":228,"column":51},"end":{"line":228,"column":51}},{"start":{"line":228,"column":51},"end":{"line":228,"column":51}}]},"23":{"line":230,"type":"if","locations":[{"start":{"line":230,"column":8},"end":{"line":230,"column":8}},{"start":{"line":230,"column":8},"end":{"line":230,"column":8}}]},"24":{"line":242,"type":"if","locations":[{"start":{"line":242,"column":51},"end":{"line":242,"column":51}},{"start":{"line":242,"column":51},"end":{"line":242,"column":51}}]},"25":{"line":243,"type":"if","locations":[{"start":{"line":243,"column":8},"end":{"line":243,"column":8}},{"start":{"line":243,"column":8},"end":{"line":243,"column":8}}]},"26":{"line":277,"type":"if","locations":[{"start":{"line":277,"column":8},"end":{"line":277,"column":8}},{"start":{"line":277,"column":8},"end":{"line":277,"column":8}}]},"27":{"line":280,"type":"if","locations":[{"start":{"line":280,"column":8},"end":{"line":280,"column":8}},{"start":{"line":280,"column":8},"end":{"line":280,"column":8}}]},"28":{"line":284,"type":"if","locations":[{"start":{"line":284,"column":13},"end":{"line":284,"column":13}},{"start":{"line":284,"column":13},"end":{"line":284,"column":13}}]},"29":{"line":288,"type":"if","locations":[{"start":{"line":288,"column":13},"end":{"line":288,"column":13}},{"start":{"line":288,"column":13},"end":{"line":288,"column":13}}]},"30":{"line":292,"type":"if","locations":[{"start":{"line":292,"column":43},"end":{"line":292,"column":106}},{"start":{"line":292,"column":110},"end":{"line":292,"column":111}}]}}}}
