TN:
SF:D:\Blockchain\wildlands\code\contracts\BitGold.sol
FN:17,constructor
FN:27,mint
FNF:2
FNH:2
FNDA:21,constructor
FNDA:8,mint
DA:18,21
DA:19,21
DA:28,8
DA:29,8
LF:4
LH:4
BRDA:27,1,0,8
BRDA:27,1,1,1
BRF:2
BRH:2
end_of_record
TN:
SF:D:\Blockchain\wildlands\code\contracts\BITMaster.sol
FN:103,constructor
FN:137,validatePool
FN:142,poolLength
FN:149,nonDuplicated
FN:157,requireMembership
FN:181,add
FN:230,set
FN:260,massUpdatePools
FN:267,_massUpdatePools
FN:277,updateStakingPool
FN:291,getMultiplier
FN:304,applyHalving
FN:320,mintingInfo
FN:328,updatePool
FN:336,_updatePool
FN:370,pendingBit
FN:393,timeToUnlock
FN:412,isMember
FN:426,getAffiliateBasePoints
FN:453,setCode
FN:469,handleFee
FN:503,deposit
FN:554,withdraw
FN:591,safeBitTransfer
FN:600,tres
FN:615,setStartTimestamp
FN:639,setPaused
FN:655,whiteListAddress
FN:667,excludeFromFees
FNF:29
FNH:29
FNDA:3,constructor
FNDA:68,validatePool
FNDA:2,poolLength
FNDA:18,nonDuplicated
FNDA:14,requireMembership
FNDA:17,add
FNDA:10,set
FNDA:2,massUpdatePools
FNDA:15,_massUpdatePools
FNDA:13,updateStakingPool
FNDA:12,getMultiplier
FNDA:16,applyHalving
FNDA:2,mintingInfo
FNDA:8,updatePool
FNDA:36,_updatePool
FNDA:12,pendingBit
FNDA:15,timeToUnlock
FNDA:21,isMember
FNDA:7,getAffiliateBasePoints
FNDA:8,setCode
FNDA:12,handleFee
FNDA:13,deposit
FNDA:4,withdraw
FNDA:10,safeBitTransfer
FNDA:3,tres
FNDA:1,setStartTimestamp
FNDA:2,setPaused
FNDA:1,whiteListAddress
FNDA:1,excludeFromFees
DA:109,3
DA:110,3
DA:111,3
DA:112,3
DA:113,3
DA:115,3
DA:128,3
DA:129,3
DA:138,68
DA:139,64
DA:143,2
DA:150,18
DA:151,17
DA:159,14
DA:160,13
DA:182,17
DA:183,16
DA:184,15
DA:185,14
DA:186,13
DA:187,12
DA:188,11
DA:191,12
DA:193,12
DA:194,12
DA:195,12
DA:197,12
DA:210,12
DA:211,12
DA:212,12
DA:231,10
DA:232,9
DA:233,8
DA:234,7
DA:235,6
DA:236,5
DA:237,1
DA:238,5
DA:240,5
DA:241,5
DA:242,5
DA:243,5
DA:244,5
DA:245,5
DA:246,5
DA:247,5
DA:248,1
DA:250,1
DA:251,1
DA:252,1
DA:254,5
DA:261,2
DA:268,15
DA:269,15
DA:270,16
DA:278,13
DA:279,13
DA:281,13
DA:282,13
DA:283,13
DA:284,13
DA:292,12
DA:293,1
DA:294,11
DA:307,16
DA:308,0
DA:310,16
DA:312,16
DA:313,16
DA:321,2
DA:329,8
DA:337,36
DA:338,36
DA:339,36
DA:340,0
DA:342,36
DA:343,36
DA:344,29
DA:345,29
DA:347,7
DA:349,7
DA:350,7
DA:351,7
DA:353,7
DA:355,7
DA:357,7
DA:359,7
DA:361,7
DA:372,12
DA:374,12
DA:375,12
DA:376,12
DA:377,12
DA:378,12
DA:379,2
DA:381,2
DA:382,2
DA:384,12
DA:394,15
DA:395,15
DA:396,15
DA:397,15
DA:398,13
DA:400,2
DA:415,21
DA:428,7
DA:429,1
DA:432,3
DA:436,1
DA:440,1
DA:443,1
DA:454,8
DA:455,7
DA:456,6
DA:457,6
DA:470,12
DA:471,12
DA:473,12
DA:474,11
DA:476,12
DA:478,11
DA:479,11
DA:480,11
DA:481,11
DA:482,11
DA:484,1
DA:485,1
DA:487,1
DA:490,11
DA:504,13
DA:505,13
DA:506,13
DA:507,13
DA:509,2
DA:510,2
DA:511,2
DA:514,13
DA:515,13
DA:516,12
DA:517,12
DA:519,12
DA:520,12
DA:521,12
DA:523,12
DA:524,12
DA:526,11
DA:527,11
DA:528,11
DA:531,12
DA:533,12
DA:535,12
DA:537,12
DA:539,12
DA:542,13
DA:543,13
DA:555,4
DA:556,4
DA:557,4
DA:559,2
DA:560,1
DA:561,1
DA:562,1
DA:563,1
DA:565,1
DA:568,1
DA:569,1
DA:570,1
DA:571,1
DA:572,1
DA:573,1
DA:574,1
DA:577,1
DA:580,1
DA:581,1
DA:592,10
DA:601,3
DA:602,2
DA:603,1
DA:604,1
DA:616,1
DA:620,0
DA:624,0
DA:625,0
DA:626,0
DA:628,0
DA:629,0
DA:641,2
DA:643,1
DA:645,2
DA:646,2
DA:657,1
DA:658,1
DA:669,1
DA:670,1
LF:194
LH:186
BRDA:138,1,0,64
BRDA:138,1,1,4
BRDA:150,2,0,17
BRDA:150,2,1,1
BRDA:159,3,0,13
BRDA:159,3,1,1
BRDA:159,4,0,3
BRDA:159,4,1,10
BRDA:181,5,0,18
BRDA:181,5,1,0
BRDA:181,6,0,17
BRDA:181,6,1,1
BRDA:182,7,0,16
BRDA:182,7,1,1
BRDA:183,8,0,15
BRDA:183,8,1,1
BRDA:184,9,0,14
BRDA:184,9,1,1
BRDA:185,10,0,13
BRDA:185,10,1,1
BRDA:186,11,0,12
BRDA:186,11,1,1
BRDA:187,12,0,11
BRDA:187,12,1,1
BRDA:193,13,0,12
BRDA:193,13,1,0
BRDA:230,14,0,11
BRDA:230,14,1,0
BRDA:230,15,0,10
BRDA:230,15,1,1
BRDA:231,16,0,9
BRDA:231,16,1,1
BRDA:232,17,0,8
BRDA:232,17,1,1
BRDA:233,18,0,7
BRDA:233,18,1,1
BRDA:234,19,0,6
BRDA:234,19,1,1
BRDA:235,20,0,5
BRDA:235,20,1,1
BRDA:236,21,0,1
BRDA:236,21,1,4
BRDA:247,22,0,1
BRDA:247,22,1,4
BRDA:250,23,0,1
BRDA:250,23,1,0
BRDA:260,24,0,2
BRDA:260,24,1,0
BRDA:281,25,0,13
BRDA:281,25,1,0
BRDA:292,26,0,1
BRDA:292,26,1,11
BRDA:307,27,0,0
BRDA:307,27,1,16
BRDA:307,28,0,0
BRDA:307,28,1,0
BRDA:328,29,0,8
BRDA:328,29,1,0
BRDA:336,30,0,36
BRDA:336,30,1,2
BRDA:339,31,0,0
BRDA:339,31,1,36
BRDA:343,32,0,29
BRDA:343,32,1,7
BRDA:343,33,0,29
BRDA:343,33,1,0
BRDA:350,34,0,7
BRDA:350,34,1,0
BRDA:378,35,0,2
BRDA:378,35,1,10
BRDA:397,36,0,13
BRDA:397,36,1,2
BRDA:415,37,0,3
BRDA:415,37,1,11
BRDA:415,38,0,11
BRDA:415,38,1,1
BRDA:428,39,0,1
BRDA:428,39,1,6
BRDA:430,40,0,3
BRDA:430,40,1,3
BRDA:434,41,0,1
BRDA:434,41,1,2
BRDA:438,42,0,1
BRDA:438,42,1,1
BRDA:453,43,0,8
BRDA:453,43,1,0
BRDA:454,44,0,7
BRDA:454,44,1,1
BRDA:455,45,0,6
BRDA:455,45,1,1
BRDA:473,46,0,11
BRDA:473,46,1,1
BRDA:476,47,0,11
BRDA:476,47,1,1
BRDA:482,48,0,1
BRDA:482,48,1,10
BRDA:503,49,0,14
BRDA:503,49,1,1
BRDA:503,50,0,14
BRDA:503,50,1,0
BRDA:503,51,0,13
BRDA:503,51,1,1
BRDA:507,52,0,2
BRDA:507,52,1,11
BRDA:510,53,0,2
BRDA:510,53,1,0
BRDA:515,54,0,12
BRDA:515,54,1,1
BRDA:524,55,0,11
BRDA:524,55,1,1
BRDA:554,56,0,4
BRDA:554,56,1,0
BRDA:554,57,0,4
BRDA:554,57,1,0
BRDA:557,58,0,2
BRDA:557,58,1,2
BRDA:559,59,0,1
BRDA:559,59,1,1
BRDA:562,60,0,1
BRDA:562,60,1,0
BRDA:565,61,0,1
BRDA:565,61,1,0
BRDA:571,62,0,1
BRDA:571,62,1,0
BRDA:601,63,0,2
BRDA:601,63,1,1
BRDA:602,64,0,1
BRDA:602,64,1,1
BRDA:615,65,0,1
BRDA:615,65,1,0
BRDA:616,66,0,0
BRDA:616,66,1,1
BRDA:620,67,0,0
BRDA:620,67,1,0
BRDA:639,68,0,2
BRDA:639,68,1,1
BRDA:641,69,0,1
BRDA:641,69,1,1
BRDA:655,70,0,1
BRDA:655,70,1,1
BRDA:667,71,0,1
BRDA:667,71,1,1
BRF:142
BRH:117
end_of_record
TN:
SF:D:\Blockchain\wildlands\code\contracts\BitRAM.sol
FN:23,constructor
FN:34,safeBitTransfer
FNF:2
FNH:2
FNDA:6,constructor
FNDA:14,safeBitTransfer
DA:26,6
DA:35,14
DA:36,14
DA:37,2
DA:38,1
DA:40,12
DA:41,11
LF:7
LH:7
BRDA:34,1,0,14
BRDA:34,1,1,1
BRDA:36,2,0,2
BRDA:36,2,1,12
BRDA:37,3,0,1
BRDA:37,3,1,1
BRDA:40,4,0,11
BRDA:40,4,1,1
BRF:8
BRH:8
end_of_record
TN:
SF:D:\Blockchain\wildlands\code\contracts\CrowdSale.sol
FN:57,whenIcoCompleted
FN:64,onlyAfterStart
FN:72,onlyWhenNotPaused
FN:79,onlyWhenNotCompleted
FN:93,constructor
FN:134,setWhitelist
FN:146,secureWhitelistSpot
FN:164,getWhitelistSpots
FN:174,setTreasury
FN:187,buyNative
FN:291,_getETHAmount
FN:306,_getTokensAmount
FN:319,closeCrowdsale
FN:329,togglePauseCrowdsale
FN:338,startCrowdSale
FN:353,startSecondRound
FN:368,startThirdRound
FN:382,has2ndRoundStarted
FN:390,has3rdRoundStarted
FN:399,deposit
FN:407,withdraw
FN:415,withdrawETH
FNF:22
FNH:22
FNDA:6,whenIcoCompleted
FNDA:31,onlyAfterStart
FNDA:29,onlyWhenNotPaused
FNDA:28,onlyWhenNotCompleted
FNDA:7,constructor
FNDA:10,setWhitelist
FNDA:7,secureWhitelistSpot
FNDA:5,getWhitelistSpots
FNDA:3,setTreasury
FNDA:27,buyNative
FNDA:8,_getETHAmount
FNDA:24,_getTokensAmount
FNDA:6,closeCrowdsale
FNDA:2,togglePauseCrowdsale
FNDA:13,startCrowdSale
FNDA:7,startSecondRound
FNDA:6,startThirdRound
FNDA:1,has2ndRoundStarted
FNDA:1,has3rdRoundStarted
FNDA:6,deposit
FNDA:1,withdraw
FNDA:1,withdrawETH
DA:58,6
DA:61,4
DA:65,31
DA:69,29
DA:73,29
DA:76,28
DA:80,28
DA:83,27
DA:100,7
DA:104,6
DA:108,5
DA:112,4
DA:117,3
DA:118,3
DA:119,3
DA:120,3
DA:121,3
DA:123,3
DA:124,3
DA:125,3
DA:136,10
DA:137,14
DA:138,13
DA:147,7
DA:151,6
DA:153,6
DA:155,5
DA:156,5
DA:157,5
DA:165,5
DA:175,3
DA:176,2
DA:177,1
DA:178,1
DA:188,27
DA:193,27
DA:195,27
DA:197,27
DA:198,10
DA:200,10
DA:204,9
DA:210,8
DA:212,4
DA:214,4
DA:217,10
DA:221,9
DA:225,8
DA:226,8
DA:231,7
DA:233,3
DA:235,3
DA:238,7
DA:243,6
DA:244,6
DA:249,5
DA:251,1
DA:253,1
DA:257,20
DA:262,20
DA:264,20
DA:265,20
DA:266,20
DA:267,20
DA:269,8
DA:272,20
DA:273,20
DA:275,20
DA:277,20
DA:278,16
DA:280,20
DA:281,8
DA:297,8
DA:312,24
DA:320,6
DA:321,6
DA:322,6
DA:330,2
DA:339,13
DA:340,12
DA:344,11
DA:345,11
DA:354,7
DA:355,6
DA:359,5
DA:360,5
DA:369,6
DA:370,5
DA:374,4
DA:375,4
DA:383,1
DA:391,1
DA:400,6
DA:408,1
DA:409,1
DA:416,1
DA:419,1
LF:96
LH:96
BRDA:58,1,0,4
BRDA:58,1,1,2
BRDA:65,2,0,29
BRDA:65,2,1,2
BRDA:73,3,0,28
BRDA:73,3,1,1
BRDA:80,4,0,27
BRDA:80,4,1,1
BRDA:100,5,0,6
BRDA:100,5,1,1
BRDA:104,6,0,5
BRDA:104,6,1,1
BRDA:108,7,0,4
BRDA:108,7,1,1
BRDA:112,8,0,3
BRDA:112,8,1,1
BRDA:134,9,0,10
BRDA:134,9,1,1
BRDA:137,10,0,13
BRDA:137,10,1,1
BRDA:147,11,0,6
BRDA:147,11,1,1
BRDA:151,12,0,6
BRDA:151,12,1,0
BRDA:153,13,0,5
BRDA:153,13,1,1
BRDA:174,14,0,3
BRDA:174,14,1,1
BRDA:175,15,0,2
BRDA:175,15,1,1
BRDA:176,16,0,1
BRDA:176,16,1,1
BRDA:187,17,0,31
BRDA:187,17,1,0
BRDA:187,18,0,29
BRDA:187,18,1,2
BRDA:187,19,0,28
BRDA:187,19,1,1
BRDA:187,20,0,27
BRDA:187,20,1,1
BRDA:188,21,0,27
BRDA:188,21,1,0
BRDA:197,22,0,10
BRDA:197,22,1,17
BRDA:200,23,0,9
BRDA:200,23,1,1
BRDA:204,24,0,8
BRDA:204,24,1,1
BRDA:205,25,0,8
BRDA:205,25,1,0
BRDA:210,26,0,4
BRDA:210,26,1,4
BRDA:216,27,0,10
BRDA:216,27,1,7
BRDA:217,28,0,9
BRDA:217,28,1,1
BRDA:221,29,0,8
BRDA:221,29,1,1
BRDA:226,30,0,7
BRDA:226,30,1,1
BRDA:227,31,0,7
BRDA:227,31,1,0
BRDA:231,32,0,3
BRDA:231,32,1,4
BRDA:237,33,0,7
BRDA:237,33,1,0
BRDA:238,34,0,6
BRDA:238,34,1,1
BRDA:244,35,0,5
BRDA:244,35,1,1
BRDA:245,36,0,5
BRDA:245,36,1,0
BRDA:249,37,0,1
BRDA:249,37,1,4
BRDA:257,38,0,20
BRDA:257,38,1,0
BRDA:267,39,0,8
BRDA:267,39,1,12
BRDA:277,40,0,16
BRDA:277,40,1,4
BRDA:280,41,0,8
BRDA:280,41,1,12
BRDA:319,42,0,6
BRDA:319,42,1,1
BRDA:329,43,0,2
BRDA:329,43,1,1
BRDA:338,44,0,13
BRDA:338,44,1,1
BRDA:339,45,0,12
BRDA:339,45,1,1
BRDA:340,46,0,11
BRDA:340,46,1,1
BRDA:353,47,0,7
BRDA:353,47,1,1
BRDA:354,48,0,6
BRDA:354,48,1,1
BRDA:355,49,0,5
BRDA:355,49,1,1
BRDA:368,50,0,6
BRDA:368,50,1,1
BRDA:369,51,0,5
BRDA:369,51,1,1
BRDA:370,52,0,4
BRDA:370,52,1,1
BRDA:399,53,0,6
BRDA:399,53,1,1
BRDA:407,54,0,2
BRDA:407,54,1,1
BRDA:407,55,0,1
BRDA:407,55,1,1
BRDA:415,56,0,2
BRDA:415,56,1,1
BRDA:415,57,0,1
BRDA:415,57,1,1
BRDA:419,58,0,1
BRDA:419,58,1,0
BRF:116
BRH:107
end_of_record
TN:
SF:D:\Blockchain\wildlands\code\contracts\IWildlandCards.sol
FNF:0
FNH:0
LF:0
LH:0
BRF:0
BRH:0
end_of_record
TN:
SF:D:\Blockchain\wildlands\code\contracts\TokenVesting.sol
FN:36,onlyCrowdsale
FN:44,constructor
FN:60,setCrowdsaleAddress
FN:79,vest
FN:113,revoke
FN:135,startVesting
FN:149,vestedTokens
FN:177,calculateVestedTokens
FN:205,countdown
FN:228,unlockVestedTokens
FNF:10
FNH:10
FNDA:44,onlyCrowdsale
FNDA:6,constructor
FNDA:14,setCrowdsaleAddress
FNDA:31,vest
FNDA:3,revoke
FNDA:11,startVesting
FNDA:4,vestedTokens
FNDA:7,calculateVestedTokens
FNDA:3,countdown
FNDA:5,unlockVestedTokens
DA:37,44
DA:38,42
DA:45,6
DA:50,6
DA:52,6
DA:61,14
DA:65,13
DA:80,31
DA:84,30
DA:85,29
DA:89,28
DA:96,27
DA:97,18
DA:98,18
DA:100,27
DA:102,27
DA:104,27
DA:114,3
DA:116,3
DA:117,2
DA:119,1
DA:121,1
DA:122,1
DA:123,1
DA:124,1
DA:126,1
DA:136,11
DA:137,10
DA:138,10
DA:154,4
DA:155,1
DA:158,3
DA:159,3
DA:160,1
DA:162,2
DA:163,2
DA:164,2
DA:165,1
DA:167,1
DA:182,7
DA:183,2
DA:186,5
DA:187,0
DA:189,5
DA:190,5
DA:192,5
DA:194,5
DA:196,5
DA:206,3
DA:207,1
DA:209,2
DA:211,2
DA:212,2
DA:213,2
DA:214,1
DA:217,1
DA:218,1
DA:220,1
DA:229,5
DA:230,4
DA:231,4
DA:232,3
DA:234,3
DA:235,3
DA:236,0
DA:239,3
DA:240,3
DA:241,1
DA:244,2
DA:245,2
DA:246,2
DA:248,2
LF:72
LH:70
BRDA:37,1,0,42
BRDA:37,1,1,2
BRDA:45,2,0,6
BRDA:45,2,1,0
BRDA:60,3,0,14
BRDA:60,3,1,1
BRDA:61,4,0,13
BRDA:61,4,1,1
BRDA:79,5,0,31
BRDA:79,5,1,1
BRDA:80,6,0,30
BRDA:80,6,1,1
BRDA:84,7,0,29
BRDA:84,7,1,1
BRDA:85,8,0,28
BRDA:85,8,1,1
BRDA:89,9,0,27
BRDA:89,9,1,1
BRDA:96,10,0,18
BRDA:96,10,1,9
BRDA:113,11,0,3
BRDA:113,11,1,1
BRDA:116,12,0,2
BRDA:116,12,1,1
BRDA:117,13,0,1
BRDA:117,13,1,1
BRDA:135,14,0,11
BRDA:135,14,1,1
BRDA:136,15,0,10
BRDA:136,15,1,1
BRDA:154,16,0,1
BRDA:154,16,1,3
BRDA:159,17,0,1
BRDA:159,17,1,2
BRDA:164,18,0,1
BRDA:164,18,1,1
BRDA:182,19,0,2
BRDA:182,19,1,5
BRDA:186,20,0,0
BRDA:186,20,1,5
BRDA:206,21,0,1
BRDA:206,21,1,2
BRDA:213,22,0,1
BRDA:213,22,1,1
BRDA:228,23,0,5
BRDA:228,23,1,0
BRDA:229,24,0,4
BRDA:229,24,1,1
BRDA:231,25,0,3
BRDA:231,25,1,1
BRDA:232,26,0,3
BRDA:232,26,1,0
BRDA:235,27,0,0
BRDA:235,27,1,3
BRDA:240,28,0,1
BRDA:240,28,1,2
BRF:56
BRH:51
end_of_record
TN:
SF:D:\Blockchain\wildlands\code\contracts\WildlandCards.sol
FN:47,constructor
FN:65,lock
FN:76,isCardAvailable
FN:93,cardIndex
FN:110,exists
FN:120,existsCode
FN:130,getTokenIdByCode
FN:140,getCodeByAddress
FN:151,mint
FN:184,generateCode
FN:195,_generateCode
FN:217,recoverNonFungibleToken
FN:228,recoverToken
FN:242,setBaseURI
FN:276,tokenURI
FN:295,supportsInterface
FNF:16
FNH:16
FNDA:9,constructor
FNDA:2,lock
FNDA:140,isCardAvailable
FNDA:9,cardIndex
FNDA:1,exists
FNDA:1,existsCode
FNDA:25,getTokenIdByCode
FNDA:27,getCodeByAddress
FNDA:139,mint
FNDA:3,generateCode
FNDA:137,_generateCode
FNDA:3,recoverNonFungibleToken
FNDA:2,recoverToken
FNDA:10,setBaseURI
FNDA:5,tokenURI
FNDA:1,supportsInterface
DA:49,9
DA:52,9
DA:53,9
DA:55,9
DA:56,9
DA:57,9
DA:58,9
DA:66,2
DA:67,1
DA:68,1
DA:77,140
DA:85,1
DA:94,9
DA:95,2
DA:97,2
DA:99,2
DA:101,2
DA:102,1
DA:112,1
DA:122,1
DA:132,25
DA:142,27
DA:152,139
DA:153,138
DA:154,136
DA:156,12
DA:157,12
DA:158,12
DA:162,4
DA:163,4
DA:164,4
DA:168,4
DA:169,4
DA:170,4
DA:174,116
DA:175,116
DA:176,116
DA:185,3
DA:186,2
DA:187,1
DA:196,137
DA:197,137
DA:200,0
DA:201,0
DA:206,137
DA:207,137
DA:208,137
DA:218,3
DA:220,1
DA:229,2
DA:230,2
DA:232,1
DA:234,1
DA:243,10
DA:244,9
DA:277,5
DA:279,4
DA:280,4
DA:282,1
DA:286,1
DA:290,1
DA:292,4
DA:296,1
LF:63
LH:61
BRDA:65,1,0,2
BRDA:65,1,1,1
BRDA:66,2,0,1
BRDA:66,2,1,1
BRDA:77,3,0,12
BRDA:77,3,1,128
BRDA:79,4,0,4
BRDA:79,4,1,124
BRDA:81,5,0,5
BRDA:81,5,1,119
BRDA:83,6,0,118
BRDA:83,6,1,1
BRDA:94,7,0,2
BRDA:94,7,1,7
BRDA:96,8,0,2
BRDA:96,8,1,5
BRDA:98,9,0,2
BRDA:98,9,1,3
BRDA:100,10,0,2
BRDA:100,10,1,1
BRDA:152,11,0,138
BRDA:152,11,1,1
BRDA:153,12,0,136
BRDA:153,12,1,2
BRDA:154,13,0,12
BRDA:154,13,1,124
BRDA:160,14,0,4
BRDA:160,14,1,120
BRDA:166,15,0,4
BRDA:166,15,1,116
BRDA:172,16,0,116
BRDA:172,16,1,0
BRDA:185,17,0,2
BRDA:185,17,1,1
BRDA:186,18,0,1
BRDA:186,18,1,1
BRDA:197,19,0,0
BRDA:197,19,1,137
BRDA:197,20,0,0
BRDA:197,20,1,0
BRDA:217,21,0,3
BRDA:217,21,1,1
BRDA:228,22,0,2
BRDA:228,22,1,1
BRDA:230,23,0,1
BRDA:230,23,1,1
BRDA:242,24,0,10
BRDA:242,24,1,1
BRDA:243,25,0,9
BRDA:243,25,1,1
BRDA:277,26,0,4
BRDA:277,26,1,1
BRDA:280,27,0,1
BRDA:280,27,1,3
BRDA:284,28,0,1
BRDA:284,28,1,2
BRDA:288,29,0,1
BRDA:288,29,1,1
BRDA:292,30,0,4
BRDA:292,30,1,0
BRF:60
BRH:55
end_of_record
